mode: set
github.com/ctjnkns/nand2tetris/10/jackanalyzer/main.go:33.67,34.19 1 1
github.com/ctjnkns/nand2tetris/10/jackanalyzer/main.go:34.19,36.3 1 0
github.com/ctjnkns/nand2tetris/10/jackanalyzer/main.go:38.2,41.16 3 1
github.com/ctjnkns/nand2tetris/10/jackanalyzer/main.go:41.16,43.3 1 0
github.com/ctjnkns/nand2tetris/10/jackanalyzer/main.go:45.2,48.18 3 1
github.com/ctjnkns/nand2tetris/10/jackanalyzer/main.go:48.18,51.17 3 1
github.com/ctjnkns/nand2tetris/10/jackanalyzer/main.go:51.17,53.4 1 0
github.com/ctjnkns/nand2tetris/10/jackanalyzer/main.go:55.3,55.33 1 1
github.com/ctjnkns/nand2tetris/10/jackanalyzer/main.go:55.33,57.4 1 0
github.com/ctjnkns/nand2tetris/10/jackanalyzer/main.go:59.3,59.35 1 1
github.com/ctjnkns/nand2tetris/10/jackanalyzer/main.go:61.8,63.3 1 1
github.com/ctjnkns/nand2tetris/10/jackanalyzer/main.go:65.2,67.41 2 1
github.com/ctjnkns/nand2tetris/10/jackanalyzer/main.go:67.41,68.45 1 1
github.com/ctjnkns/nand2tetris/10/jackanalyzer/main.go:68.45,71.4 2 0
github.com/ctjnkns/nand2tetris/10/jackanalyzer/main.go:74.2,74.15 1 1
github.com/ctjnkns/nand2tetris/10/jackanalyzer/main.go:77.51,79.16 2 1
github.com/ctjnkns/nand2tetris/10/jackanalyzer/main.go:79.16,81.3 1 0
github.com/ctjnkns/nand2tetris/10/jackanalyzer/main.go:83.2,86.20 3 1
github.com/ctjnkns/nand2tetris/10/jackanalyzer/main.go:86.20,88.3 1 1
github.com/ctjnkns/nand2tetris/10/jackanalyzer/main.go:90.2,93.16 3 1
github.com/ctjnkns/nand2tetris/10/jackanalyzer/main.go:93.16,95.3 1 0
github.com/ctjnkns/nand2tetris/10/jackanalyzer/main.go:97.2,110.12 5 1
github.com/ctjnkns/nand2tetris/10/jackanalyzer/main.go:113.13,114.41 1 0
github.com/ctjnkns/nand2tetris/10/jackanalyzer/main.go:114.41,116.3 1 0
github.com/ctjnkns/nand2tetris/10/jackanalyzer/main.go:119.31,121.20 2 1
github.com/ctjnkns/nand2tetris/10/jackanalyzer/main.go:121.20,124.3 2 0
github.com/ctjnkns/nand2tetris/10/jackanalyzer/main.go:125.2,127.39 2 1
github.com/ctjnkns/nand2tetris/10/jackanalyzer/main.go:127.39,129.3 1 0
github.com/ctjnkns/nand2tetris/10/jackanalyzer/main.go:131.2,132.16 2 1
github.com/ctjnkns/nand2tetris/10/jackanalyzer/main.go:132.16,134.3 1 0
github.com/ctjnkns/nand2tetris/10/jackanalyzer/main.go:135.2,137.15 2 1
github.com/ctjnkns/nand2tetris/10/jackanalyzer/main.go:137.15,139.3 1 1
github.com/ctjnkns/nand2tetris/10/jackanalyzer/main.go:141.2,141.20 1 1
github.com/ctjnkns/nand2tetris/10/jackanalyzer/main.go:144.37,145.45 1 1
github.com/ctjnkns/nand2tetris/10/jackanalyzer/main.go:145.45,149.45 3 1
github.com/ctjnkns/nand2tetris/10/jackanalyzer/main.go:149.45,152.45 2 1
github.com/ctjnkns/nand2tetris/10/jackanalyzer/main.go:153.27,155.39 2 1
github.com/ctjnkns/nand2tetris/10/jackanalyzer/main.go:156.26,158.39 2 1
github.com/ctjnkns/nand2tetris/10/jackanalyzer/main.go:159.30,161.39 2 1
github.com/ctjnkns/nand2tetris/10/jackanalyzer/main.go:162.29,164.39 2 1
github.com/ctjnkns/nand2tetris/10/jackanalyzer/main.go:165.32,167.39 2 1
github.com/ctjnkns/nand2tetris/10/jackanalyzer/main.go:168.12,169.83 1 0
github.com/ctjnkns/nand2tetris/10/jackanalyzer/main.go:173.3,174.37 2 1
github.com/ctjnkns/nand2tetris/10/jackanalyzer/main.go:176.2,176.12 1 1
github.com/ctjnkns/nand2tetris/10/jackanalyzer/main.go:179.36,180.45 1 1
github.com/ctjnkns/nand2tetris/10/jackanalyzer/main.go:180.45,183.17 2 1
github.com/ctjnkns/nand2tetris/10/jackanalyzer/main.go:183.17,185.4 1 0
github.com/ctjnkns/nand2tetris/10/jackanalyzer/main.go:187.2,187.12 1 1
github.com/ctjnkns/nand2tetris/10/jackanalyzer/main.go:190.33,196.2 5 1
github.com/ctjnkns/nand2tetris/10/jackanalyzer/main.go:198.28,199.45 1 1
github.com/ctjnkns/nand2tetris/10/jackanalyzer/main.go:199.45,201.17 2 1
github.com/ctjnkns/nand2tetris/10/jackanalyzer/main.go:201.17,203.4 1 0
github.com/ctjnkns/nand2tetris/10/jackanalyzer/main.go:205.3,205.53 1 1
github.com/ctjnkns/nand2tetris/10/jackanalyzer/main.go:205.53,207.4 1 0
github.com/ctjnkns/nand2tetris/10/jackanalyzer/compilationengine/class.go:9.51,12.48 2 1
github.com/ctjnkns/nand2tetris/10/jackanalyzer/compilationengine/class.go:12.48,14.3 1 0
github.com/ctjnkns/nand2tetris/10/jackanalyzer/compilationengine/class.go:16.2,18.49 2 1
github.com/ctjnkns/nand2tetris/10/jackanalyzer/compilationengine/class.go:18.49,20.3 1 0
github.com/ctjnkns/nand2tetris/10/jackanalyzer/compilationengine/class.go:23.2,23.45 1 1
github.com/ctjnkns/nand2tetris/10/jackanalyzer/compilationengine/class.go:23.45,25.3 1 0
github.com/ctjnkns/nand2tetris/10/jackanalyzer/compilationengine/class.go:28.2,28.44 1 1
github.com/ctjnkns/nand2tetris/10/jackanalyzer/compilationengine/class.go:28.44,30.3 1 0
github.com/ctjnkns/nand2tetris/10/jackanalyzer/compilationengine/class.go:32.2,32.49 1 1
github.com/ctjnkns/nand2tetris/10/jackanalyzer/compilationengine/class.go:32.49,34.3 1 0
github.com/ctjnkns/nand2tetris/10/jackanalyzer/compilationengine/class.go:36.2,36.48 1 1
github.com/ctjnkns/nand2tetris/10/jackanalyzer/compilationengine/class.go:36.48,38.3 1 0
github.com/ctjnkns/nand2tetris/10/jackanalyzer/compilationengine/class.go:40.2,40.44 1 1
github.com/ctjnkns/nand2tetris/10/jackanalyzer/compilationengine/class.go:40.44,42.3 1 0
github.com/ctjnkns/nand2tetris/10/jackanalyzer/compilationengine/class.go:44.2,48.12 3 1
github.com/ctjnkns/nand2tetris/10/jackanalyzer/compilationengine/class.go:51.57,53.16 2 1
github.com/ctjnkns/nand2tetris/10/jackanalyzer/compilationengine/class.go:53.16,55.3 1 0
github.com/ctjnkns/nand2tetris/10/jackanalyzer/compilationengine/class.go:57.2,57.53 1 1
github.com/ctjnkns/nand2tetris/10/jackanalyzer/compilationengine/class.go:57.53,59.3 1 0
github.com/ctjnkns/nand2tetris/10/jackanalyzer/compilationengine/class.go:61.2,61.54 1 1
github.com/ctjnkns/nand2tetris/10/jackanalyzer/compilationengine/class.go:61.54,63.3 1 0
github.com/ctjnkns/nand2tetris/10/jackanalyzer/compilationengine/class.go:65.2,67.41 2 1
github.com/ctjnkns/nand2tetris/10/jackanalyzer/compilationengine/class.go:67.41,69.3 1 0
github.com/ctjnkns/nand2tetris/10/jackanalyzer/compilationengine/class.go:71.2,73.39 2 1
github.com/ctjnkns/nand2tetris/10/jackanalyzer/compilationengine/class.go:76.58,77.84 1 1
github.com/ctjnkns/nand2tetris/10/jackanalyzer/compilationengine/class.go:77.84,79.17 2 1
github.com/ctjnkns/nand2tetris/10/jackanalyzer/compilationengine/class.go:79.17,81.4 1 0
github.com/ctjnkns/nand2tetris/10/jackanalyzer/compilationengine/class.go:83.3,83.54 1 1
github.com/ctjnkns/nand2tetris/10/jackanalyzer/compilationengine/class.go:83.54,85.4 1 1
github.com/ctjnkns/nand2tetris/10/jackanalyzer/compilationengine/class.go:87.3,87.49 1 1
github.com/ctjnkns/nand2tetris/10/jackanalyzer/compilationengine/class.go:87.49,89.4 1 0
github.com/ctjnkns/nand2tetris/10/jackanalyzer/compilationengine/class.go:92.2,92.12 1 0
github.com/ctjnkns/nand2tetris/10/jackanalyzer/compilationengine/compilationengine.go:35.100,43.2 2 1
github.com/ctjnkns/nand2tetris/10/jackanalyzer/compilationengine/compilationengine.go:45.54,46.51 1 1
github.com/ctjnkns/nand2tetris/10/jackanalyzer/compilationengine/compilationengine.go:46.51,48.17 2 1
github.com/ctjnkns/nand2tetris/10/jackanalyzer/compilationengine/compilationengine.go:48.17,50.4 1 0
github.com/ctjnkns/nand2tetris/10/jackanalyzer/compilationengine/compilationengine.go:51.3,51.27 1 1
github.com/ctjnkns/nand2tetris/10/jackanalyzer/compilationengine/compilationengine.go:51.27,53.4 1 1
github.com/ctjnkns/nand2tetris/10/jackanalyzer/compilationengine/compilationengine.go:55.2,55.23 1 1
github.com/ctjnkns/nand2tetris/10/jackanalyzer/compilationengine/compilationengine.go:58.48,60.59 2 1
github.com/ctjnkns/nand2tetris/10/jackanalyzer/compilationengine/compilationengine.go:60.59,62.3 1 0
github.com/ctjnkns/nand2tetris/10/jackanalyzer/compilationengine/compilationengine.go:64.2,64.29 1 1
github.com/ctjnkns/nand2tetris/10/jackanalyzer/compilationengine/compilationengine.go:64.29,66.17 2 1
github.com/ctjnkns/nand2tetris/10/jackanalyzer/compilationengine/compilationengine.go:66.17,68.4 1 0
github.com/ctjnkns/nand2tetris/10/jackanalyzer/compilationengine/compilationengine.go:70.3,70.77 1 1
github.com/ctjnkns/nand2tetris/10/jackanalyzer/compilationengine/compilationengine.go:70.77,72.4 1 0
github.com/ctjnkns/nand2tetris/10/jackanalyzer/compilationengine/compilationengine.go:74.2,74.65 1 1
github.com/ctjnkns/nand2tetris/10/jackanalyzer/compilationengine/compilationengine.go:77.50,79.44 1 1
github.com/ctjnkns/nand2tetris/10/jackanalyzer/compilationengine/compilationengine.go:79.44,81.3 1 0
github.com/ctjnkns/nand2tetris/10/jackanalyzer/compilationengine/compilationengine.go:84.2,84.39 1 1
github.com/ctjnkns/nand2tetris/10/jackanalyzer/compilationengine/compilationengine.go:84.39,86.3 1 0
github.com/ctjnkns/nand2tetris/10/jackanalyzer/compilationengine/compilationengine.go:89.2,89.45 1 1
github.com/ctjnkns/nand2tetris/10/jackanalyzer/compilationengine/compilationengine.go:89.45,91.3 1 0
github.com/ctjnkns/nand2tetris/10/jackanalyzer/compilationengine/compilationengine.go:94.2,94.82 1 1
github.com/ctjnkns/nand2tetris/10/jackanalyzer/compilationengine/compilationengine.go:94.82,95.45 1 1
github.com/ctjnkns/nand2tetris/10/jackanalyzer/compilationengine/compilationengine.go:95.45,97.4 1 0
github.com/ctjnkns/nand2tetris/10/jackanalyzer/compilationengine/compilationengine.go:99.3,99.46 1 1
github.com/ctjnkns/nand2tetris/10/jackanalyzer/compilationengine/compilationengine.go:99.46,101.4 1 0
github.com/ctjnkns/nand2tetris/10/jackanalyzer/compilationengine/compilationengine.go:104.2,104.28 1 1
github.com/ctjnkns/nand2tetris/10/jackanalyzer/compilationengine/compilationengine.go:107.58,109.2 1 1
github.com/ctjnkns/nand2tetris/10/jackanalyzer/compilationengine/compilationengine.go:111.59,113.2 1 1
github.com/ctjnkns/nand2tetris/10/jackanalyzer/compilationengine/compilationengine.go:115.54,117.2 1 1
github.com/ctjnkns/nand2tetris/10/jackanalyzer/compilationengine/compilationengine.go:119.100,120.112 1 1
github.com/ctjnkns/nand2tetris/10/jackanalyzer/compilationengine/compilationengine.go:120.112,122.3 1 0
github.com/ctjnkns/nand2tetris/10/jackanalyzer/compilationengine/compilationengine.go:124.2,124.158 1 1
github.com/ctjnkns/nand2tetris/10/jackanalyzer/compilationengine/compilationengine.go:127.69,128.43 1 1
github.com/ctjnkns/nand2tetris/10/jackanalyzer/compilationengine/compilationengine.go:128.43,130.3 1 0
github.com/ctjnkns/nand2tetris/10/jackanalyzer/compilationengine/compilationengine.go:132.2,132.29 1 1
github.com/ctjnkns/nand2tetris/10/jackanalyzer/compilationengine/compilationengine.go:135.59,138.16 3 1
github.com/ctjnkns/nand2tetris/10/jackanalyzer/compilationengine/compilationengine.go:138.16,140.3 1 0
github.com/ctjnkns/nand2tetris/10/jackanalyzer/compilationengine/compilationengine.go:141.2,142.16 2 1
github.com/ctjnkns/nand2tetris/10/jackanalyzer/compilationengine/compilationengine.go:142.16,144.3 1 0
github.com/ctjnkns/nand2tetris/10/jackanalyzer/compilationengine/compilationengine.go:146.2,146.12 1 1
github.com/ctjnkns/nand2tetris/10/jackanalyzer/compilationengine/compilationengine.go:149.54,150.34 1 1
github.com/ctjnkns/nand2tetris/10/jackanalyzer/compilationengine/compilationengine.go:150.34,152.3 1 1
github.com/ctjnkns/nand2tetris/10/jackanalyzer/compilationengine/compilationengine.go:154.2,154.12 1 1
github.com/ctjnkns/nand2tetris/10/jackanalyzer/compilationengine/compilationengine.go:157.33,163.2 5 1
github.com/ctjnkns/nand2tetris/10/jackanalyzer/compilationengine/expressions.go:5.56,6.53 1 1
github.com/ctjnkns/nand2tetris/10/jackanalyzer/compilationengine/expressions.go:6.53,8.3 1 0
github.com/ctjnkns/nand2tetris/10/jackanalyzer/compilationengine/expressions.go:10.2,12.41 2 1
github.com/ctjnkns/nand2tetris/10/jackanalyzer/compilationengine/expressions.go:12.41,14.3 1 0
github.com/ctjnkns/nand2tetris/10/jackanalyzer/compilationengine/expressions.go:16.2,16.33 1 1
github.com/ctjnkns/nand2tetris/10/jackanalyzer/compilationengine/expressions.go:16.33,17.62 1 1
github.com/ctjnkns/nand2tetris/10/jackanalyzer/compilationengine/expressions.go:17.62,19.4 1 0
github.com/ctjnkns/nand2tetris/10/jackanalyzer/compilationengine/expressions.go:20.3,20.42 1 1
github.com/ctjnkns/nand2tetris/10/jackanalyzer/compilationengine/expressions.go:20.42,22.4 1 0
github.com/ctjnkns/nand2tetris/10/jackanalyzer/compilationengine/expressions.go:25.2,27.38 2 1
github.com/ctjnkns/nand2tetris/10/jackanalyzer/compilationengine/expressions.go:30.26,31.11 1 1
github.com/ctjnkns/nand2tetris/10/jackanalyzer/compilationengine/expressions.go:32.51,33.14 1 1
github.com/ctjnkns/nand2tetris/10/jackanalyzer/compilationengine/expressions.go:35.2,35.14 1 1
github.com/ctjnkns/nand2tetris/10/jackanalyzer/compilationengine/expressions.go:38.50,39.47 1 1
github.com/ctjnkns/nand2tetris/10/jackanalyzer/compilationengine/expressions.go:39.47,41.3 1 0
github.com/ctjnkns/nand2tetris/10/jackanalyzer/compilationengine/expressions.go:43.2,45.34 2 1
github.com/ctjnkns/nand2tetris/10/jackanalyzer/compilationengine/expressions.go:46.27,47.77 1 1
github.com/ctjnkns/nand2tetris/10/jackanalyzer/compilationengine/expressions.go:47.77,49.4 1 0
github.com/ctjnkns/nand2tetris/10/jackanalyzer/compilationengine/expressions.go:50.30,51.80 1 1
github.com/ctjnkns/nand2tetris/10/jackanalyzer/compilationengine/expressions.go:51.80,53.4 1 0
github.com/ctjnkns/nand2tetris/10/jackanalyzer/compilationengine/expressions.go:54.25,55.45 1 1
github.com/ctjnkns/nand2tetris/10/jackanalyzer/compilationengine/expressions.go:55.45,57.4 1 0
github.com/ctjnkns/nand2tetris/10/jackanalyzer/compilationengine/expressions.go:58.28,59.46 1 1
github.com/ctjnkns/nand2tetris/10/jackanalyzer/compilationengine/expressions.go:59.46,61.4 1 0
github.com/ctjnkns/nand2tetris/10/jackanalyzer/compilationengine/expressions.go:63.3,63.31 1 1
github.com/ctjnkns/nand2tetris/10/jackanalyzer/compilationengine/expressions.go:64.12,65.46 1 1
github.com/ctjnkns/nand2tetris/10/jackanalyzer/compilationengine/expressions.go:65.46,67.5 1 0
github.com/ctjnkns/nand2tetris/10/jackanalyzer/compilationengine/expressions.go:68.4,68.49 1 1
github.com/ctjnkns/nand2tetris/10/jackanalyzer/compilationengine/expressions.go:68.49,70.5 1 0
github.com/ctjnkns/nand2tetris/10/jackanalyzer/compilationengine/expressions.go:71.4,71.46 1 1
github.com/ctjnkns/nand2tetris/10/jackanalyzer/compilationengine/expressions.go:71.46,73.5 1 0
github.com/ctjnkns/nand2tetris/10/jackanalyzer/compilationengine/expressions.go:74.12,75.46 1 0
github.com/ctjnkns/nand2tetris/10/jackanalyzer/compilationengine/expressions.go:75.46,77.5 1 0
github.com/ctjnkns/nand2tetris/10/jackanalyzer/compilationengine/expressions.go:78.4,78.53 1 0
github.com/ctjnkns/nand2tetris/10/jackanalyzer/compilationengine/expressions.go:78.53,80.5 1 0
github.com/ctjnkns/nand2tetris/10/jackanalyzer/compilationengine/expressions.go:81.4,81.46 1 0
github.com/ctjnkns/nand2tetris/10/jackanalyzer/compilationengine/expressions.go:81.46,83.5 1 0
github.com/ctjnkns/nand2tetris/10/jackanalyzer/compilationengine/expressions.go:84.12,85.46 1 1
github.com/ctjnkns/nand2tetris/10/jackanalyzer/compilationengine/expressions.go:85.46,87.5 1 0
github.com/ctjnkns/nand2tetris/10/jackanalyzer/compilationengine/expressions.go:88.4,88.47 1 1
github.com/ctjnkns/nand2tetris/10/jackanalyzer/compilationengine/expressions.go:88.47,90.5 1 0
github.com/ctjnkns/nand2tetris/10/jackanalyzer/compilationengine/expressions.go:91.4,91.46 1 1
github.com/ctjnkns/nand2tetris/10/jackanalyzer/compilationengine/expressions.go:91.46,93.5 1 0
github.com/ctjnkns/nand2tetris/10/jackanalyzer/compilationengine/expressions.go:94.4,94.53 1 1
github.com/ctjnkns/nand2tetris/10/jackanalyzer/compilationengine/expressions.go:94.53,96.5 1 0
github.com/ctjnkns/nand2tetris/10/jackanalyzer/compilationengine/expressions.go:97.4,97.46 1 1
github.com/ctjnkns/nand2tetris/10/jackanalyzer/compilationengine/expressions.go:97.46,99.5 1 0
github.com/ctjnkns/nand2tetris/10/jackanalyzer/compilationengine/expressions.go:101.24,102.34 1 1
github.com/ctjnkns/nand2tetris/10/jackanalyzer/compilationengine/expressions.go:102.34,103.46 1 1
github.com/ctjnkns/nand2tetris/10/jackanalyzer/compilationengine/expressions.go:103.46,105.5 1 0
github.com/ctjnkns/nand2tetris/10/jackanalyzer/compilationengine/expressions.go:106.4,106.49 1 1
github.com/ctjnkns/nand2tetris/10/jackanalyzer/compilationengine/expressions.go:106.49,108.5 1 0
github.com/ctjnkns/nand2tetris/10/jackanalyzer/compilationengine/expressions.go:109.4,109.46 1 1
github.com/ctjnkns/nand2tetris/10/jackanalyzer/compilationengine/expressions.go:109.46,111.5 1 0
github.com/ctjnkns/nand2tetris/10/jackanalyzer/compilationengine/expressions.go:112.9,114.63 1 1
github.com/ctjnkns/nand2tetris/10/jackanalyzer/compilationengine/expressions.go:114.63,116.5 1 0
github.com/ctjnkns/nand2tetris/10/jackanalyzer/compilationengine/expressions.go:117.4,117.43 1 1
github.com/ctjnkns/nand2tetris/10/jackanalyzer/compilationengine/expressions.go:117.43,119.5 1 0
github.com/ctjnkns/nand2tetris/10/jackanalyzer/compilationengine/expressions.go:123.2,125.32 2 1
github.com/ctjnkns/nand2tetris/10/jackanalyzer/compilationengine/expressions.go:128.60,129.45 1 1
github.com/ctjnkns/nand2tetris/10/jackanalyzer/compilationengine/expressions.go:129.45,131.3 1 0
github.com/ctjnkns/nand2tetris/10/jackanalyzer/compilationengine/expressions.go:134.2,134.33 1 1
github.com/ctjnkns/nand2tetris/10/jackanalyzer/compilationengine/expressions.go:134.33,135.45 1 1
github.com/ctjnkns/nand2tetris/10/jackanalyzer/compilationengine/expressions.go:135.45,137.4 1 0
github.com/ctjnkns/nand2tetris/10/jackanalyzer/compilationengine/expressions.go:138.3,138.46 1 1
github.com/ctjnkns/nand2tetris/10/jackanalyzer/compilationengine/expressions.go:138.46,140.4 1 0
github.com/ctjnkns/nand2tetris/10/jackanalyzer/compilationengine/expressions.go:143.2,143.44 1 1
github.com/ctjnkns/nand2tetris/10/jackanalyzer/compilationengine/expressions.go:143.44,145.3 1 0
github.com/ctjnkns/nand2tetris/10/jackanalyzer/compilationengine/expressions.go:147.2,147.51 1 1
github.com/ctjnkns/nand2tetris/10/jackanalyzer/compilationengine/expressions.go:147.51,149.3 1 0
github.com/ctjnkns/nand2tetris/10/jackanalyzer/compilationengine/expressions.go:151.2,151.44 1 1
github.com/ctjnkns/nand2tetris/10/jackanalyzer/compilationengine/expressions.go:151.44,153.3 1 0
github.com/ctjnkns/nand2tetris/10/jackanalyzer/compilationengine/expressions.go:155.2,155.12 1 1
github.com/ctjnkns/nand2tetris/10/jackanalyzer/compilationengine/expressions.go:158.60,159.57 1 1
github.com/ctjnkns/nand2tetris/10/jackanalyzer/compilationengine/expressions.go:159.57,161.3 1 0
github.com/ctjnkns/nand2tetris/10/jackanalyzer/compilationengine/expressions.go:163.2,165.33 2 1
github.com/ctjnkns/nand2tetris/10/jackanalyzer/compilationengine/expressions.go:165.33,166.48 1 1
github.com/ctjnkns/nand2tetris/10/jackanalyzer/compilationengine/expressions.go:166.48,168.4 1 0
github.com/ctjnkns/nand2tetris/10/jackanalyzer/compilationengine/expressions.go:169.3,169.35 1 1
github.com/ctjnkns/nand2tetris/10/jackanalyzer/compilationengine/expressions.go:169.35,170.46 1 1
github.com/ctjnkns/nand2tetris/10/jackanalyzer/compilationengine/expressions.go:170.46,172.5 1 0
github.com/ctjnkns/nand2tetris/10/jackanalyzer/compilationengine/expressions.go:173.4,173.49 1 1
github.com/ctjnkns/nand2tetris/10/jackanalyzer/compilationengine/expressions.go:173.49,175.5 1 0
github.com/ctjnkns/nand2tetris/10/jackanalyzer/compilationengine/expressions.go:179.2,181.42 2 1
github.com/ctjnkns/nand2tetris/10/jackanalyzer/compilationengine/statements.go:7.56,8.53 1 1
github.com/ctjnkns/nand2tetris/10/jackanalyzer/compilationengine/statements.go:8.53,10.3 1 0
github.com/ctjnkns/nand2tetris/10/jackanalyzer/compilationengine/statements.go:12.2,14.84 2 1
github.com/ctjnkns/nand2tetris/10/jackanalyzer/compilationengine/statements.go:14.84,16.17 2 1
github.com/ctjnkns/nand2tetris/10/jackanalyzer/compilationengine/statements.go:16.17,18.4 1 0
github.com/ctjnkns/nand2tetris/10/jackanalyzer/compilationengine/statements.go:20.3,20.13 1 1
github.com/ctjnkns/nand2tetris/10/jackanalyzer/compilationengine/statements.go:21.22,22.42 1 1
github.com/ctjnkns/nand2tetris/10/jackanalyzer/compilationengine/statements.go:22.42,24.5 1 0
github.com/ctjnkns/nand2tetris/10/jackanalyzer/compilationengine/statements.go:25.21,26.41 1 1
github.com/ctjnkns/nand2tetris/10/jackanalyzer/compilationengine/statements.go:26.41,28.5 1 0
github.com/ctjnkns/nand2tetris/10/jackanalyzer/compilationengine/statements.go:29.24,30.44 1 1
github.com/ctjnkns/nand2tetris/10/jackanalyzer/compilationengine/statements.go:30.44,32.5 1 0
github.com/ctjnkns/nand2tetris/10/jackanalyzer/compilationengine/statements.go:33.21,34.41 1 1
github.com/ctjnkns/nand2tetris/10/jackanalyzer/compilationengine/statements.go:34.41,36.5 1 0
github.com/ctjnkns/nand2tetris/10/jackanalyzer/compilationengine/statements.go:37.25,38.45 1 1
github.com/ctjnkns/nand2tetris/10/jackanalyzer/compilationengine/statements.go:38.45,40.5 1 0
github.com/ctjnkns/nand2tetris/10/jackanalyzer/compilationengine/statements.go:44.2,46.38 2 1
github.com/ctjnkns/nand2tetris/10/jackanalyzer/compilationengine/statements.go:49.49,50.55 1 1
github.com/ctjnkns/nand2tetris/10/jackanalyzer/compilationengine/statements.go:50.55,52.3 1 0
github.com/ctjnkns/nand2tetris/10/jackanalyzer/compilationengine/statements.go:54.2,56.47 2 1
github.com/ctjnkns/nand2tetris/10/jackanalyzer/compilationengine/statements.go:56.47,58.3 1 0
github.com/ctjnkns/nand2tetris/10/jackanalyzer/compilationengine/statements.go:61.2,61.45 1 1
github.com/ctjnkns/nand2tetris/10/jackanalyzer/compilationengine/statements.go:61.45,63.3 1 0
github.com/ctjnkns/nand2tetris/10/jackanalyzer/compilationengine/statements.go:65.2,65.33 1 1
github.com/ctjnkns/nand2tetris/10/jackanalyzer/compilationengine/statements.go:65.33,66.45 1 1
github.com/ctjnkns/nand2tetris/10/jackanalyzer/compilationengine/statements.go:66.45,68.4 1 0
github.com/ctjnkns/nand2tetris/10/jackanalyzer/compilationengine/statements.go:69.3,69.48 1 1
github.com/ctjnkns/nand2tetris/10/jackanalyzer/compilationengine/statements.go:69.48,71.4 1 0
github.com/ctjnkns/nand2tetris/10/jackanalyzer/compilationengine/statements.go:72.3,72.45 1 1
github.com/ctjnkns/nand2tetris/10/jackanalyzer/compilationengine/statements.go:72.45,74.4 1 0
github.com/ctjnkns/nand2tetris/10/jackanalyzer/compilationengine/statements.go:77.2,77.44 1 1
github.com/ctjnkns/nand2tetris/10/jackanalyzer/compilationengine/statements.go:77.44,79.3 1 0
github.com/ctjnkns/nand2tetris/10/jackanalyzer/compilationengine/statements.go:81.2,81.47 1 1
github.com/ctjnkns/nand2tetris/10/jackanalyzer/compilationengine/statements.go:81.47,83.3 1 0
github.com/ctjnkns/nand2tetris/10/jackanalyzer/compilationengine/statements.go:85.2,85.44 1 1
github.com/ctjnkns/nand2tetris/10/jackanalyzer/compilationengine/statements.go:85.44,87.3 1 0
github.com/ctjnkns/nand2tetris/10/jackanalyzer/compilationengine/statements.go:89.2,91.40 2 1
github.com/ctjnkns/nand2tetris/10/jackanalyzer/compilationengine/statements.go:94.48,95.54 1 1
github.com/ctjnkns/nand2tetris/10/jackanalyzer/compilationengine/statements.go:95.54,97.3 1 0
github.com/ctjnkns/nand2tetris/10/jackanalyzer/compilationengine/statements.go:99.2,101.46 2 1
github.com/ctjnkns/nand2tetris/10/jackanalyzer/compilationengine/statements.go:101.46,103.3 1 0
github.com/ctjnkns/nand2tetris/10/jackanalyzer/compilationengine/statements.go:105.2,105.44 1 1
github.com/ctjnkns/nand2tetris/10/jackanalyzer/compilationengine/statements.go:105.44,107.3 1 0
github.com/ctjnkns/nand2tetris/10/jackanalyzer/compilationengine/statements.go:109.2,109.47 1 1
github.com/ctjnkns/nand2tetris/10/jackanalyzer/compilationengine/statements.go:109.47,111.3 1 0
github.com/ctjnkns/nand2tetris/10/jackanalyzer/compilationengine/statements.go:113.2,113.44 1 1
github.com/ctjnkns/nand2tetris/10/jackanalyzer/compilationengine/statements.go:113.44,115.3 1 0
github.com/ctjnkns/nand2tetris/10/jackanalyzer/compilationengine/statements.go:117.2,117.44 1 1
github.com/ctjnkns/nand2tetris/10/jackanalyzer/compilationengine/statements.go:117.44,119.3 1 0
github.com/ctjnkns/nand2tetris/10/jackanalyzer/compilationengine/statements.go:121.2,121.47 1 1
github.com/ctjnkns/nand2tetris/10/jackanalyzer/compilationengine/statements.go:121.47,123.3 1 0
github.com/ctjnkns/nand2tetris/10/jackanalyzer/compilationengine/statements.go:125.2,125.44 1 1
github.com/ctjnkns/nand2tetris/10/jackanalyzer/compilationengine/statements.go:125.44,127.3 1 0
github.com/ctjnkns/nand2tetris/10/jackanalyzer/compilationengine/statements.go:129.2,129.51 1 1
github.com/ctjnkns/nand2tetris/10/jackanalyzer/compilationengine/statements.go:129.51,131.17 2 1
github.com/ctjnkns/nand2tetris/10/jackanalyzer/compilationengine/statements.go:131.17,133.4 1 0
github.com/ctjnkns/nand2tetris/10/jackanalyzer/compilationengine/statements.go:135.3,135.27 1 1
github.com/ctjnkns/nand2tetris/10/jackanalyzer/compilationengine/statements.go:135.27,136.50 1 1
github.com/ctjnkns/nand2tetris/10/jackanalyzer/compilationengine/statements.go:136.50,138.5 1 0
github.com/ctjnkns/nand2tetris/10/jackanalyzer/compilationengine/statements.go:140.4,140.46 1 1
github.com/ctjnkns/nand2tetris/10/jackanalyzer/compilationengine/statements.go:140.46,142.5 1 0
github.com/ctjnkns/nand2tetris/10/jackanalyzer/compilationengine/statements.go:144.4,144.49 1 1
github.com/ctjnkns/nand2tetris/10/jackanalyzer/compilationengine/statements.go:144.49,146.5 1 0
github.com/ctjnkns/nand2tetris/10/jackanalyzer/compilationengine/statements.go:148.4,148.46 1 1
github.com/ctjnkns/nand2tetris/10/jackanalyzer/compilationengine/statements.go:148.46,150.5 1 0
github.com/ctjnkns/nand2tetris/10/jackanalyzer/compilationengine/statements.go:154.2,156.39 2 1
github.com/ctjnkns/nand2tetris/10/jackanalyzer/compilationengine/statements.go:159.51,160.57 1 1
github.com/ctjnkns/nand2tetris/10/jackanalyzer/compilationengine/statements.go:160.57,162.3 1 0
github.com/ctjnkns/nand2tetris/10/jackanalyzer/compilationengine/statements.go:164.2,166.49 2 1
github.com/ctjnkns/nand2tetris/10/jackanalyzer/compilationengine/statements.go:166.49,168.3 1 0
github.com/ctjnkns/nand2tetris/10/jackanalyzer/compilationengine/statements.go:170.2,170.44 1 1
github.com/ctjnkns/nand2tetris/10/jackanalyzer/compilationengine/statements.go:170.44,172.3 1 0
github.com/ctjnkns/nand2tetris/10/jackanalyzer/compilationengine/statements.go:174.2,174.47 1 1
github.com/ctjnkns/nand2tetris/10/jackanalyzer/compilationengine/statements.go:174.47,176.3 1 0
github.com/ctjnkns/nand2tetris/10/jackanalyzer/compilationengine/statements.go:178.2,178.44 1 1
github.com/ctjnkns/nand2tetris/10/jackanalyzer/compilationengine/statements.go:178.44,180.3 1 0
github.com/ctjnkns/nand2tetris/10/jackanalyzer/compilationengine/statements.go:182.2,182.44 1 1
github.com/ctjnkns/nand2tetris/10/jackanalyzer/compilationengine/statements.go:182.44,184.3 1 0
github.com/ctjnkns/nand2tetris/10/jackanalyzer/compilationengine/statements.go:186.2,186.47 1 1
github.com/ctjnkns/nand2tetris/10/jackanalyzer/compilationengine/statements.go:186.47,188.3 1 0
github.com/ctjnkns/nand2tetris/10/jackanalyzer/compilationengine/statements.go:190.2,190.44 1 1
github.com/ctjnkns/nand2tetris/10/jackanalyzer/compilationengine/statements.go:190.44,192.3 1 0
github.com/ctjnkns/nand2tetris/10/jackanalyzer/compilationengine/statements.go:194.2,196.58 2 1
github.com/ctjnkns/nand2tetris/10/jackanalyzer/compilationengine/statements.go:196.58,198.3 1 0
github.com/ctjnkns/nand2tetris/10/jackanalyzer/compilationengine/statements.go:200.2,200.12 1 1
github.com/ctjnkns/nand2tetris/10/jackanalyzer/compilationengine/statements.go:203.48,204.54 1 1
github.com/ctjnkns/nand2tetris/10/jackanalyzer/compilationengine/statements.go:204.54,206.3 1 0
github.com/ctjnkns/nand2tetris/10/jackanalyzer/compilationengine/statements.go:208.2,210.46 2 1
github.com/ctjnkns/nand2tetris/10/jackanalyzer/compilationengine/statements.go:210.46,212.3 1 0
github.com/ctjnkns/nand2tetris/10/jackanalyzer/compilationengine/statements.go:214.2,214.51 1 1
github.com/ctjnkns/nand2tetris/10/jackanalyzer/compilationengine/statements.go:214.51,216.3 1 0
github.com/ctjnkns/nand2tetris/10/jackanalyzer/compilationengine/statements.go:218.2,218.44 1 1
github.com/ctjnkns/nand2tetris/10/jackanalyzer/compilationengine/statements.go:218.44,220.3 1 0
github.com/ctjnkns/nand2tetris/10/jackanalyzer/compilationengine/statements.go:222.2,224.39 2 1
github.com/ctjnkns/nand2tetris/10/jackanalyzer/compilationengine/statements.go:227.52,228.58 1 1
github.com/ctjnkns/nand2tetris/10/jackanalyzer/compilationengine/statements.go:228.58,230.3 1 0
github.com/ctjnkns/nand2tetris/10/jackanalyzer/compilationengine/statements.go:232.2,234.50 2 1
github.com/ctjnkns/nand2tetris/10/jackanalyzer/compilationengine/statements.go:234.50,236.3 1 0
github.com/ctjnkns/nand2tetris/10/jackanalyzer/compilationengine/statements.go:238.2,238.33 1 1
github.com/ctjnkns/nand2tetris/10/jackanalyzer/compilationengine/statements.go:238.33,239.48 1 1
github.com/ctjnkns/nand2tetris/10/jackanalyzer/compilationengine/statements.go:239.48,241.4 1 0
github.com/ctjnkns/nand2tetris/10/jackanalyzer/compilationengine/statements.go:244.2,244.44 1 1
github.com/ctjnkns/nand2tetris/10/jackanalyzer/compilationengine/statements.go:244.44,246.3 1 0
github.com/ctjnkns/nand2tetris/10/jackanalyzer/compilationengine/statements.go:248.2,250.43 2 1
github.com/ctjnkns/nand2tetris/10/jackanalyzer/compilationengine/subroutine.go:9.56,10.51 1 1
github.com/ctjnkns/nand2tetris/10/jackanalyzer/compilationengine/subroutine.go:10.51,12.3 1 0
github.com/ctjnkns/nand2tetris/10/jackanalyzer/compilationengine/subroutine.go:14.2,15.16 2 1
github.com/ctjnkns/nand2tetris/10/jackanalyzer/compilationengine/subroutine.go:15.16,17.3 1 0
github.com/ctjnkns/nand2tetris/10/jackanalyzer/compilationengine/subroutine.go:19.2,19.87 1 1
github.com/ctjnkns/nand2tetris/10/jackanalyzer/compilationengine/subroutine.go:19.87,21.3 1 0
github.com/ctjnkns/nand2tetris/10/jackanalyzer/compilationengine/subroutine.go:23.2,23.56 1 1
github.com/ctjnkns/nand2tetris/10/jackanalyzer/compilationengine/subroutine.go:23.56,25.3 1 0
github.com/ctjnkns/nand2tetris/10/jackanalyzer/compilationengine/subroutine.go:27.2,30.44 2 1
github.com/ctjnkns/nand2tetris/10/jackanalyzer/compilationengine/subroutine.go:30.44,32.3 1 0
github.com/ctjnkns/nand2tetris/10/jackanalyzer/compilationengine/subroutine.go:35.2,35.45 1 1
github.com/ctjnkns/nand2tetris/10/jackanalyzer/compilationengine/subroutine.go:35.45,37.3 1 0
github.com/ctjnkns/nand2tetris/10/jackanalyzer/compilationengine/subroutine.go:40.2,40.45 1 1
github.com/ctjnkns/nand2tetris/10/jackanalyzer/compilationengine/subroutine.go:40.45,42.3 1 0
github.com/ctjnkns/nand2tetris/10/jackanalyzer/compilationengine/subroutine.go:44.2,44.44 1 1
github.com/ctjnkns/nand2tetris/10/jackanalyzer/compilationengine/subroutine.go:44.44,46.3 1 0
github.com/ctjnkns/nand2tetris/10/jackanalyzer/compilationengine/subroutine.go:48.2,48.50 1 1
github.com/ctjnkns/nand2tetris/10/jackanalyzer/compilationengine/subroutine.go:48.50,50.3 1 0
github.com/ctjnkns/nand2tetris/10/jackanalyzer/compilationengine/subroutine.go:52.2,52.44 1 1
github.com/ctjnkns/nand2tetris/10/jackanalyzer/compilationengine/subroutine.go:52.44,54.3 1 0
github.com/ctjnkns/nand2tetris/10/jackanalyzer/compilationengine/subroutine.go:56.2,56.51 1 1
github.com/ctjnkns/nand2tetris/10/jackanalyzer/compilationengine/subroutine.go:56.51,58.3 1 0
github.com/ctjnkns/nand2tetris/10/jackanalyzer/compilationengine/subroutine.go:60.2,62.41 2 1
github.com/ctjnkns/nand2tetris/10/jackanalyzer/compilationengine/subroutine.go:65.60,66.57 1 1
github.com/ctjnkns/nand2tetris/10/jackanalyzer/compilationengine/subroutine.go:66.57,68.3 1 0
github.com/ctjnkns/nand2tetris/10/jackanalyzer/compilationengine/subroutine.go:70.2,72.44 2 1
github.com/ctjnkns/nand2tetris/10/jackanalyzer/compilationengine/subroutine.go:72.44,74.3 1 0
github.com/ctjnkns/nand2tetris/10/jackanalyzer/compilationengine/subroutine.go:76.2,76.44 1 1
github.com/ctjnkns/nand2tetris/10/jackanalyzer/compilationengine/subroutine.go:76.44,78.3 1 0
github.com/ctjnkns/nand2tetris/10/jackanalyzer/compilationengine/subroutine.go:80.2,80.47 1 1
github.com/ctjnkns/nand2tetris/10/jackanalyzer/compilationengine/subroutine.go:80.47,82.3 1 0
github.com/ctjnkns/nand2tetris/10/jackanalyzer/compilationengine/subroutine.go:84.2,84.44 1 1
github.com/ctjnkns/nand2tetris/10/jackanalyzer/compilationengine/subroutine.go:84.44,86.3 1 0
github.com/ctjnkns/nand2tetris/10/jackanalyzer/compilationengine/subroutine.go:88.2,90.42 2 1
github.com/ctjnkns/nand2tetris/10/jackanalyzer/compilationengine/subroutine.go:93.59,94.56 1 1
github.com/ctjnkns/nand2tetris/10/jackanalyzer/compilationengine/subroutine.go:94.56,96.3 1 0
github.com/ctjnkns/nand2tetris/10/jackanalyzer/compilationengine/subroutine.go:98.2,100.33 2 1
github.com/ctjnkns/nand2tetris/10/jackanalyzer/compilationengine/subroutine.go:100.33,101.40 1 1
github.com/ctjnkns/nand2tetris/10/jackanalyzer/compilationengine/subroutine.go:101.40,103.4 1 0
github.com/ctjnkns/nand2tetris/10/jackanalyzer/compilationengine/subroutine.go:105.3,105.46 1 1
github.com/ctjnkns/nand2tetris/10/jackanalyzer/compilationengine/subroutine.go:105.46,107.4 1 0
github.com/ctjnkns/nand2tetris/10/jackanalyzer/compilationengine/subroutine.go:109.3,109.35 1 1
github.com/ctjnkns/nand2tetris/10/jackanalyzer/compilationengine/subroutine.go:109.35,110.46 1 1
github.com/ctjnkns/nand2tetris/10/jackanalyzer/compilationengine/subroutine.go:110.46,112.5 1 0
github.com/ctjnkns/nand2tetris/10/jackanalyzer/compilationengine/subroutine.go:114.4,114.41 1 1
github.com/ctjnkns/nand2tetris/10/jackanalyzer/compilationengine/subroutine.go:114.41,116.5 1 0
github.com/ctjnkns/nand2tetris/10/jackanalyzer/compilationengine/subroutine.go:118.4,118.47 1 1
github.com/ctjnkns/nand2tetris/10/jackanalyzer/compilationengine/subroutine.go:118.47,120.5 1 0
github.com/ctjnkns/nand2tetris/10/jackanalyzer/compilationengine/subroutine.go:124.2,126.41 2 1
github.com/ctjnkns/nand2tetris/10/jackanalyzer/compilationengine/subroutine.go:129.57,130.84 1 1
github.com/ctjnkns/nand2tetris/10/jackanalyzer/compilationengine/subroutine.go:130.84,132.17 2 1
github.com/ctjnkns/nand2tetris/10/jackanalyzer/compilationengine/subroutine.go:132.17,134.4 1 0
github.com/ctjnkns/nand2tetris/10/jackanalyzer/compilationengine/subroutine.go:136.3,136.88 1 1
github.com/ctjnkns/nand2tetris/10/jackanalyzer/compilationengine/subroutine.go:136.88,138.4 1 0
github.com/ctjnkns/nand2tetris/10/jackanalyzer/compilationengine/subroutine.go:140.3,140.48 1 1
github.com/ctjnkns/nand2tetris/10/jackanalyzer/compilationengine/subroutine.go:140.48,142.4 1 0
github.com/ctjnkns/nand2tetris/10/jackanalyzer/compilationengine/subroutine.go:145.2,145.12 1 1
github.com/ctjnkns/nand2tetris/10/jackanalyzer/compilationengine/subroutine.go:148.52,150.16 2 1
github.com/ctjnkns/nand2tetris/10/jackanalyzer/compilationengine/subroutine.go:150.16,152.3 1 0
github.com/ctjnkns/nand2tetris/10/jackanalyzer/compilationengine/subroutine.go:154.2,154.25 1 1
github.com/ctjnkns/nand2tetris/10/jackanalyzer/compilationengine/subroutine.go:154.25,156.3 1 0
github.com/ctjnkns/nand2tetris/10/jackanalyzer/compilationengine/subroutine.go:158.2,158.49 1 1
github.com/ctjnkns/nand2tetris/10/jackanalyzer/compilationengine/subroutine.go:158.49,160.3 1 0
github.com/ctjnkns/nand2tetris/10/jackanalyzer/compilationengine/subroutine.go:162.2,164.41 2 1
github.com/ctjnkns/nand2tetris/10/jackanalyzer/compilationengine/subroutine.go:164.41,166.3 1 0
github.com/ctjnkns/nand2tetris/10/jackanalyzer/compilationengine/subroutine.go:168.2,170.34 2 1
github.com/ctjnkns/nand2tetris/10/jackanalyzer/compilationengine/subroutine.go:173.53,174.84 1 1
github.com/ctjnkns/nand2tetris/10/jackanalyzer/compilationengine/subroutine.go:174.84,177.17 2 1
github.com/ctjnkns/nand2tetris/10/jackanalyzer/compilationengine/subroutine.go:177.17,179.4 1 0
github.com/ctjnkns/nand2tetris/10/jackanalyzer/compilationengine/subroutine.go:181.3,181.26 1 1
github.com/ctjnkns/nand2tetris/10/jackanalyzer/compilationengine/subroutine.go:181.26,183.4 1 1
github.com/ctjnkns/nand2tetris/10/jackanalyzer/compilationengine/subroutine.go:185.3,185.44 1 1
github.com/ctjnkns/nand2tetris/10/jackanalyzer/compilationengine/subroutine.go:185.44,187.4 1 0
github.com/ctjnkns/nand2tetris/10/jackanalyzer/compilationengine/subroutine.go:191.2,191.12 1 0
github.com/ctjnkns/nand2tetris/10/jackanalyzer/tokenizer/tokenizer.go:110.56,111.41 1 1
github.com/ctjnkns/nand2tetris/10/jackanalyzer/tokenizer/tokenizer.go:111.41,113.3 1 0
github.com/ctjnkns/nand2tetris/10/jackanalyzer/tokenizer/tokenizer.go:115.2,116.16 2 1
github.com/ctjnkns/nand2tetris/10/jackanalyzer/tokenizer/tokenizer.go:116.16,118.3 1 0
github.com/ctjnkns/nand2tetris/10/jackanalyzer/tokenizer/tokenizer.go:120.2,127.15 3 1
github.com/ctjnkns/nand2tetris/10/jackanalyzer/tokenizer/tokenizer.go:130.36,131.49 1 1
github.com/ctjnkns/nand2tetris/10/jackanalyzer/tokenizer/tokenizer.go:131.49,133.3 1 0
github.com/ctjnkns/nand2tetris/10/jackanalyzer/tokenizer/tokenizer.go:135.2,135.12 1 1
github.com/ctjnkns/nand2tetris/10/jackanalyzer/tokenizer/tokenizer.go:138.36,140.2 1 1
github.com/ctjnkns/nand2tetris/10/jackanalyzer/tokenizer/tokenizer.go:142.46,144.2 1 1
github.com/ctjnkns/nand2tetris/10/jackanalyzer/tokenizer/tokenizer.go:146.42,148.2 1 1
github.com/ctjnkns/nand2tetris/10/jackanalyzer/tokenizer/tokenizer.go:150.31,155.6 3 1
github.com/ctjnkns/nand2tetris/10/jackanalyzer/tokenizer/tokenizer.go:155.6,156.74 1 1
github.com/ctjnkns/nand2tetris/10/jackanalyzer/tokenizer/tokenizer.go:156.74,158.4 1 1
github.com/ctjnkns/nand2tetris/10/jackanalyzer/tokenizer/tokenizer.go:160.3,160.68 1 1
github.com/ctjnkns/nand2tetris/10/jackanalyzer/tokenizer/tokenizer.go:160.68,161.36 1 1
github.com/ctjnkns/nand2tetris/10/jackanalyzer/tokenizer/tokenizer.go:162.13,164.70 1 1
github.com/ctjnkns/nand2tetris/10/jackanalyzer/tokenizer/tokenizer.go:164.70,166.6 1 1
github.com/ctjnkns/nand2tetris/10/jackanalyzer/tokenizer/tokenizer.go:167.5,167.13 1 1
github.com/ctjnkns/nand2tetris/10/jackanalyzer/tokenizer/tokenizer.go:168.13,171.109 2 1
github.com/ctjnkns/nand2tetris/10/jackanalyzer/tokenizer/tokenizer.go:171.109,173.6 1 1
github.com/ctjnkns/nand2tetris/10/jackanalyzer/tokenizer/tokenizer.go:174.5,175.13 2 1
github.com/ctjnkns/nand2tetris/10/jackanalyzer/tokenizer/tokenizer.go:178.3,178.8 1 1
github.com/ctjnkns/nand2tetris/10/jackanalyzer/tokenizer/tokenizer.go:181.2,181.33 1 1
github.com/ctjnkns/nand2tetris/10/jackanalyzer/tokenizer/tokenizer.go:181.33,184.3 2 1
github.com/ctjnkns/nand2tetris/10/jackanalyzer/tokenizer/tokenizer.go:186.2,189.9 3 1
github.com/ctjnkns/nand2tetris/10/jackanalyzer/tokenizer/tokenizer.go:190.18,191.69 1 1
github.com/ctjnkns/nand2tetris/10/jackanalyzer/tokenizer/tokenizer.go:191.69,193.4 1 1
github.com/ctjnkns/nand2tetris/10/jackanalyzer/tokenizer/tokenizer.go:194.3,195.30 2 1
github.com/ctjnkns/nand2tetris/10/jackanalyzer/tokenizer/tokenizer.go:196.19,197.140 1 1
github.com/ctjnkns/nand2tetris/10/jackanalyzer/tokenizer/tokenizer.go:197.140,199.4 1 1
github.com/ctjnkns/nand2tetris/10/jackanalyzer/tokenizer/tokenizer.go:200.3,201.41 2 1
github.com/ctjnkns/nand2tetris/10/jackanalyzer/tokenizer/tokenizer.go:201.41,203.4 1 1
github.com/ctjnkns/nand2tetris/10/jackanalyzer/tokenizer/tokenizer.go:203.9,205.4 1 1
github.com/ctjnkns/nand2tetris/10/jackanalyzer/tokenizer/tokenizer.go:206.18,209.19 3 1
github.com/ctjnkns/nand2tetris/10/jackanalyzer/tokenizer/tokenizer.go:210.16,213.67 3 1
github.com/ctjnkns/nand2tetris/10/jackanalyzer/tokenizer/tokenizer.go:213.67,215.4 1 1
github.com/ctjnkns/nand2tetris/10/jackanalyzer/tokenizer/tokenizer.go:216.3,218.19 3 1
github.com/ctjnkns/nand2tetris/10/jackanalyzer/tokenizer/tokenizer.go:222.32,224.2 1 1
github.com/ctjnkns/nand2tetris/10/jackanalyzer/tokenizer/tokenizer.go:226.28,228.2 1 1
github.com/ctjnkns/nand2tetris/10/jackanalyzer/tokenizer/tokenizer.go:230.27,232.2 1 1
github.com/ctjnkns/nand2tetris/10/jackanalyzer/tokenizer/tokenizer.go:234.37,236.2 1 1
github.com/ctjnkns/nand2tetris/10/jackanalyzer/tokenizer/tokenizer.go:238.44,239.35 1 1
github.com/ctjnkns/nand2tetris/10/jackanalyzer/tokenizer/tokenizer.go:239.35,241.3 1 0
github.com/ctjnkns/nand2tetris/10/jackanalyzer/tokenizer/tokenizer.go:243.2,243.44 1 1
github.com/ctjnkns/nand2tetris/10/jackanalyzer/tokenizer/tokenizer.go:243.44,245.3 1 1
github.com/ctjnkns/nand2tetris/10/jackanalyzer/tokenizer/tokenizer.go:245.8,247.3 1 0
github.com/ctjnkns/nand2tetris/10/jackanalyzer/tokenizer/tokenizer.go:250.44,251.34 1 0
github.com/ctjnkns/nand2tetris/10/jackanalyzer/tokenizer/tokenizer.go:251.34,253.3 1 0
github.com/ctjnkns/nand2tetris/10/jackanalyzer/tokenizer/tokenizer.go:255.2,255.37 1 0
github.com/ctjnkns/nand2tetris/10/jackanalyzer/tokenizer/tokenizer.go:258.50,259.38 1 0
github.com/ctjnkns/nand2tetris/10/jackanalyzer/tokenizer/tokenizer.go:259.38,261.3 1 0
github.com/ctjnkns/nand2tetris/10/jackanalyzer/tokenizer/tokenizer.go:263.2,263.28 1 0
github.com/ctjnkns/nand2tetris/10/jackanalyzer/tokenizer/tokenizer.go:266.43,267.37 1 0
github.com/ctjnkns/nand2tetris/10/jackanalyzer/tokenizer/tokenizer.go:267.37,269.3 1 0
github.com/ctjnkns/nand2tetris/10/jackanalyzer/tokenizer/tokenizer.go:271.2,272.16 2 0
github.com/ctjnkns/nand2tetris/10/jackanalyzer/tokenizer/tokenizer.go:272.16,274.3 1 0
github.com/ctjnkns/nand2tetris/10/jackanalyzer/tokenizer/tokenizer.go:275.2,275.23 1 0
github.com/ctjnkns/nand2tetris/10/jackanalyzer/tokenizer/tokenizer.go:278.49,279.40 1 0
github.com/ctjnkns/nand2tetris/10/jackanalyzer/tokenizer/tokenizer.go:279.40,281.3 1 0
github.com/ctjnkns/nand2tetris/10/jackanalyzer/tokenizer/tokenizer.go:283.2,283.28 1 0
github.com/ctjnkns/nand2tetris/10/jackanalyzer/tokenizer/tokenizer.go:110.56,111.41 1 0
github.com/ctjnkns/nand2tetris/10/jackanalyzer/tokenizer/tokenizer.go:111.41,113.3 1 0
github.com/ctjnkns/nand2tetris/10/jackanalyzer/tokenizer/tokenizer.go:115.2,116.16 2 0
github.com/ctjnkns/nand2tetris/10/jackanalyzer/tokenizer/tokenizer.go:116.16,118.3 1 0
github.com/ctjnkns/nand2tetris/10/jackanalyzer/tokenizer/tokenizer.go:120.2,127.15 3 0
github.com/ctjnkns/nand2tetris/10/jackanalyzer/tokenizer/tokenizer.go:130.36,131.49 1 0
github.com/ctjnkns/nand2tetris/10/jackanalyzer/tokenizer/tokenizer.go:131.49,133.3 1 0
github.com/ctjnkns/nand2tetris/10/jackanalyzer/tokenizer/tokenizer.go:135.2,135.12 1 0
github.com/ctjnkns/nand2tetris/10/jackanalyzer/tokenizer/tokenizer.go:138.36,140.2 1 0
github.com/ctjnkns/nand2tetris/10/jackanalyzer/tokenizer/tokenizer.go:142.46,144.2 1 0
github.com/ctjnkns/nand2tetris/10/jackanalyzer/tokenizer/tokenizer.go:146.42,148.2 1 0
github.com/ctjnkns/nand2tetris/10/jackanalyzer/tokenizer/tokenizer.go:150.31,155.6 3 0
github.com/ctjnkns/nand2tetris/10/jackanalyzer/tokenizer/tokenizer.go:155.6,156.74 1 0
github.com/ctjnkns/nand2tetris/10/jackanalyzer/tokenizer/tokenizer.go:156.74,158.4 1 0
github.com/ctjnkns/nand2tetris/10/jackanalyzer/tokenizer/tokenizer.go:160.3,160.68 1 0
github.com/ctjnkns/nand2tetris/10/jackanalyzer/tokenizer/tokenizer.go:160.68,161.36 1 0
github.com/ctjnkns/nand2tetris/10/jackanalyzer/tokenizer/tokenizer.go:162.13,164.70 1 0
github.com/ctjnkns/nand2tetris/10/jackanalyzer/tokenizer/tokenizer.go:164.70,166.6 1 0
github.com/ctjnkns/nand2tetris/10/jackanalyzer/tokenizer/tokenizer.go:167.5,167.13 1 0
github.com/ctjnkns/nand2tetris/10/jackanalyzer/tokenizer/tokenizer.go:168.13,171.109 2 0
github.com/ctjnkns/nand2tetris/10/jackanalyzer/tokenizer/tokenizer.go:171.109,173.6 1 0
github.com/ctjnkns/nand2tetris/10/jackanalyzer/tokenizer/tokenizer.go:174.5,175.13 2 0
github.com/ctjnkns/nand2tetris/10/jackanalyzer/tokenizer/tokenizer.go:178.3,178.8 1 0
github.com/ctjnkns/nand2tetris/10/jackanalyzer/tokenizer/tokenizer.go:181.2,181.33 1 0
github.com/ctjnkns/nand2tetris/10/jackanalyzer/tokenizer/tokenizer.go:181.33,184.3 2 0
github.com/ctjnkns/nand2tetris/10/jackanalyzer/tokenizer/tokenizer.go:186.2,189.9 3 0
github.com/ctjnkns/nand2tetris/10/jackanalyzer/tokenizer/tokenizer.go:190.18,191.69 1 0
github.com/ctjnkns/nand2tetris/10/jackanalyzer/tokenizer/tokenizer.go:191.69,193.4 1 0
github.com/ctjnkns/nand2tetris/10/jackanalyzer/tokenizer/tokenizer.go:194.3,195.30 2 0
github.com/ctjnkns/nand2tetris/10/jackanalyzer/tokenizer/tokenizer.go:196.19,197.140 1 0
github.com/ctjnkns/nand2tetris/10/jackanalyzer/tokenizer/tokenizer.go:197.140,199.4 1 0
github.com/ctjnkns/nand2tetris/10/jackanalyzer/tokenizer/tokenizer.go:200.3,201.41 2 0
github.com/ctjnkns/nand2tetris/10/jackanalyzer/tokenizer/tokenizer.go:201.41,203.4 1 0
github.com/ctjnkns/nand2tetris/10/jackanalyzer/tokenizer/tokenizer.go:203.9,205.4 1 0
github.com/ctjnkns/nand2tetris/10/jackanalyzer/tokenizer/tokenizer.go:206.18,209.19 3 0
github.com/ctjnkns/nand2tetris/10/jackanalyzer/tokenizer/tokenizer.go:210.16,213.67 3 0
github.com/ctjnkns/nand2tetris/10/jackanalyzer/tokenizer/tokenizer.go:213.67,215.4 1 0
github.com/ctjnkns/nand2tetris/10/jackanalyzer/tokenizer/tokenizer.go:216.3,218.19 3 0
github.com/ctjnkns/nand2tetris/10/jackanalyzer/tokenizer/tokenizer.go:222.32,224.2 1 0
github.com/ctjnkns/nand2tetris/10/jackanalyzer/tokenizer/tokenizer.go:226.28,228.2 1 0
github.com/ctjnkns/nand2tetris/10/jackanalyzer/tokenizer/tokenizer.go:230.27,232.2 1 0
github.com/ctjnkns/nand2tetris/10/jackanalyzer/tokenizer/tokenizer.go:234.37,236.2 1 0
github.com/ctjnkns/nand2tetris/10/jackanalyzer/tokenizer/tokenizer.go:238.44,239.35 1 0
github.com/ctjnkns/nand2tetris/10/jackanalyzer/tokenizer/tokenizer.go:239.35,241.3 1 0
github.com/ctjnkns/nand2tetris/10/jackanalyzer/tokenizer/tokenizer.go:243.2,243.44 1 0
github.com/ctjnkns/nand2tetris/10/jackanalyzer/tokenizer/tokenizer.go:243.44,245.3 1 0
github.com/ctjnkns/nand2tetris/10/jackanalyzer/tokenizer/tokenizer.go:245.8,247.3 1 0
github.com/ctjnkns/nand2tetris/10/jackanalyzer/tokenizer/tokenizer.go:250.44,251.34 1 0
github.com/ctjnkns/nand2tetris/10/jackanalyzer/tokenizer/tokenizer.go:251.34,253.3 1 0
github.com/ctjnkns/nand2tetris/10/jackanalyzer/tokenizer/tokenizer.go:255.2,255.37 1 0
github.com/ctjnkns/nand2tetris/10/jackanalyzer/tokenizer/tokenizer.go:258.50,259.38 1 0
github.com/ctjnkns/nand2tetris/10/jackanalyzer/tokenizer/tokenizer.go:259.38,261.3 1 0
github.com/ctjnkns/nand2tetris/10/jackanalyzer/tokenizer/tokenizer.go:263.2,263.28 1 0
github.com/ctjnkns/nand2tetris/10/jackanalyzer/tokenizer/tokenizer.go:266.43,267.37 1 0
github.com/ctjnkns/nand2tetris/10/jackanalyzer/tokenizer/tokenizer.go:267.37,269.3 1 0
github.com/ctjnkns/nand2tetris/10/jackanalyzer/tokenizer/tokenizer.go:271.2,272.16 2 0
github.com/ctjnkns/nand2tetris/10/jackanalyzer/tokenizer/tokenizer.go:272.16,274.3 1 0
github.com/ctjnkns/nand2tetris/10/jackanalyzer/tokenizer/tokenizer.go:275.2,275.23 1 0
github.com/ctjnkns/nand2tetris/10/jackanalyzer/tokenizer/tokenizer.go:278.49,279.40 1 0
github.com/ctjnkns/nand2tetris/10/jackanalyzer/tokenizer/tokenizer.go:279.40,281.3 1 0
github.com/ctjnkns/nand2tetris/10/jackanalyzer/tokenizer/tokenizer.go:283.2,283.28 1 0
github.com/ctjnkns/nand2tetris/10/jackanalyzer/compilationengine/class.go:9.51,12.48 2 0
github.com/ctjnkns/nand2tetris/10/jackanalyzer/compilationengine/class.go:12.48,14.3 1 0
github.com/ctjnkns/nand2tetris/10/jackanalyzer/compilationengine/class.go:16.2,18.49 2 0
github.com/ctjnkns/nand2tetris/10/jackanalyzer/compilationengine/class.go:18.49,20.3 1 0
github.com/ctjnkns/nand2tetris/10/jackanalyzer/compilationengine/class.go:23.2,23.45 1 0
github.com/ctjnkns/nand2tetris/10/jackanalyzer/compilationengine/class.go:23.45,25.3 1 0
github.com/ctjnkns/nand2tetris/10/jackanalyzer/compilationengine/class.go:28.2,28.44 1 0
github.com/ctjnkns/nand2tetris/10/jackanalyzer/compilationengine/class.go:28.44,30.3 1 0
github.com/ctjnkns/nand2tetris/10/jackanalyzer/compilationengine/class.go:32.2,32.49 1 0
github.com/ctjnkns/nand2tetris/10/jackanalyzer/compilationengine/class.go:32.49,34.3 1 0
github.com/ctjnkns/nand2tetris/10/jackanalyzer/compilationengine/class.go:36.2,36.48 1 0
github.com/ctjnkns/nand2tetris/10/jackanalyzer/compilationengine/class.go:36.48,38.3 1 0
github.com/ctjnkns/nand2tetris/10/jackanalyzer/compilationengine/class.go:40.2,40.44 1 0
github.com/ctjnkns/nand2tetris/10/jackanalyzer/compilationengine/class.go:40.44,42.3 1 0
github.com/ctjnkns/nand2tetris/10/jackanalyzer/compilationengine/class.go:44.2,48.12 3 0
github.com/ctjnkns/nand2tetris/10/jackanalyzer/compilationengine/class.go:51.57,53.16 2 0
github.com/ctjnkns/nand2tetris/10/jackanalyzer/compilationengine/class.go:53.16,55.3 1 0
github.com/ctjnkns/nand2tetris/10/jackanalyzer/compilationengine/class.go:57.2,57.53 1 0
github.com/ctjnkns/nand2tetris/10/jackanalyzer/compilationengine/class.go:57.53,59.3 1 0
github.com/ctjnkns/nand2tetris/10/jackanalyzer/compilationengine/class.go:61.2,61.54 1 0
github.com/ctjnkns/nand2tetris/10/jackanalyzer/compilationengine/class.go:61.54,63.3 1 0
github.com/ctjnkns/nand2tetris/10/jackanalyzer/compilationengine/class.go:65.2,67.41 2 0
github.com/ctjnkns/nand2tetris/10/jackanalyzer/compilationengine/class.go:67.41,69.3 1 0
github.com/ctjnkns/nand2tetris/10/jackanalyzer/compilationengine/class.go:71.2,73.39 2 0
github.com/ctjnkns/nand2tetris/10/jackanalyzer/compilationengine/class.go:76.58,77.84 1 0
github.com/ctjnkns/nand2tetris/10/jackanalyzer/compilationengine/class.go:77.84,79.17 2 0
github.com/ctjnkns/nand2tetris/10/jackanalyzer/compilationengine/class.go:79.17,81.4 1 0
github.com/ctjnkns/nand2tetris/10/jackanalyzer/compilationengine/class.go:83.3,83.54 1 0
github.com/ctjnkns/nand2tetris/10/jackanalyzer/compilationengine/class.go:83.54,85.4 1 0
github.com/ctjnkns/nand2tetris/10/jackanalyzer/compilationengine/class.go:87.3,87.49 1 0
github.com/ctjnkns/nand2tetris/10/jackanalyzer/compilationengine/class.go:87.49,89.4 1 0
github.com/ctjnkns/nand2tetris/10/jackanalyzer/compilationengine/class.go:92.2,92.12 1 0
github.com/ctjnkns/nand2tetris/10/jackanalyzer/compilationengine/compilationengine.go:35.100,43.2 2 0
github.com/ctjnkns/nand2tetris/10/jackanalyzer/compilationengine/compilationengine.go:45.54,46.51 1 0
github.com/ctjnkns/nand2tetris/10/jackanalyzer/compilationengine/compilationengine.go:46.51,48.17 2 0
github.com/ctjnkns/nand2tetris/10/jackanalyzer/compilationengine/compilationengine.go:48.17,50.4 1 0
github.com/ctjnkns/nand2tetris/10/jackanalyzer/compilationengine/compilationengine.go:51.3,51.27 1 0
github.com/ctjnkns/nand2tetris/10/jackanalyzer/compilationengine/compilationengine.go:51.27,53.4 1 0
github.com/ctjnkns/nand2tetris/10/jackanalyzer/compilationengine/compilationengine.go:55.2,55.23 1 0
github.com/ctjnkns/nand2tetris/10/jackanalyzer/compilationengine/compilationengine.go:58.48,60.59 2 0
github.com/ctjnkns/nand2tetris/10/jackanalyzer/compilationengine/compilationengine.go:60.59,62.3 1 0
github.com/ctjnkns/nand2tetris/10/jackanalyzer/compilationengine/compilationengine.go:64.2,64.29 1 0
github.com/ctjnkns/nand2tetris/10/jackanalyzer/compilationengine/compilationengine.go:64.29,66.17 2 0
github.com/ctjnkns/nand2tetris/10/jackanalyzer/compilationengine/compilationengine.go:66.17,68.4 1 0
github.com/ctjnkns/nand2tetris/10/jackanalyzer/compilationengine/compilationengine.go:70.3,70.77 1 0
github.com/ctjnkns/nand2tetris/10/jackanalyzer/compilationengine/compilationengine.go:70.77,72.4 1 0
github.com/ctjnkns/nand2tetris/10/jackanalyzer/compilationengine/compilationengine.go:74.2,74.65 1 0
github.com/ctjnkns/nand2tetris/10/jackanalyzer/compilationengine/compilationengine.go:77.50,79.44 1 0
github.com/ctjnkns/nand2tetris/10/jackanalyzer/compilationengine/compilationengine.go:79.44,81.3 1 0
github.com/ctjnkns/nand2tetris/10/jackanalyzer/compilationengine/compilationengine.go:84.2,84.39 1 0
github.com/ctjnkns/nand2tetris/10/jackanalyzer/compilationengine/compilationengine.go:84.39,86.3 1 0
github.com/ctjnkns/nand2tetris/10/jackanalyzer/compilationengine/compilationengine.go:89.2,89.45 1 0
github.com/ctjnkns/nand2tetris/10/jackanalyzer/compilationengine/compilationengine.go:89.45,91.3 1 0
github.com/ctjnkns/nand2tetris/10/jackanalyzer/compilationengine/compilationengine.go:94.2,94.82 1 0
github.com/ctjnkns/nand2tetris/10/jackanalyzer/compilationengine/compilationengine.go:94.82,95.45 1 0
github.com/ctjnkns/nand2tetris/10/jackanalyzer/compilationengine/compilationengine.go:95.45,97.4 1 0
github.com/ctjnkns/nand2tetris/10/jackanalyzer/compilationengine/compilationengine.go:99.3,99.46 1 0
github.com/ctjnkns/nand2tetris/10/jackanalyzer/compilationengine/compilationengine.go:99.46,101.4 1 0
github.com/ctjnkns/nand2tetris/10/jackanalyzer/compilationengine/compilationengine.go:104.2,104.28 1 0
github.com/ctjnkns/nand2tetris/10/jackanalyzer/compilationengine/compilationengine.go:107.58,109.2 1 0
github.com/ctjnkns/nand2tetris/10/jackanalyzer/compilationengine/compilationengine.go:111.59,113.2 1 0
github.com/ctjnkns/nand2tetris/10/jackanalyzer/compilationengine/compilationengine.go:115.54,117.2 1 0
github.com/ctjnkns/nand2tetris/10/jackanalyzer/compilationengine/compilationengine.go:119.100,120.112 1 0
github.com/ctjnkns/nand2tetris/10/jackanalyzer/compilationengine/compilationengine.go:120.112,122.3 1 0
github.com/ctjnkns/nand2tetris/10/jackanalyzer/compilationengine/compilationengine.go:124.2,124.158 1 0
github.com/ctjnkns/nand2tetris/10/jackanalyzer/compilationengine/compilationengine.go:127.69,128.43 1 0
github.com/ctjnkns/nand2tetris/10/jackanalyzer/compilationengine/compilationengine.go:128.43,130.3 1 0
github.com/ctjnkns/nand2tetris/10/jackanalyzer/compilationengine/compilationengine.go:132.2,132.29 1 0
github.com/ctjnkns/nand2tetris/10/jackanalyzer/compilationengine/compilationengine.go:135.59,138.16 3 0
github.com/ctjnkns/nand2tetris/10/jackanalyzer/compilationengine/compilationengine.go:138.16,140.3 1 0
github.com/ctjnkns/nand2tetris/10/jackanalyzer/compilationengine/compilationengine.go:141.2,142.16 2 0
github.com/ctjnkns/nand2tetris/10/jackanalyzer/compilationengine/compilationengine.go:142.16,144.3 1 0
github.com/ctjnkns/nand2tetris/10/jackanalyzer/compilationengine/compilationengine.go:146.2,146.12 1 0
github.com/ctjnkns/nand2tetris/10/jackanalyzer/compilationengine/compilationengine.go:149.54,150.34 1 0
github.com/ctjnkns/nand2tetris/10/jackanalyzer/compilationengine/compilationengine.go:150.34,152.3 1 0
github.com/ctjnkns/nand2tetris/10/jackanalyzer/compilationengine/compilationengine.go:154.2,154.12 1 0
github.com/ctjnkns/nand2tetris/10/jackanalyzer/compilationengine/compilationengine.go:157.33,163.2 5 0
github.com/ctjnkns/nand2tetris/10/jackanalyzer/compilationengine/expressions.go:5.56,6.53 1 0
github.com/ctjnkns/nand2tetris/10/jackanalyzer/compilationengine/expressions.go:6.53,8.3 1 0
github.com/ctjnkns/nand2tetris/10/jackanalyzer/compilationengine/expressions.go:10.2,12.41 2 0
github.com/ctjnkns/nand2tetris/10/jackanalyzer/compilationengine/expressions.go:12.41,14.3 1 0
github.com/ctjnkns/nand2tetris/10/jackanalyzer/compilationengine/expressions.go:16.2,16.33 1 0
github.com/ctjnkns/nand2tetris/10/jackanalyzer/compilationengine/expressions.go:16.33,17.62 1 0
github.com/ctjnkns/nand2tetris/10/jackanalyzer/compilationengine/expressions.go:17.62,19.4 1 0
github.com/ctjnkns/nand2tetris/10/jackanalyzer/compilationengine/expressions.go:20.3,20.42 1 0
github.com/ctjnkns/nand2tetris/10/jackanalyzer/compilationengine/expressions.go:20.42,22.4 1 0
github.com/ctjnkns/nand2tetris/10/jackanalyzer/compilationengine/expressions.go:25.2,27.38 2 0
github.com/ctjnkns/nand2tetris/10/jackanalyzer/compilationengine/expressions.go:30.26,31.11 1 0
github.com/ctjnkns/nand2tetris/10/jackanalyzer/compilationengine/expressions.go:32.51,33.14 1 0
github.com/ctjnkns/nand2tetris/10/jackanalyzer/compilationengine/expressions.go:35.2,35.14 1 0
github.com/ctjnkns/nand2tetris/10/jackanalyzer/compilationengine/expressions.go:38.50,39.47 1 0
github.com/ctjnkns/nand2tetris/10/jackanalyzer/compilationengine/expressions.go:39.47,41.3 1 0
github.com/ctjnkns/nand2tetris/10/jackanalyzer/compilationengine/expressions.go:43.2,45.34 2 0
github.com/ctjnkns/nand2tetris/10/jackanalyzer/compilationengine/expressions.go:46.27,47.77 1 0
github.com/ctjnkns/nand2tetris/10/jackanalyzer/compilationengine/expressions.go:47.77,49.4 1 0
github.com/ctjnkns/nand2tetris/10/jackanalyzer/compilationengine/expressions.go:50.30,51.80 1 0
github.com/ctjnkns/nand2tetris/10/jackanalyzer/compilationengine/expressions.go:51.80,53.4 1 0
github.com/ctjnkns/nand2tetris/10/jackanalyzer/compilationengine/expressions.go:54.25,55.45 1 0
github.com/ctjnkns/nand2tetris/10/jackanalyzer/compilationengine/expressions.go:55.45,57.4 1 0
github.com/ctjnkns/nand2tetris/10/jackanalyzer/compilationengine/expressions.go:58.28,59.46 1 0
github.com/ctjnkns/nand2tetris/10/jackanalyzer/compilationengine/expressions.go:59.46,61.4 1 0
github.com/ctjnkns/nand2tetris/10/jackanalyzer/compilationengine/expressions.go:63.3,63.31 1 0
github.com/ctjnkns/nand2tetris/10/jackanalyzer/compilationengine/expressions.go:64.12,65.46 1 0
github.com/ctjnkns/nand2tetris/10/jackanalyzer/compilationengine/expressions.go:65.46,67.5 1 0
github.com/ctjnkns/nand2tetris/10/jackanalyzer/compilationengine/expressions.go:68.4,68.49 1 0
github.com/ctjnkns/nand2tetris/10/jackanalyzer/compilationengine/expressions.go:68.49,70.5 1 0
github.com/ctjnkns/nand2tetris/10/jackanalyzer/compilationengine/expressions.go:71.4,71.46 1 0
github.com/ctjnkns/nand2tetris/10/jackanalyzer/compilationengine/expressions.go:71.46,73.5 1 0
github.com/ctjnkns/nand2tetris/10/jackanalyzer/compilationengine/expressions.go:74.12,75.46 1 0
github.com/ctjnkns/nand2tetris/10/jackanalyzer/compilationengine/expressions.go:75.46,77.5 1 0
github.com/ctjnkns/nand2tetris/10/jackanalyzer/compilationengine/expressions.go:78.4,78.53 1 0
github.com/ctjnkns/nand2tetris/10/jackanalyzer/compilationengine/expressions.go:78.53,80.5 1 0
github.com/ctjnkns/nand2tetris/10/jackanalyzer/compilationengine/expressions.go:81.4,81.46 1 0
github.com/ctjnkns/nand2tetris/10/jackanalyzer/compilationengine/expressions.go:81.46,83.5 1 0
github.com/ctjnkns/nand2tetris/10/jackanalyzer/compilationengine/expressions.go:84.12,85.46 1 0
github.com/ctjnkns/nand2tetris/10/jackanalyzer/compilationengine/expressions.go:85.46,87.5 1 0
github.com/ctjnkns/nand2tetris/10/jackanalyzer/compilationengine/expressions.go:88.4,88.47 1 0
github.com/ctjnkns/nand2tetris/10/jackanalyzer/compilationengine/expressions.go:88.47,90.5 1 0
github.com/ctjnkns/nand2tetris/10/jackanalyzer/compilationengine/expressions.go:91.4,91.46 1 0
github.com/ctjnkns/nand2tetris/10/jackanalyzer/compilationengine/expressions.go:91.46,93.5 1 0
github.com/ctjnkns/nand2tetris/10/jackanalyzer/compilationengine/expressions.go:94.4,94.53 1 0
github.com/ctjnkns/nand2tetris/10/jackanalyzer/compilationengine/expressions.go:94.53,96.5 1 0
github.com/ctjnkns/nand2tetris/10/jackanalyzer/compilationengine/expressions.go:97.4,97.46 1 0
github.com/ctjnkns/nand2tetris/10/jackanalyzer/compilationengine/expressions.go:97.46,99.5 1 0
github.com/ctjnkns/nand2tetris/10/jackanalyzer/compilationengine/expressions.go:101.24,102.34 1 0
github.com/ctjnkns/nand2tetris/10/jackanalyzer/compilationengine/expressions.go:102.34,103.46 1 0
github.com/ctjnkns/nand2tetris/10/jackanalyzer/compilationengine/expressions.go:103.46,105.5 1 0
github.com/ctjnkns/nand2tetris/10/jackanalyzer/compilationengine/expressions.go:106.4,106.49 1 0
github.com/ctjnkns/nand2tetris/10/jackanalyzer/compilationengine/expressions.go:106.49,108.5 1 0
github.com/ctjnkns/nand2tetris/10/jackanalyzer/compilationengine/expressions.go:109.4,109.46 1 0
github.com/ctjnkns/nand2tetris/10/jackanalyzer/compilationengine/expressions.go:109.46,111.5 1 0
github.com/ctjnkns/nand2tetris/10/jackanalyzer/compilationengine/expressions.go:112.9,114.63 1 0
github.com/ctjnkns/nand2tetris/10/jackanalyzer/compilationengine/expressions.go:114.63,116.5 1 0
github.com/ctjnkns/nand2tetris/10/jackanalyzer/compilationengine/expressions.go:117.4,117.43 1 0
github.com/ctjnkns/nand2tetris/10/jackanalyzer/compilationengine/expressions.go:117.43,119.5 1 0
github.com/ctjnkns/nand2tetris/10/jackanalyzer/compilationengine/expressions.go:123.2,125.32 2 0
github.com/ctjnkns/nand2tetris/10/jackanalyzer/compilationengine/expressions.go:128.60,129.45 1 0
github.com/ctjnkns/nand2tetris/10/jackanalyzer/compilationengine/expressions.go:129.45,131.3 1 0
github.com/ctjnkns/nand2tetris/10/jackanalyzer/compilationengine/expressions.go:134.2,134.33 1 0
github.com/ctjnkns/nand2tetris/10/jackanalyzer/compilationengine/expressions.go:134.33,135.45 1 0
github.com/ctjnkns/nand2tetris/10/jackanalyzer/compilationengine/expressions.go:135.45,137.4 1 0
github.com/ctjnkns/nand2tetris/10/jackanalyzer/compilationengine/expressions.go:138.3,138.46 1 0
github.com/ctjnkns/nand2tetris/10/jackanalyzer/compilationengine/expressions.go:138.46,140.4 1 0
github.com/ctjnkns/nand2tetris/10/jackanalyzer/compilationengine/expressions.go:143.2,143.44 1 0
github.com/ctjnkns/nand2tetris/10/jackanalyzer/compilationengine/expressions.go:143.44,145.3 1 0
github.com/ctjnkns/nand2tetris/10/jackanalyzer/compilationengine/expressions.go:147.2,147.51 1 0
github.com/ctjnkns/nand2tetris/10/jackanalyzer/compilationengine/expressions.go:147.51,149.3 1 0
github.com/ctjnkns/nand2tetris/10/jackanalyzer/compilationengine/expressions.go:151.2,151.44 1 0
github.com/ctjnkns/nand2tetris/10/jackanalyzer/compilationengine/expressions.go:151.44,153.3 1 0
github.com/ctjnkns/nand2tetris/10/jackanalyzer/compilationengine/expressions.go:155.2,155.12 1 0
github.com/ctjnkns/nand2tetris/10/jackanalyzer/compilationengine/expressions.go:158.60,159.57 1 0
github.com/ctjnkns/nand2tetris/10/jackanalyzer/compilationengine/expressions.go:159.57,161.3 1 0
github.com/ctjnkns/nand2tetris/10/jackanalyzer/compilationengine/expressions.go:163.2,165.33 2 0
github.com/ctjnkns/nand2tetris/10/jackanalyzer/compilationengine/expressions.go:165.33,166.48 1 0
github.com/ctjnkns/nand2tetris/10/jackanalyzer/compilationengine/expressions.go:166.48,168.4 1 0
github.com/ctjnkns/nand2tetris/10/jackanalyzer/compilationengine/expressions.go:169.3,169.35 1 0
github.com/ctjnkns/nand2tetris/10/jackanalyzer/compilationengine/expressions.go:169.35,170.46 1 0
github.com/ctjnkns/nand2tetris/10/jackanalyzer/compilationengine/expressions.go:170.46,172.5 1 0
github.com/ctjnkns/nand2tetris/10/jackanalyzer/compilationengine/expressions.go:173.4,173.49 1 0
github.com/ctjnkns/nand2tetris/10/jackanalyzer/compilationengine/expressions.go:173.49,175.5 1 0
github.com/ctjnkns/nand2tetris/10/jackanalyzer/compilationengine/expressions.go:179.2,181.42 2 0
github.com/ctjnkns/nand2tetris/10/jackanalyzer/compilationengine/statements.go:7.56,8.53 1 0
github.com/ctjnkns/nand2tetris/10/jackanalyzer/compilationengine/statements.go:8.53,10.3 1 0
github.com/ctjnkns/nand2tetris/10/jackanalyzer/compilationengine/statements.go:12.2,14.84 2 0
github.com/ctjnkns/nand2tetris/10/jackanalyzer/compilationengine/statements.go:14.84,16.17 2 0
github.com/ctjnkns/nand2tetris/10/jackanalyzer/compilationengine/statements.go:16.17,18.4 1 0
github.com/ctjnkns/nand2tetris/10/jackanalyzer/compilationengine/statements.go:20.3,20.13 1 0
github.com/ctjnkns/nand2tetris/10/jackanalyzer/compilationengine/statements.go:21.22,22.42 1 0
github.com/ctjnkns/nand2tetris/10/jackanalyzer/compilationengine/statements.go:22.42,24.5 1 0
github.com/ctjnkns/nand2tetris/10/jackanalyzer/compilationengine/statements.go:25.21,26.41 1 0
github.com/ctjnkns/nand2tetris/10/jackanalyzer/compilationengine/statements.go:26.41,28.5 1 0
github.com/ctjnkns/nand2tetris/10/jackanalyzer/compilationengine/statements.go:29.24,30.44 1 0
github.com/ctjnkns/nand2tetris/10/jackanalyzer/compilationengine/statements.go:30.44,32.5 1 0
github.com/ctjnkns/nand2tetris/10/jackanalyzer/compilationengine/statements.go:33.21,34.41 1 0
github.com/ctjnkns/nand2tetris/10/jackanalyzer/compilationengine/statements.go:34.41,36.5 1 0
github.com/ctjnkns/nand2tetris/10/jackanalyzer/compilationengine/statements.go:37.25,38.45 1 0
github.com/ctjnkns/nand2tetris/10/jackanalyzer/compilationengine/statements.go:38.45,40.5 1 0
github.com/ctjnkns/nand2tetris/10/jackanalyzer/compilationengine/statements.go:44.2,46.38 2 0
github.com/ctjnkns/nand2tetris/10/jackanalyzer/compilationengine/statements.go:49.49,50.55 1 0
github.com/ctjnkns/nand2tetris/10/jackanalyzer/compilationengine/statements.go:50.55,52.3 1 0
github.com/ctjnkns/nand2tetris/10/jackanalyzer/compilationengine/statements.go:54.2,56.47 2 0
github.com/ctjnkns/nand2tetris/10/jackanalyzer/compilationengine/statements.go:56.47,58.3 1 0
github.com/ctjnkns/nand2tetris/10/jackanalyzer/compilationengine/statements.go:61.2,61.45 1 0
github.com/ctjnkns/nand2tetris/10/jackanalyzer/compilationengine/statements.go:61.45,63.3 1 0
github.com/ctjnkns/nand2tetris/10/jackanalyzer/compilationengine/statements.go:65.2,65.33 1 0
github.com/ctjnkns/nand2tetris/10/jackanalyzer/compilationengine/statements.go:65.33,66.45 1 0
github.com/ctjnkns/nand2tetris/10/jackanalyzer/compilationengine/statements.go:66.45,68.4 1 0
github.com/ctjnkns/nand2tetris/10/jackanalyzer/compilationengine/statements.go:69.3,69.48 1 0
github.com/ctjnkns/nand2tetris/10/jackanalyzer/compilationengine/statements.go:69.48,71.4 1 0
github.com/ctjnkns/nand2tetris/10/jackanalyzer/compilationengine/statements.go:72.3,72.45 1 0
github.com/ctjnkns/nand2tetris/10/jackanalyzer/compilationengine/statements.go:72.45,74.4 1 0
github.com/ctjnkns/nand2tetris/10/jackanalyzer/compilationengine/statements.go:77.2,77.44 1 0
github.com/ctjnkns/nand2tetris/10/jackanalyzer/compilationengine/statements.go:77.44,79.3 1 0
github.com/ctjnkns/nand2tetris/10/jackanalyzer/compilationengine/statements.go:81.2,81.47 1 0
github.com/ctjnkns/nand2tetris/10/jackanalyzer/compilationengine/statements.go:81.47,83.3 1 0
github.com/ctjnkns/nand2tetris/10/jackanalyzer/compilationengine/statements.go:85.2,85.44 1 0
github.com/ctjnkns/nand2tetris/10/jackanalyzer/compilationengine/statements.go:85.44,87.3 1 0
github.com/ctjnkns/nand2tetris/10/jackanalyzer/compilationengine/statements.go:89.2,91.40 2 0
github.com/ctjnkns/nand2tetris/10/jackanalyzer/compilationengine/statements.go:94.48,95.54 1 0
github.com/ctjnkns/nand2tetris/10/jackanalyzer/compilationengine/statements.go:95.54,97.3 1 0
github.com/ctjnkns/nand2tetris/10/jackanalyzer/compilationengine/statements.go:99.2,101.46 2 0
github.com/ctjnkns/nand2tetris/10/jackanalyzer/compilationengine/statements.go:101.46,103.3 1 0
github.com/ctjnkns/nand2tetris/10/jackanalyzer/compilationengine/statements.go:105.2,105.44 1 0
github.com/ctjnkns/nand2tetris/10/jackanalyzer/compilationengine/statements.go:105.44,107.3 1 0
github.com/ctjnkns/nand2tetris/10/jackanalyzer/compilationengine/statements.go:109.2,109.47 1 0
github.com/ctjnkns/nand2tetris/10/jackanalyzer/compilationengine/statements.go:109.47,111.3 1 0
github.com/ctjnkns/nand2tetris/10/jackanalyzer/compilationengine/statements.go:113.2,113.44 1 0
github.com/ctjnkns/nand2tetris/10/jackanalyzer/compilationengine/statements.go:113.44,115.3 1 0
github.com/ctjnkns/nand2tetris/10/jackanalyzer/compilationengine/statements.go:117.2,117.44 1 0
github.com/ctjnkns/nand2tetris/10/jackanalyzer/compilationengine/statements.go:117.44,119.3 1 0
github.com/ctjnkns/nand2tetris/10/jackanalyzer/compilationengine/statements.go:121.2,121.47 1 0
github.com/ctjnkns/nand2tetris/10/jackanalyzer/compilationengine/statements.go:121.47,123.3 1 0
github.com/ctjnkns/nand2tetris/10/jackanalyzer/compilationengine/statements.go:125.2,125.44 1 0
github.com/ctjnkns/nand2tetris/10/jackanalyzer/compilationengine/statements.go:125.44,127.3 1 0
github.com/ctjnkns/nand2tetris/10/jackanalyzer/compilationengine/statements.go:129.2,129.51 1 0
github.com/ctjnkns/nand2tetris/10/jackanalyzer/compilationengine/statements.go:129.51,131.17 2 0
github.com/ctjnkns/nand2tetris/10/jackanalyzer/compilationengine/statements.go:131.17,133.4 1 0
github.com/ctjnkns/nand2tetris/10/jackanalyzer/compilationengine/statements.go:135.3,135.27 1 0
github.com/ctjnkns/nand2tetris/10/jackanalyzer/compilationengine/statements.go:135.27,136.50 1 0
github.com/ctjnkns/nand2tetris/10/jackanalyzer/compilationengine/statements.go:136.50,138.5 1 0
github.com/ctjnkns/nand2tetris/10/jackanalyzer/compilationengine/statements.go:140.4,140.46 1 0
github.com/ctjnkns/nand2tetris/10/jackanalyzer/compilationengine/statements.go:140.46,142.5 1 0
github.com/ctjnkns/nand2tetris/10/jackanalyzer/compilationengine/statements.go:144.4,144.49 1 0
github.com/ctjnkns/nand2tetris/10/jackanalyzer/compilationengine/statements.go:144.49,146.5 1 0
github.com/ctjnkns/nand2tetris/10/jackanalyzer/compilationengine/statements.go:148.4,148.46 1 0
github.com/ctjnkns/nand2tetris/10/jackanalyzer/compilationengine/statements.go:148.46,150.5 1 0
github.com/ctjnkns/nand2tetris/10/jackanalyzer/compilationengine/statements.go:154.2,156.39 2 0
github.com/ctjnkns/nand2tetris/10/jackanalyzer/compilationengine/statements.go:159.51,160.57 1 0
github.com/ctjnkns/nand2tetris/10/jackanalyzer/compilationengine/statements.go:160.57,162.3 1 0
github.com/ctjnkns/nand2tetris/10/jackanalyzer/compilationengine/statements.go:164.2,166.49 2 0
github.com/ctjnkns/nand2tetris/10/jackanalyzer/compilationengine/statements.go:166.49,168.3 1 0
github.com/ctjnkns/nand2tetris/10/jackanalyzer/compilationengine/statements.go:170.2,170.44 1 0
github.com/ctjnkns/nand2tetris/10/jackanalyzer/compilationengine/statements.go:170.44,172.3 1 0
github.com/ctjnkns/nand2tetris/10/jackanalyzer/compilationengine/statements.go:174.2,174.47 1 0
github.com/ctjnkns/nand2tetris/10/jackanalyzer/compilationengine/statements.go:174.47,176.3 1 0
github.com/ctjnkns/nand2tetris/10/jackanalyzer/compilationengine/statements.go:178.2,178.44 1 0
github.com/ctjnkns/nand2tetris/10/jackanalyzer/compilationengine/statements.go:178.44,180.3 1 0
github.com/ctjnkns/nand2tetris/10/jackanalyzer/compilationengine/statements.go:182.2,182.44 1 0
github.com/ctjnkns/nand2tetris/10/jackanalyzer/compilationengine/statements.go:182.44,184.3 1 0
github.com/ctjnkns/nand2tetris/10/jackanalyzer/compilationengine/statements.go:186.2,186.47 1 0
github.com/ctjnkns/nand2tetris/10/jackanalyzer/compilationengine/statements.go:186.47,188.3 1 0
github.com/ctjnkns/nand2tetris/10/jackanalyzer/compilationengine/statements.go:190.2,190.44 1 0
github.com/ctjnkns/nand2tetris/10/jackanalyzer/compilationengine/statements.go:190.44,192.3 1 0
github.com/ctjnkns/nand2tetris/10/jackanalyzer/compilationengine/statements.go:194.2,196.58 2 0
github.com/ctjnkns/nand2tetris/10/jackanalyzer/compilationengine/statements.go:196.58,198.3 1 0
github.com/ctjnkns/nand2tetris/10/jackanalyzer/compilationengine/statements.go:200.2,200.12 1 0
github.com/ctjnkns/nand2tetris/10/jackanalyzer/compilationengine/statements.go:203.48,204.54 1 0
github.com/ctjnkns/nand2tetris/10/jackanalyzer/compilationengine/statements.go:204.54,206.3 1 0
github.com/ctjnkns/nand2tetris/10/jackanalyzer/compilationengine/statements.go:208.2,210.46 2 0
github.com/ctjnkns/nand2tetris/10/jackanalyzer/compilationengine/statements.go:210.46,212.3 1 0
github.com/ctjnkns/nand2tetris/10/jackanalyzer/compilationengine/statements.go:214.2,214.51 1 0
github.com/ctjnkns/nand2tetris/10/jackanalyzer/compilationengine/statements.go:214.51,216.3 1 0
github.com/ctjnkns/nand2tetris/10/jackanalyzer/compilationengine/statements.go:218.2,218.44 1 0
github.com/ctjnkns/nand2tetris/10/jackanalyzer/compilationengine/statements.go:218.44,220.3 1 0
github.com/ctjnkns/nand2tetris/10/jackanalyzer/compilationengine/statements.go:222.2,224.39 2 0
github.com/ctjnkns/nand2tetris/10/jackanalyzer/compilationengine/statements.go:227.52,228.58 1 0
github.com/ctjnkns/nand2tetris/10/jackanalyzer/compilationengine/statements.go:228.58,230.3 1 0
github.com/ctjnkns/nand2tetris/10/jackanalyzer/compilationengine/statements.go:232.2,234.50 2 0
github.com/ctjnkns/nand2tetris/10/jackanalyzer/compilationengine/statements.go:234.50,236.3 1 0
github.com/ctjnkns/nand2tetris/10/jackanalyzer/compilationengine/statements.go:238.2,238.33 1 0
github.com/ctjnkns/nand2tetris/10/jackanalyzer/compilationengine/statements.go:238.33,239.48 1 0
github.com/ctjnkns/nand2tetris/10/jackanalyzer/compilationengine/statements.go:239.48,241.4 1 0
github.com/ctjnkns/nand2tetris/10/jackanalyzer/compilationengine/statements.go:244.2,244.44 1 0
github.com/ctjnkns/nand2tetris/10/jackanalyzer/compilationengine/statements.go:244.44,246.3 1 0
github.com/ctjnkns/nand2tetris/10/jackanalyzer/compilationengine/statements.go:248.2,250.43 2 0
github.com/ctjnkns/nand2tetris/10/jackanalyzer/compilationengine/subroutine.go:9.56,10.51 1 0
github.com/ctjnkns/nand2tetris/10/jackanalyzer/compilationengine/subroutine.go:10.51,12.3 1 0
github.com/ctjnkns/nand2tetris/10/jackanalyzer/compilationengine/subroutine.go:14.2,15.16 2 0
github.com/ctjnkns/nand2tetris/10/jackanalyzer/compilationengine/subroutine.go:15.16,17.3 1 0
github.com/ctjnkns/nand2tetris/10/jackanalyzer/compilationengine/subroutine.go:19.2,19.87 1 0
github.com/ctjnkns/nand2tetris/10/jackanalyzer/compilationengine/subroutine.go:19.87,21.3 1 0
github.com/ctjnkns/nand2tetris/10/jackanalyzer/compilationengine/subroutine.go:23.2,23.56 1 0
github.com/ctjnkns/nand2tetris/10/jackanalyzer/compilationengine/subroutine.go:23.56,25.3 1 0
github.com/ctjnkns/nand2tetris/10/jackanalyzer/compilationengine/subroutine.go:27.2,30.44 2 0
github.com/ctjnkns/nand2tetris/10/jackanalyzer/compilationengine/subroutine.go:30.44,32.3 1 0
github.com/ctjnkns/nand2tetris/10/jackanalyzer/compilationengine/subroutine.go:35.2,35.45 1 0
github.com/ctjnkns/nand2tetris/10/jackanalyzer/compilationengine/subroutine.go:35.45,37.3 1 0
github.com/ctjnkns/nand2tetris/10/jackanalyzer/compilationengine/subroutine.go:40.2,40.45 1 0
github.com/ctjnkns/nand2tetris/10/jackanalyzer/compilationengine/subroutine.go:40.45,42.3 1 0
github.com/ctjnkns/nand2tetris/10/jackanalyzer/compilationengine/subroutine.go:44.2,44.44 1 0
github.com/ctjnkns/nand2tetris/10/jackanalyzer/compilationengine/subroutine.go:44.44,46.3 1 0
github.com/ctjnkns/nand2tetris/10/jackanalyzer/compilationengine/subroutine.go:48.2,48.50 1 0
github.com/ctjnkns/nand2tetris/10/jackanalyzer/compilationengine/subroutine.go:48.50,50.3 1 0
github.com/ctjnkns/nand2tetris/10/jackanalyzer/compilationengine/subroutine.go:52.2,52.44 1 0
github.com/ctjnkns/nand2tetris/10/jackanalyzer/compilationengine/subroutine.go:52.44,54.3 1 0
github.com/ctjnkns/nand2tetris/10/jackanalyzer/compilationengine/subroutine.go:56.2,56.51 1 0
github.com/ctjnkns/nand2tetris/10/jackanalyzer/compilationengine/subroutine.go:56.51,58.3 1 0
github.com/ctjnkns/nand2tetris/10/jackanalyzer/compilationengine/subroutine.go:60.2,62.41 2 0
github.com/ctjnkns/nand2tetris/10/jackanalyzer/compilationengine/subroutine.go:65.60,66.57 1 0
github.com/ctjnkns/nand2tetris/10/jackanalyzer/compilationengine/subroutine.go:66.57,68.3 1 0
github.com/ctjnkns/nand2tetris/10/jackanalyzer/compilationengine/subroutine.go:70.2,72.44 2 0
github.com/ctjnkns/nand2tetris/10/jackanalyzer/compilationengine/subroutine.go:72.44,74.3 1 0
github.com/ctjnkns/nand2tetris/10/jackanalyzer/compilationengine/subroutine.go:76.2,76.44 1 0
github.com/ctjnkns/nand2tetris/10/jackanalyzer/compilationengine/subroutine.go:76.44,78.3 1 0
github.com/ctjnkns/nand2tetris/10/jackanalyzer/compilationengine/subroutine.go:80.2,80.47 1 0
github.com/ctjnkns/nand2tetris/10/jackanalyzer/compilationengine/subroutine.go:80.47,82.3 1 0
github.com/ctjnkns/nand2tetris/10/jackanalyzer/compilationengine/subroutine.go:84.2,84.44 1 0
github.com/ctjnkns/nand2tetris/10/jackanalyzer/compilationengine/subroutine.go:84.44,86.3 1 0
github.com/ctjnkns/nand2tetris/10/jackanalyzer/compilationengine/subroutine.go:88.2,90.42 2 0
github.com/ctjnkns/nand2tetris/10/jackanalyzer/compilationengine/subroutine.go:93.59,94.56 1 0
github.com/ctjnkns/nand2tetris/10/jackanalyzer/compilationengine/subroutine.go:94.56,96.3 1 0
github.com/ctjnkns/nand2tetris/10/jackanalyzer/compilationengine/subroutine.go:98.2,100.33 2 0
github.com/ctjnkns/nand2tetris/10/jackanalyzer/compilationengine/subroutine.go:100.33,101.40 1 0
github.com/ctjnkns/nand2tetris/10/jackanalyzer/compilationengine/subroutine.go:101.40,103.4 1 0
github.com/ctjnkns/nand2tetris/10/jackanalyzer/compilationengine/subroutine.go:105.3,105.46 1 0
github.com/ctjnkns/nand2tetris/10/jackanalyzer/compilationengine/subroutine.go:105.46,107.4 1 0
github.com/ctjnkns/nand2tetris/10/jackanalyzer/compilationengine/subroutine.go:109.3,109.35 1 0
github.com/ctjnkns/nand2tetris/10/jackanalyzer/compilationengine/subroutine.go:109.35,110.46 1 0
github.com/ctjnkns/nand2tetris/10/jackanalyzer/compilationengine/subroutine.go:110.46,112.5 1 0
github.com/ctjnkns/nand2tetris/10/jackanalyzer/compilationengine/subroutine.go:114.4,114.41 1 0
github.com/ctjnkns/nand2tetris/10/jackanalyzer/compilationengine/subroutine.go:114.41,116.5 1 0
github.com/ctjnkns/nand2tetris/10/jackanalyzer/compilationengine/subroutine.go:118.4,118.47 1 0
github.com/ctjnkns/nand2tetris/10/jackanalyzer/compilationengine/subroutine.go:118.47,120.5 1 0
github.com/ctjnkns/nand2tetris/10/jackanalyzer/compilationengine/subroutine.go:124.2,126.41 2 0
github.com/ctjnkns/nand2tetris/10/jackanalyzer/compilationengine/subroutine.go:129.57,130.84 1 0
github.com/ctjnkns/nand2tetris/10/jackanalyzer/compilationengine/subroutine.go:130.84,132.17 2 0
github.com/ctjnkns/nand2tetris/10/jackanalyzer/compilationengine/subroutine.go:132.17,134.4 1 0
github.com/ctjnkns/nand2tetris/10/jackanalyzer/compilationengine/subroutine.go:136.3,136.88 1 0
github.com/ctjnkns/nand2tetris/10/jackanalyzer/compilationengine/subroutine.go:136.88,138.4 1 0
github.com/ctjnkns/nand2tetris/10/jackanalyzer/compilationengine/subroutine.go:140.3,140.48 1 0
github.com/ctjnkns/nand2tetris/10/jackanalyzer/compilationengine/subroutine.go:140.48,142.4 1 0
github.com/ctjnkns/nand2tetris/10/jackanalyzer/compilationengine/subroutine.go:145.2,145.12 1 0
github.com/ctjnkns/nand2tetris/10/jackanalyzer/compilationengine/subroutine.go:148.52,150.16 2 0
github.com/ctjnkns/nand2tetris/10/jackanalyzer/compilationengine/subroutine.go:150.16,152.3 1 0
github.com/ctjnkns/nand2tetris/10/jackanalyzer/compilationengine/subroutine.go:154.2,154.25 1 0
github.com/ctjnkns/nand2tetris/10/jackanalyzer/compilationengine/subroutine.go:154.25,156.3 1 0
github.com/ctjnkns/nand2tetris/10/jackanalyzer/compilationengine/subroutine.go:158.2,158.49 1 0
github.com/ctjnkns/nand2tetris/10/jackanalyzer/compilationengine/subroutine.go:158.49,160.3 1 0
github.com/ctjnkns/nand2tetris/10/jackanalyzer/compilationengine/subroutine.go:162.2,164.41 2 0
github.com/ctjnkns/nand2tetris/10/jackanalyzer/compilationengine/subroutine.go:164.41,166.3 1 0
github.com/ctjnkns/nand2tetris/10/jackanalyzer/compilationengine/subroutine.go:168.2,170.34 2 0
github.com/ctjnkns/nand2tetris/10/jackanalyzer/compilationengine/subroutine.go:173.53,174.84 1 0
github.com/ctjnkns/nand2tetris/10/jackanalyzer/compilationengine/subroutine.go:174.84,177.17 2 0
github.com/ctjnkns/nand2tetris/10/jackanalyzer/compilationengine/subroutine.go:177.17,179.4 1 0
github.com/ctjnkns/nand2tetris/10/jackanalyzer/compilationengine/subroutine.go:181.3,181.26 1 0
github.com/ctjnkns/nand2tetris/10/jackanalyzer/compilationengine/subroutine.go:181.26,183.4 1 0
github.com/ctjnkns/nand2tetris/10/jackanalyzer/compilationengine/subroutine.go:185.3,185.44 1 0
github.com/ctjnkns/nand2tetris/10/jackanalyzer/compilationengine/subroutine.go:185.44,187.4 1 0
github.com/ctjnkns/nand2tetris/10/jackanalyzer/compilationengine/subroutine.go:191.2,191.12 1 0
