mode: set
github.com/ctjnkns/nand2tetris/11/jackanalyzer/tokenizer/tokenizer.go:110.56,111.41 1 0
github.com/ctjnkns/nand2tetris/11/jackanalyzer/tokenizer/tokenizer.go:111.41,113.3 1 0
github.com/ctjnkns/nand2tetris/11/jackanalyzer/tokenizer/tokenizer.go:115.2,116.16 2 0
github.com/ctjnkns/nand2tetris/11/jackanalyzer/tokenizer/tokenizer.go:116.16,118.3 1 0
github.com/ctjnkns/nand2tetris/11/jackanalyzer/tokenizer/tokenizer.go:120.2,127.15 3 0
github.com/ctjnkns/nand2tetris/11/jackanalyzer/tokenizer/tokenizer.go:130.36,131.49 1 0
github.com/ctjnkns/nand2tetris/11/jackanalyzer/tokenizer/tokenizer.go:131.49,133.3 1 0
github.com/ctjnkns/nand2tetris/11/jackanalyzer/tokenizer/tokenizer.go:135.2,135.12 1 0
github.com/ctjnkns/nand2tetris/11/jackanalyzer/tokenizer/tokenizer.go:138.36,140.2 1 0
github.com/ctjnkns/nand2tetris/11/jackanalyzer/tokenizer/tokenizer.go:142.46,144.2 1 0
github.com/ctjnkns/nand2tetris/11/jackanalyzer/tokenizer/tokenizer.go:146.42,148.2 1 0
github.com/ctjnkns/nand2tetris/11/jackanalyzer/tokenizer/tokenizer.go:150.31,155.6 3 0
github.com/ctjnkns/nand2tetris/11/jackanalyzer/tokenizer/tokenizer.go:155.6,156.74 1 0
github.com/ctjnkns/nand2tetris/11/jackanalyzer/tokenizer/tokenizer.go:156.74,158.4 1 0
github.com/ctjnkns/nand2tetris/11/jackanalyzer/tokenizer/tokenizer.go:160.3,160.68 1 0
github.com/ctjnkns/nand2tetris/11/jackanalyzer/tokenizer/tokenizer.go:160.68,161.36 1 0
github.com/ctjnkns/nand2tetris/11/jackanalyzer/tokenizer/tokenizer.go:162.13,164.70 1 0
github.com/ctjnkns/nand2tetris/11/jackanalyzer/tokenizer/tokenizer.go:164.70,166.6 1 0
github.com/ctjnkns/nand2tetris/11/jackanalyzer/tokenizer/tokenizer.go:167.5,167.13 1 0
github.com/ctjnkns/nand2tetris/11/jackanalyzer/tokenizer/tokenizer.go:168.13,171.109 2 0
github.com/ctjnkns/nand2tetris/11/jackanalyzer/tokenizer/tokenizer.go:171.109,173.6 1 0
github.com/ctjnkns/nand2tetris/11/jackanalyzer/tokenizer/tokenizer.go:174.5,175.13 2 0
github.com/ctjnkns/nand2tetris/11/jackanalyzer/tokenizer/tokenizer.go:178.3,178.8 1 0
github.com/ctjnkns/nand2tetris/11/jackanalyzer/tokenizer/tokenizer.go:181.2,181.33 1 0
github.com/ctjnkns/nand2tetris/11/jackanalyzer/tokenizer/tokenizer.go:181.33,184.3 2 0
github.com/ctjnkns/nand2tetris/11/jackanalyzer/tokenizer/tokenizer.go:186.2,189.9 3 0
github.com/ctjnkns/nand2tetris/11/jackanalyzer/tokenizer/tokenizer.go:190.18,191.69 1 0
github.com/ctjnkns/nand2tetris/11/jackanalyzer/tokenizer/tokenizer.go:191.69,193.4 1 0
github.com/ctjnkns/nand2tetris/11/jackanalyzer/tokenizer/tokenizer.go:194.3,195.30 2 0
github.com/ctjnkns/nand2tetris/11/jackanalyzer/tokenizer/tokenizer.go:196.19,197.140 1 0
github.com/ctjnkns/nand2tetris/11/jackanalyzer/tokenizer/tokenizer.go:197.140,199.4 1 0
github.com/ctjnkns/nand2tetris/11/jackanalyzer/tokenizer/tokenizer.go:200.3,201.41 2 0
github.com/ctjnkns/nand2tetris/11/jackanalyzer/tokenizer/tokenizer.go:201.41,203.4 1 0
github.com/ctjnkns/nand2tetris/11/jackanalyzer/tokenizer/tokenizer.go:203.9,205.4 1 0
github.com/ctjnkns/nand2tetris/11/jackanalyzer/tokenizer/tokenizer.go:206.18,209.19 3 0
github.com/ctjnkns/nand2tetris/11/jackanalyzer/tokenizer/tokenizer.go:210.16,213.67 3 0
github.com/ctjnkns/nand2tetris/11/jackanalyzer/tokenizer/tokenizer.go:213.67,215.4 1 0
github.com/ctjnkns/nand2tetris/11/jackanalyzer/tokenizer/tokenizer.go:216.3,218.19 3 0
github.com/ctjnkns/nand2tetris/11/jackanalyzer/tokenizer/tokenizer.go:222.32,224.2 1 0
github.com/ctjnkns/nand2tetris/11/jackanalyzer/tokenizer/tokenizer.go:226.28,228.2 1 0
github.com/ctjnkns/nand2tetris/11/jackanalyzer/tokenizer/tokenizer.go:230.27,232.2 1 0
github.com/ctjnkns/nand2tetris/11/jackanalyzer/tokenizer/tokenizer.go:234.37,236.2 1 0
github.com/ctjnkns/nand2tetris/11/jackanalyzer/tokenizer/tokenizer.go:238.44,239.35 1 0
github.com/ctjnkns/nand2tetris/11/jackanalyzer/tokenizer/tokenizer.go:239.35,241.3 1 0
github.com/ctjnkns/nand2tetris/11/jackanalyzer/tokenizer/tokenizer.go:243.2,243.44 1 0
github.com/ctjnkns/nand2tetris/11/jackanalyzer/tokenizer/tokenizer.go:243.44,245.3 1 0
github.com/ctjnkns/nand2tetris/11/jackanalyzer/tokenizer/tokenizer.go:245.8,247.3 1 0
github.com/ctjnkns/nand2tetris/11/jackanalyzer/tokenizer/tokenizer.go:250.44,251.34 1 0
github.com/ctjnkns/nand2tetris/11/jackanalyzer/tokenizer/tokenizer.go:251.34,253.3 1 0
github.com/ctjnkns/nand2tetris/11/jackanalyzer/tokenizer/tokenizer.go:255.2,255.37 1 0
github.com/ctjnkns/nand2tetris/11/jackanalyzer/tokenizer/tokenizer.go:258.50,259.38 1 0
github.com/ctjnkns/nand2tetris/11/jackanalyzer/tokenizer/tokenizer.go:259.38,261.3 1 0
github.com/ctjnkns/nand2tetris/11/jackanalyzer/tokenizer/tokenizer.go:263.2,263.28 1 0
github.com/ctjnkns/nand2tetris/11/jackanalyzer/tokenizer/tokenizer.go:266.43,267.37 1 0
github.com/ctjnkns/nand2tetris/11/jackanalyzer/tokenizer/tokenizer.go:267.37,269.3 1 0
github.com/ctjnkns/nand2tetris/11/jackanalyzer/tokenizer/tokenizer.go:271.2,272.16 2 0
github.com/ctjnkns/nand2tetris/11/jackanalyzer/tokenizer/tokenizer.go:272.16,274.3 1 0
github.com/ctjnkns/nand2tetris/11/jackanalyzer/tokenizer/tokenizer.go:275.2,275.23 1 0
github.com/ctjnkns/nand2tetris/11/jackanalyzer/tokenizer/tokenizer.go:278.49,279.40 1 0
github.com/ctjnkns/nand2tetris/11/jackanalyzer/tokenizer/tokenizer.go:279.40,281.3 1 0
github.com/ctjnkns/nand2tetris/11/jackanalyzer/tokenizer/tokenizer.go:283.2,283.28 1 0
github.com/ctjnkns/nand2tetris/11/jackanalyzer/tokenizer/tokenizer.go:286.35,288.2 1 0
github.com/ctjnkns/nand2tetris/11/jackanalyzer/symboltable/symboltable.go:28.36,33.2 1 0
github.com/ctjnkns/nand2tetris/11/jackanalyzer/symboltable/symboltable.go:35.31,38.2 2 0
github.com/ctjnkns/nand2tetris/11/jackanalyzer/symboltable/symboltable.go:40.71,41.14 1 0
github.com/ctjnkns/nand2tetris/11/jackanalyzer/symboltable/symboltable.go:42.31,42.31 0 0
github.com/ctjnkns/nand2tetris/11/jackanalyzer/symboltable/symboltable.go:43.10,44.55 1 0
github.com/ctjnkns/nand2tetris/11/jackanalyzer/symboltable/symboltable.go:47.2,54.12 3 0
github.com/ctjnkns/nand2tetris/11/jackanalyzer/symboltable/symboltable.go:57.47,59.2 1 0
github.com/ctjnkns/nand2tetris/11/jackanalyzer/symboltable/symboltable.go:61.48,62.38 1 0
github.com/ctjnkns/nand2tetris/11/jackanalyzer/symboltable/symboltable.go:62.38,64.3 1 0
github.com/ctjnkns/nand2tetris/11/jackanalyzer/symboltable/symboltable.go:66.2,66.13 1 0
github.com/ctjnkns/nand2tetris/11/jackanalyzer/symboltable/symboltable.go:69.50,71.2 1 0
github.com/ctjnkns/nand2tetris/11/jackanalyzer/symboltable/symboltable.go:73.48,75.2 1 0
github.com/ctjnkns/nand2tetris/11/jackanalyzer/xmlcompilationengine/class.go:9.51,12.48 2 0
github.com/ctjnkns/nand2tetris/11/jackanalyzer/xmlcompilationengine/class.go:12.48,14.3 1 0
github.com/ctjnkns/nand2tetris/11/jackanalyzer/xmlcompilationengine/class.go:16.2,18.49 2 0
github.com/ctjnkns/nand2tetris/11/jackanalyzer/xmlcompilationengine/class.go:18.49,20.3 1 0
github.com/ctjnkns/nand2tetris/11/jackanalyzer/xmlcompilationengine/class.go:23.2,24.87 2 0
github.com/ctjnkns/nand2tetris/11/jackanalyzer/xmlcompilationengine/class.go:24.87,26.3 1 0
github.com/ctjnkns/nand2tetris/11/jackanalyzer/xmlcompilationengine/class.go:29.2,29.44 1 0
github.com/ctjnkns/nand2tetris/11/jackanalyzer/xmlcompilationengine/class.go:29.44,31.3 1 0
github.com/ctjnkns/nand2tetris/11/jackanalyzer/xmlcompilationengine/class.go:33.2,33.49 1 0
github.com/ctjnkns/nand2tetris/11/jackanalyzer/xmlcompilationengine/class.go:33.49,35.3 1 0
github.com/ctjnkns/nand2tetris/11/jackanalyzer/xmlcompilationengine/class.go:37.2,37.48 1 0
github.com/ctjnkns/nand2tetris/11/jackanalyzer/xmlcompilationengine/class.go:37.48,39.3 1 0
github.com/ctjnkns/nand2tetris/11/jackanalyzer/xmlcompilationengine/class.go:41.2,41.44 1 0
github.com/ctjnkns/nand2tetris/11/jackanalyzer/xmlcompilationengine/class.go:41.44,43.3 1 0
github.com/ctjnkns/nand2tetris/11/jackanalyzer/xmlcompilationengine/class.go:45.2,47.33 2 0
github.com/ctjnkns/nand2tetris/11/jackanalyzer/xmlcompilationengine/class.go:50.57,52.16 2 0
github.com/ctjnkns/nand2tetris/11/jackanalyzer/xmlcompilationengine/class.go:52.16,54.3 1 0
github.com/ctjnkns/nand2tetris/11/jackanalyzer/xmlcompilationengine/class.go:56.2,56.53 1 0
github.com/ctjnkns/nand2tetris/11/jackanalyzer/xmlcompilationengine/class.go:56.53,58.3 1 0
github.com/ctjnkns/nand2tetris/11/jackanalyzer/xmlcompilationengine/class.go:60.2,60.54 1 0
github.com/ctjnkns/nand2tetris/11/jackanalyzer/xmlcompilationengine/class.go:60.54,62.3 1 0
github.com/ctjnkns/nand2tetris/11/jackanalyzer/xmlcompilationengine/class.go:64.2,66.41 2 0
github.com/ctjnkns/nand2tetris/11/jackanalyzer/xmlcompilationengine/class.go:66.41,68.3 1 0
github.com/ctjnkns/nand2tetris/11/jackanalyzer/xmlcompilationengine/class.go:70.2,72.39 2 0
github.com/ctjnkns/nand2tetris/11/jackanalyzer/xmlcompilationengine/class.go:75.58,76.84 1 0
github.com/ctjnkns/nand2tetris/11/jackanalyzer/xmlcompilationengine/class.go:76.84,78.17 2 0
github.com/ctjnkns/nand2tetris/11/jackanalyzer/xmlcompilationengine/class.go:78.17,80.4 1 0
github.com/ctjnkns/nand2tetris/11/jackanalyzer/xmlcompilationengine/class.go:82.3,82.54 1 0
github.com/ctjnkns/nand2tetris/11/jackanalyzer/xmlcompilationengine/class.go:82.54,84.4 1 0
github.com/ctjnkns/nand2tetris/11/jackanalyzer/xmlcompilationengine/class.go:86.3,86.49 1 0
github.com/ctjnkns/nand2tetris/11/jackanalyzer/xmlcompilationengine/class.go:86.49,88.4 1 0
github.com/ctjnkns/nand2tetris/11/jackanalyzer/xmlcompilationengine/class.go:91.2,91.12 1 0
github.com/ctjnkns/nand2tetris/11/jackanalyzer/xmlcompilationengine/compilationengine.go:39.100,49.2 2 0
github.com/ctjnkns/nand2tetris/11/jackanalyzer/xmlcompilationengine/compilationengine.go:51.54,52.51 1 0
github.com/ctjnkns/nand2tetris/11/jackanalyzer/xmlcompilationengine/compilationengine.go:52.51,54.17 2 0
github.com/ctjnkns/nand2tetris/11/jackanalyzer/xmlcompilationengine/compilationengine.go:54.17,56.4 1 0
github.com/ctjnkns/nand2tetris/11/jackanalyzer/xmlcompilationengine/compilationengine.go:57.3,57.27 1 0
github.com/ctjnkns/nand2tetris/11/jackanalyzer/xmlcompilationengine/compilationengine.go:57.27,59.4 1 0
github.com/ctjnkns/nand2tetris/11/jackanalyzer/xmlcompilationengine/compilationengine.go:61.2,61.23 1 0
github.com/ctjnkns/nand2tetris/11/jackanalyzer/xmlcompilationengine/compilationengine.go:64.48,66.59 2 0
github.com/ctjnkns/nand2tetris/11/jackanalyzer/xmlcompilationengine/compilationengine.go:66.59,68.3 1 0
github.com/ctjnkns/nand2tetris/11/jackanalyzer/xmlcompilationengine/compilationengine.go:70.2,70.29 1 0
github.com/ctjnkns/nand2tetris/11/jackanalyzer/xmlcompilationengine/compilationengine.go:70.29,72.17 2 0
github.com/ctjnkns/nand2tetris/11/jackanalyzer/xmlcompilationengine/compilationengine.go:72.17,74.4 1 0
github.com/ctjnkns/nand2tetris/11/jackanalyzer/xmlcompilationengine/compilationengine.go:76.3,76.77 1 0
github.com/ctjnkns/nand2tetris/11/jackanalyzer/xmlcompilationengine/compilationengine.go:76.77,78.4 1 0
github.com/ctjnkns/nand2tetris/11/jackanalyzer/xmlcompilationengine/compilationengine.go:80.3,80.66 1 0
github.com/ctjnkns/nand2tetris/11/jackanalyzer/xmlcompilationengine/compilationengine.go:83.2,84.59 2 0
github.com/ctjnkns/nand2tetris/11/jackanalyzer/xmlcompilationengine/compilationengine.go:87.50,89.16 2 0
github.com/ctjnkns/nand2tetris/11/jackanalyzer/xmlcompilationengine/compilationengine.go:89.16,91.3 1 0
github.com/ctjnkns/nand2tetris/11/jackanalyzer/xmlcompilationengine/compilationengine.go:93.2,95.12 2 0
github.com/ctjnkns/nand2tetris/11/jackanalyzer/xmlcompilationengine/compilationengine.go:96.24,97.28 1 0
github.com/ctjnkns/nand2tetris/11/jackanalyzer/xmlcompilationengine/compilationengine.go:98.23,99.27 1 0
github.com/ctjnkns/nand2tetris/11/jackanalyzer/xmlcompilationengine/compilationengine.go:100.21,101.25 1 0
github.com/ctjnkns/nand2tetris/11/jackanalyzer/xmlcompilationengine/compilationengine.go:102.10,103.84 1 0
github.com/ctjnkns/nand2tetris/11/jackanalyzer/xmlcompilationengine/compilationengine.go:107.2,107.44 1 0
github.com/ctjnkns/nand2tetris/11/jackanalyzer/xmlcompilationengine/compilationengine.go:107.44,109.3 1 0
github.com/ctjnkns/nand2tetris/11/jackanalyzer/xmlcompilationengine/compilationengine.go:111.2,114.39 2 0
github.com/ctjnkns/nand2tetris/11/jackanalyzer/xmlcompilationengine/compilationengine.go:114.39,116.3 1 0
github.com/ctjnkns/nand2tetris/11/jackanalyzer/xmlcompilationengine/compilationengine.go:118.2,121.29 3 0
github.com/ctjnkns/nand2tetris/11/jackanalyzer/xmlcompilationengine/compilationengine.go:121.29,123.3 1 0
github.com/ctjnkns/nand2tetris/11/jackanalyzer/xmlcompilationengine/compilationengine.go:123.8,125.3 1 0
github.com/ctjnkns/nand2tetris/11/jackanalyzer/xmlcompilationengine/compilationengine.go:127.2,127.59 1 0
github.com/ctjnkns/nand2tetris/11/jackanalyzer/xmlcompilationengine/compilationengine.go:127.59,129.3 1 0
github.com/ctjnkns/nand2tetris/11/jackanalyzer/xmlcompilationengine/compilationengine.go:131.2,134.83 3 0
github.com/ctjnkns/nand2tetris/11/jackanalyzer/xmlcompilationengine/compilationengine.go:134.83,136.3 1 0
github.com/ctjnkns/nand2tetris/11/jackanalyzer/xmlcompilationengine/compilationengine.go:139.2,139.82 1 0
github.com/ctjnkns/nand2tetris/11/jackanalyzer/xmlcompilationengine/compilationengine.go:139.82,140.45 1 0
github.com/ctjnkns/nand2tetris/11/jackanalyzer/xmlcompilationengine/compilationengine.go:140.45,142.4 1 0
github.com/ctjnkns/nand2tetris/11/jackanalyzer/xmlcompilationengine/compilationengine.go:144.3,146.60 2 0
github.com/ctjnkns/nand2tetris/11/jackanalyzer/xmlcompilationengine/compilationengine.go:146.60,148.4 1 0
github.com/ctjnkns/nand2tetris/11/jackanalyzer/xmlcompilationengine/compilationengine.go:150.3,153.84 3 0
github.com/ctjnkns/nand2tetris/11/jackanalyzer/xmlcompilationengine/compilationengine.go:153.84,155.4 1 0
github.com/ctjnkns/nand2tetris/11/jackanalyzer/xmlcompilationengine/compilationengine.go:159.2,159.28 1 0
github.com/ctjnkns/nand2tetris/11/jackanalyzer/xmlcompilationengine/compilationengine.go:162.58,164.2 1 0
github.com/ctjnkns/nand2tetris/11/jackanalyzer/xmlcompilationengine/compilationengine.go:166.59,168.2 1 0
github.com/ctjnkns/nand2tetris/11/jackanalyzer/xmlcompilationengine/compilationengine.go:170.100,171.112 1 0
github.com/ctjnkns/nand2tetris/11/jackanalyzer/xmlcompilationengine/compilationengine.go:171.112,173.3 1 0
github.com/ctjnkns/nand2tetris/11/jackanalyzer/xmlcompilationengine/compilationengine.go:175.2,175.158 1 0
github.com/ctjnkns/nand2tetris/11/jackanalyzer/xmlcompilationengine/compilationengine.go:178.69,179.43 1 0
github.com/ctjnkns/nand2tetris/11/jackanalyzer/xmlcompilationengine/compilationengine.go:179.43,181.3 1 0
github.com/ctjnkns/nand2tetris/11/jackanalyzer/xmlcompilationengine/compilationengine.go:183.2,183.29 1 0
github.com/ctjnkns/nand2tetris/11/jackanalyzer/xmlcompilationengine/compilationengine.go:186.59,189.16 3 0
github.com/ctjnkns/nand2tetris/11/jackanalyzer/xmlcompilationengine/compilationengine.go:189.16,191.3 1 0
github.com/ctjnkns/nand2tetris/11/jackanalyzer/xmlcompilationengine/compilationengine.go:192.2,193.16 2 0
github.com/ctjnkns/nand2tetris/11/jackanalyzer/xmlcompilationengine/compilationengine.go:193.16,195.3 1 0
github.com/ctjnkns/nand2tetris/11/jackanalyzer/xmlcompilationengine/compilationengine.go:197.2,197.12 1 0
github.com/ctjnkns/nand2tetris/11/jackanalyzer/xmlcompilationengine/compilationengine.go:200.54,201.34 1 0
github.com/ctjnkns/nand2tetris/11/jackanalyzer/xmlcompilationengine/compilationengine.go:201.34,203.3 1 0
github.com/ctjnkns/nand2tetris/11/jackanalyzer/xmlcompilationengine/compilationengine.go:205.2,205.12 1 0
github.com/ctjnkns/nand2tetris/11/jackanalyzer/xmlcompilationengine/compilationengine.go:208.33,214.2 5 0
github.com/ctjnkns/nand2tetris/11/jackanalyzer/xmlcompilationengine/compilationengine.go:216.98,217.54 1 0
github.com/ctjnkns/nand2tetris/11/jackanalyzer/xmlcompilationengine/compilationengine.go:217.54,219.3 1 0
github.com/ctjnkns/nand2tetris/11/jackanalyzer/xmlcompilationengine/compilationengine.go:220.2,220.34 1 0
github.com/ctjnkns/nand2tetris/11/jackanalyzer/xmlcompilationengine/compilationengine.go:220.34,222.3 1 0
github.com/ctjnkns/nand2tetris/11/jackanalyzer/xmlcompilationengine/compilationengine.go:224.2,224.53 1 0
github.com/ctjnkns/nand2tetris/11/jackanalyzer/xmlcompilationengine/compilationengine.go:224.53,226.3 1 0
github.com/ctjnkns/nand2tetris/11/jackanalyzer/xmlcompilationengine/compilationengine.go:228.2,230.88 2 0
github.com/ctjnkns/nand2tetris/11/jackanalyzer/xmlcompilationengine/compilationengine.go:230.88,232.3 1 0
github.com/ctjnkns/nand2tetris/11/jackanalyzer/xmlcompilationengine/compilationengine.go:234.2,234.89 1 0
github.com/ctjnkns/nand2tetris/11/jackanalyzer/xmlcompilationengine/compilationengine.go:234.89,236.3 1 0
github.com/ctjnkns/nand2tetris/11/jackanalyzer/xmlcompilationengine/compilationengine.go:238.2,238.18 1 0
github.com/ctjnkns/nand2tetris/11/jackanalyzer/xmlcompilationengine/compilationengine.go:238.18,239.82 1 0
github.com/ctjnkns/nand2tetris/11/jackanalyzer/xmlcompilationengine/compilationengine.go:239.82,241.4 1 0
github.com/ctjnkns/nand2tetris/11/jackanalyzer/xmlcompilationengine/compilationengine.go:244.2,244.80 1 0
github.com/ctjnkns/nand2tetris/11/jackanalyzer/xmlcompilationengine/compilationengine.go:244.80,246.3 1 0
github.com/ctjnkns/nand2tetris/11/jackanalyzer/xmlcompilationengine/compilationengine.go:248.2,250.54 2 0
github.com/ctjnkns/nand2tetris/11/jackanalyzer/xmlcompilationengine/compilationengine.go:250.54,252.3 1 0
github.com/ctjnkns/nand2tetris/11/jackanalyzer/xmlcompilationengine/compilationengine.go:254.2,254.29 1 0
github.com/ctjnkns/nand2tetris/11/jackanalyzer/xmlcompilationengine/compilationengine.go:257.66,259.9 2 0
github.com/ctjnkns/nand2tetris/11/jackanalyzer/xmlcompilationengine/compilationengine.go:259.9,261.3 1 0
github.com/ctjnkns/nand2tetris/11/jackanalyzer/xmlcompilationengine/compilationengine.go:263.2,267.63 4 0
github.com/ctjnkns/nand2tetris/11/jackanalyzer/xmlcompilationengine/compilationengine.go:270.49,271.14 1 0
github.com/ctjnkns/nand2tetris/11/jackanalyzer/xmlcompilationengine/compilationengine.go:272.26,273.18 1 0
github.com/ctjnkns/nand2tetris/11/jackanalyzer/xmlcompilationengine/compilationengine.go:274.25,275.17 1 0
github.com/ctjnkns/nand2tetris/11/jackanalyzer/xmlcompilationengine/compilationengine.go:276.23,277.15 1 0
github.com/ctjnkns/nand2tetris/11/jackanalyzer/xmlcompilationengine/compilationengine.go:278.23,279.15 1 0
github.com/ctjnkns/nand2tetris/11/jackanalyzer/xmlcompilationengine/compilationengine.go:280.10,281.16 1 0
github.com/ctjnkns/nand2tetris/11/jackanalyzer/xmlcompilationengine/compilationengine.go:285.83,286.57 1 0
github.com/ctjnkns/nand2tetris/11/jackanalyzer/xmlcompilationengine/compilationengine.go:286.57,288.3 1 0
github.com/ctjnkns/nand2tetris/11/jackanalyzer/xmlcompilationengine/compilationengine.go:289.2,289.52 1 0
github.com/ctjnkns/nand2tetris/11/jackanalyzer/xmlcompilationengine/compilationengine.go:289.52,291.3 1 0
github.com/ctjnkns/nand2tetris/11/jackanalyzer/xmlcompilationengine/compilationengine.go:292.2,292.19 1 0
github.com/ctjnkns/nand2tetris/11/jackanalyzer/xmlcompilationengine/expressions.go:5.56,6.53 1 0
github.com/ctjnkns/nand2tetris/11/jackanalyzer/xmlcompilationengine/expressions.go:6.53,8.3 1 0
github.com/ctjnkns/nand2tetris/11/jackanalyzer/xmlcompilationengine/expressions.go:10.2,12.41 2 0
github.com/ctjnkns/nand2tetris/11/jackanalyzer/xmlcompilationengine/expressions.go:12.41,14.3 1 0
github.com/ctjnkns/nand2tetris/11/jackanalyzer/xmlcompilationengine/expressions.go:16.2,16.33 1 0
github.com/ctjnkns/nand2tetris/11/jackanalyzer/xmlcompilationengine/expressions.go:16.33,17.62 1 0
github.com/ctjnkns/nand2tetris/11/jackanalyzer/xmlcompilationengine/expressions.go:17.62,19.4 1 0
github.com/ctjnkns/nand2tetris/11/jackanalyzer/xmlcompilationengine/expressions.go:20.3,20.42 1 0
github.com/ctjnkns/nand2tetris/11/jackanalyzer/xmlcompilationengine/expressions.go:20.42,22.4 1 0
github.com/ctjnkns/nand2tetris/11/jackanalyzer/xmlcompilationengine/expressions.go:25.2,27.38 2 0
github.com/ctjnkns/nand2tetris/11/jackanalyzer/xmlcompilationengine/expressions.go:30.26,31.11 1 0
github.com/ctjnkns/nand2tetris/11/jackanalyzer/xmlcompilationengine/expressions.go:32.51,33.14 1 0
github.com/ctjnkns/nand2tetris/11/jackanalyzer/xmlcompilationengine/expressions.go:35.2,35.14 1 0
github.com/ctjnkns/nand2tetris/11/jackanalyzer/xmlcompilationengine/expressions.go:38.50,39.47 1 0
github.com/ctjnkns/nand2tetris/11/jackanalyzer/xmlcompilationengine/expressions.go:39.47,41.3 1 0
github.com/ctjnkns/nand2tetris/11/jackanalyzer/xmlcompilationengine/expressions.go:43.2,45.34 2 0
github.com/ctjnkns/nand2tetris/11/jackanalyzer/xmlcompilationengine/expressions.go:46.27,47.77 1 0
github.com/ctjnkns/nand2tetris/11/jackanalyzer/xmlcompilationengine/expressions.go:47.77,49.4 1 0
github.com/ctjnkns/nand2tetris/11/jackanalyzer/xmlcompilationengine/expressions.go:50.30,51.80 1 0
github.com/ctjnkns/nand2tetris/11/jackanalyzer/xmlcompilationengine/expressions.go:51.80,53.4 1 0
github.com/ctjnkns/nand2tetris/11/jackanalyzer/xmlcompilationengine/expressions.go:54.25,55.45 1 0
github.com/ctjnkns/nand2tetris/11/jackanalyzer/xmlcompilationengine/expressions.go:55.45,57.4 1 0
github.com/ctjnkns/nand2tetris/11/jackanalyzer/xmlcompilationengine/expressions.go:58.28,61.30 2 0
github.com/ctjnkns/nand2tetris/11/jackanalyzer/xmlcompilationengine/expressions.go:62.12,63.52 1 0
github.com/ctjnkns/nand2tetris/11/jackanalyzer/xmlcompilationengine/expressions.go:63.52,65.5 1 0
github.com/ctjnkns/nand2tetris/11/jackanalyzer/xmlcompilationengine/expressions.go:66.4,66.46 1 0
github.com/ctjnkns/nand2tetris/11/jackanalyzer/xmlcompilationengine/expressions.go:66.46,68.5 1 0
github.com/ctjnkns/nand2tetris/11/jackanalyzer/xmlcompilationengine/expressions.go:69.4,69.49 1 0
github.com/ctjnkns/nand2tetris/11/jackanalyzer/xmlcompilationengine/expressions.go:69.49,71.5 1 0
github.com/ctjnkns/nand2tetris/11/jackanalyzer/xmlcompilationengine/expressions.go:72.4,72.46 1 0
github.com/ctjnkns/nand2tetris/11/jackanalyzer/xmlcompilationengine/expressions.go:72.46,74.5 1 0
github.com/ctjnkns/nand2tetris/11/jackanalyzer/xmlcompilationengine/expressions.go:76.12,77.82 1 0
github.com/ctjnkns/nand2tetris/11/jackanalyzer/xmlcompilationengine/expressions.go:77.82,79.5 1 0
github.com/ctjnkns/nand2tetris/11/jackanalyzer/xmlcompilationengine/expressions.go:80.4,80.46 1 0
github.com/ctjnkns/nand2tetris/11/jackanalyzer/xmlcompilationengine/expressions.go:80.46,82.5 1 0
github.com/ctjnkns/nand2tetris/11/jackanalyzer/xmlcompilationengine/expressions.go:83.4,83.56 1 0
github.com/ctjnkns/nand2tetris/11/jackanalyzer/xmlcompilationengine/expressions.go:83.56,85.5 1 0
github.com/ctjnkns/nand2tetris/11/jackanalyzer/xmlcompilationengine/expressions.go:86.4,86.46 1 0
github.com/ctjnkns/nand2tetris/11/jackanalyzer/xmlcompilationengine/expressions.go:86.46,88.5 1 0
github.com/ctjnkns/nand2tetris/11/jackanalyzer/xmlcompilationengine/expressions.go:90.12,91.36 1 0
github.com/ctjnkns/nand2tetris/11/jackanalyzer/xmlcompilationengine/expressions.go:91.36,92.53 1 0
github.com/ctjnkns/nand2tetris/11/jackanalyzer/xmlcompilationengine/expressions.go:92.53,94.6 1 0
github.com/ctjnkns/nand2tetris/11/jackanalyzer/xmlcompilationengine/expressions.go:95.10,96.78 1 0
github.com/ctjnkns/nand2tetris/11/jackanalyzer/xmlcompilationengine/expressions.go:96.78,98.6 1 0
github.com/ctjnkns/nand2tetris/11/jackanalyzer/xmlcompilationengine/expressions.go:101.4,101.46 1 0
github.com/ctjnkns/nand2tetris/11/jackanalyzer/xmlcompilationengine/expressions.go:101.46,103.5 1 0
github.com/ctjnkns/nand2tetris/11/jackanalyzer/xmlcompilationengine/expressions.go:105.4,106.92 2 0
github.com/ctjnkns/nand2tetris/11/jackanalyzer/xmlcompilationengine/expressions.go:106.92,108.5 1 0
github.com/ctjnkns/nand2tetris/11/jackanalyzer/xmlcompilationengine/expressions.go:110.4,110.46 1 0
github.com/ctjnkns/nand2tetris/11/jackanalyzer/xmlcompilationengine/expressions.go:110.46,112.5 1 0
github.com/ctjnkns/nand2tetris/11/jackanalyzer/xmlcompilationengine/expressions.go:113.4,113.56 1 0
github.com/ctjnkns/nand2tetris/11/jackanalyzer/xmlcompilationengine/expressions.go:113.56,115.5 1 0
github.com/ctjnkns/nand2tetris/11/jackanalyzer/xmlcompilationengine/expressions.go:116.4,116.46 1 0
github.com/ctjnkns/nand2tetris/11/jackanalyzer/xmlcompilationengine/expressions.go:116.46,118.5 1 0
github.com/ctjnkns/nand2tetris/11/jackanalyzer/xmlcompilationengine/expressions.go:120.11,121.52 1 0
github.com/ctjnkns/nand2tetris/11/jackanalyzer/xmlcompilationengine/expressions.go:121.52,123.5 1 0
github.com/ctjnkns/nand2tetris/11/jackanalyzer/xmlcompilationengine/expressions.go:125.24,126.34 1 0
github.com/ctjnkns/nand2tetris/11/jackanalyzer/xmlcompilationengine/expressions.go:126.34,127.46 1 0
github.com/ctjnkns/nand2tetris/11/jackanalyzer/xmlcompilationengine/expressions.go:127.46,129.5 1 0
github.com/ctjnkns/nand2tetris/11/jackanalyzer/xmlcompilationengine/expressions.go:130.4,130.49 1 0
github.com/ctjnkns/nand2tetris/11/jackanalyzer/xmlcompilationengine/expressions.go:130.49,132.5 1 0
github.com/ctjnkns/nand2tetris/11/jackanalyzer/xmlcompilationengine/expressions.go:133.4,133.46 1 0
github.com/ctjnkns/nand2tetris/11/jackanalyzer/xmlcompilationengine/expressions.go:133.46,135.5 1 0
github.com/ctjnkns/nand2tetris/11/jackanalyzer/xmlcompilationengine/expressions.go:136.9,138.63 1 0
github.com/ctjnkns/nand2tetris/11/jackanalyzer/xmlcompilationengine/expressions.go:138.63,140.5 1 0
github.com/ctjnkns/nand2tetris/11/jackanalyzer/xmlcompilationengine/expressions.go:141.4,141.43 1 0
github.com/ctjnkns/nand2tetris/11/jackanalyzer/xmlcompilationengine/expressions.go:141.43,143.5 1 0
github.com/ctjnkns/nand2tetris/11/jackanalyzer/xmlcompilationengine/expressions.go:147.2,149.32 2 0
github.com/ctjnkns/nand2tetris/11/jackanalyzer/xmlcompilationengine/expressions.go:152.67,153.57 1 0
github.com/ctjnkns/nand2tetris/11/jackanalyzer/xmlcompilationengine/expressions.go:153.57,155.3 1 0
github.com/ctjnkns/nand2tetris/11/jackanalyzer/xmlcompilationengine/expressions.go:157.2,160.33 3 0
github.com/ctjnkns/nand2tetris/11/jackanalyzer/xmlcompilationengine/expressions.go:160.33,161.48 1 0
github.com/ctjnkns/nand2tetris/11/jackanalyzer/xmlcompilationengine/expressions.go:161.48,163.4 1 0
github.com/ctjnkns/nand2tetris/11/jackanalyzer/xmlcompilationengine/expressions.go:164.3,166.35 2 0
github.com/ctjnkns/nand2tetris/11/jackanalyzer/xmlcompilationengine/expressions.go:166.35,167.46 1 0
github.com/ctjnkns/nand2tetris/11/jackanalyzer/xmlcompilationengine/expressions.go:167.46,169.5 1 0
github.com/ctjnkns/nand2tetris/11/jackanalyzer/xmlcompilationengine/expressions.go:170.4,170.49 1 0
github.com/ctjnkns/nand2tetris/11/jackanalyzer/xmlcompilationengine/expressions.go:170.49,172.5 1 0
github.com/ctjnkns/nand2tetris/11/jackanalyzer/xmlcompilationengine/expressions.go:173.4,173.11 1 0
github.com/ctjnkns/nand2tetris/11/jackanalyzer/xmlcompilationengine/expressions.go:177.2,179.49 2 0
github.com/ctjnkns/nand2tetris/11/jackanalyzer/xmlcompilationengine/statements.go:7.56,8.53 1 0
github.com/ctjnkns/nand2tetris/11/jackanalyzer/xmlcompilationengine/statements.go:8.53,10.3 1 0
github.com/ctjnkns/nand2tetris/11/jackanalyzer/xmlcompilationengine/statements.go:12.2,14.84 2 0
github.com/ctjnkns/nand2tetris/11/jackanalyzer/xmlcompilationengine/statements.go:14.84,16.17 2 0
github.com/ctjnkns/nand2tetris/11/jackanalyzer/xmlcompilationengine/statements.go:16.17,18.4 1 0
github.com/ctjnkns/nand2tetris/11/jackanalyzer/xmlcompilationengine/statements.go:20.3,20.13 1 0
github.com/ctjnkns/nand2tetris/11/jackanalyzer/xmlcompilationengine/statements.go:21.22,22.42 1 0
github.com/ctjnkns/nand2tetris/11/jackanalyzer/xmlcompilationengine/statements.go:22.42,24.5 1 0
github.com/ctjnkns/nand2tetris/11/jackanalyzer/xmlcompilationengine/statements.go:25.21,26.41 1 0
github.com/ctjnkns/nand2tetris/11/jackanalyzer/xmlcompilationengine/statements.go:26.41,28.5 1 0
github.com/ctjnkns/nand2tetris/11/jackanalyzer/xmlcompilationengine/statements.go:29.24,30.44 1 0
github.com/ctjnkns/nand2tetris/11/jackanalyzer/xmlcompilationengine/statements.go:30.44,32.5 1 0
github.com/ctjnkns/nand2tetris/11/jackanalyzer/xmlcompilationengine/statements.go:33.21,34.41 1 0
github.com/ctjnkns/nand2tetris/11/jackanalyzer/xmlcompilationengine/statements.go:34.41,36.5 1 0
github.com/ctjnkns/nand2tetris/11/jackanalyzer/xmlcompilationengine/statements.go:37.25,38.45 1 0
github.com/ctjnkns/nand2tetris/11/jackanalyzer/xmlcompilationengine/statements.go:38.45,40.5 1 0
github.com/ctjnkns/nand2tetris/11/jackanalyzer/xmlcompilationengine/statements.go:44.2,46.38 2 0
github.com/ctjnkns/nand2tetris/11/jackanalyzer/xmlcompilationengine/statements.go:49.49,50.55 1 0
github.com/ctjnkns/nand2tetris/11/jackanalyzer/xmlcompilationengine/statements.go:50.55,52.3 1 0
github.com/ctjnkns/nand2tetris/11/jackanalyzer/xmlcompilationengine/statements.go:54.2,56.47 2 0
github.com/ctjnkns/nand2tetris/11/jackanalyzer/xmlcompilationengine/statements.go:56.47,58.3 1 0
github.com/ctjnkns/nand2tetris/11/jackanalyzer/xmlcompilationengine/statements.go:61.2,62.50 2 0
github.com/ctjnkns/nand2tetris/11/jackanalyzer/xmlcompilationengine/statements.go:62.50,64.3 1 0
github.com/ctjnkns/nand2tetris/11/jackanalyzer/xmlcompilationengine/statements.go:66.2,66.33 1 0
github.com/ctjnkns/nand2tetris/11/jackanalyzer/xmlcompilationengine/statements.go:66.33,67.45 1 0
github.com/ctjnkns/nand2tetris/11/jackanalyzer/xmlcompilationengine/statements.go:67.45,69.4 1 0
github.com/ctjnkns/nand2tetris/11/jackanalyzer/xmlcompilationengine/statements.go:70.3,70.48 1 0
github.com/ctjnkns/nand2tetris/11/jackanalyzer/xmlcompilationengine/statements.go:70.48,72.4 1 0
github.com/ctjnkns/nand2tetris/11/jackanalyzer/xmlcompilationengine/statements.go:73.3,73.45 1 0
github.com/ctjnkns/nand2tetris/11/jackanalyzer/xmlcompilationengine/statements.go:73.45,75.4 1 0
github.com/ctjnkns/nand2tetris/11/jackanalyzer/xmlcompilationengine/statements.go:78.2,78.44 1 0
github.com/ctjnkns/nand2tetris/11/jackanalyzer/xmlcompilationengine/statements.go:78.44,80.3 1 0
github.com/ctjnkns/nand2tetris/11/jackanalyzer/xmlcompilationengine/statements.go:82.2,82.47 1 0
github.com/ctjnkns/nand2tetris/11/jackanalyzer/xmlcompilationengine/statements.go:82.47,84.3 1 0
github.com/ctjnkns/nand2tetris/11/jackanalyzer/xmlcompilationengine/statements.go:86.2,86.44 1 0
github.com/ctjnkns/nand2tetris/11/jackanalyzer/xmlcompilationengine/statements.go:86.44,88.3 1 0
github.com/ctjnkns/nand2tetris/11/jackanalyzer/xmlcompilationengine/statements.go:90.2,92.40 2 0
github.com/ctjnkns/nand2tetris/11/jackanalyzer/xmlcompilationengine/statements.go:95.48,96.54 1 0
github.com/ctjnkns/nand2tetris/11/jackanalyzer/xmlcompilationengine/statements.go:96.54,98.3 1 0
github.com/ctjnkns/nand2tetris/11/jackanalyzer/xmlcompilationengine/statements.go:100.2,102.46 2 0
github.com/ctjnkns/nand2tetris/11/jackanalyzer/xmlcompilationengine/statements.go:102.46,104.3 1 0
github.com/ctjnkns/nand2tetris/11/jackanalyzer/xmlcompilationengine/statements.go:106.2,106.44 1 0
github.com/ctjnkns/nand2tetris/11/jackanalyzer/xmlcompilationengine/statements.go:106.44,108.3 1 0
github.com/ctjnkns/nand2tetris/11/jackanalyzer/xmlcompilationengine/statements.go:110.2,110.47 1 0
github.com/ctjnkns/nand2tetris/11/jackanalyzer/xmlcompilationengine/statements.go:110.47,112.3 1 0
github.com/ctjnkns/nand2tetris/11/jackanalyzer/xmlcompilationengine/statements.go:114.2,114.44 1 0
github.com/ctjnkns/nand2tetris/11/jackanalyzer/xmlcompilationengine/statements.go:114.44,116.3 1 0
github.com/ctjnkns/nand2tetris/11/jackanalyzer/xmlcompilationengine/statements.go:118.2,118.44 1 0
github.com/ctjnkns/nand2tetris/11/jackanalyzer/xmlcompilationengine/statements.go:118.44,120.3 1 0
github.com/ctjnkns/nand2tetris/11/jackanalyzer/xmlcompilationengine/statements.go:122.2,122.47 1 0
github.com/ctjnkns/nand2tetris/11/jackanalyzer/xmlcompilationengine/statements.go:122.47,124.3 1 0
github.com/ctjnkns/nand2tetris/11/jackanalyzer/xmlcompilationengine/statements.go:126.2,126.44 1 0
github.com/ctjnkns/nand2tetris/11/jackanalyzer/xmlcompilationengine/statements.go:126.44,128.3 1 0
github.com/ctjnkns/nand2tetris/11/jackanalyzer/xmlcompilationengine/statements.go:130.2,130.51 1 0
github.com/ctjnkns/nand2tetris/11/jackanalyzer/xmlcompilationengine/statements.go:130.51,132.17 2 0
github.com/ctjnkns/nand2tetris/11/jackanalyzer/xmlcompilationengine/statements.go:132.17,134.4 1 0
github.com/ctjnkns/nand2tetris/11/jackanalyzer/xmlcompilationengine/statements.go:136.3,136.27 1 0
github.com/ctjnkns/nand2tetris/11/jackanalyzer/xmlcompilationengine/statements.go:136.27,137.50 1 0
github.com/ctjnkns/nand2tetris/11/jackanalyzer/xmlcompilationengine/statements.go:137.50,139.5 1 0
github.com/ctjnkns/nand2tetris/11/jackanalyzer/xmlcompilationengine/statements.go:141.4,141.46 1 0
github.com/ctjnkns/nand2tetris/11/jackanalyzer/xmlcompilationengine/statements.go:141.46,143.5 1 0
github.com/ctjnkns/nand2tetris/11/jackanalyzer/xmlcompilationengine/statements.go:145.4,145.49 1 0
github.com/ctjnkns/nand2tetris/11/jackanalyzer/xmlcompilationengine/statements.go:145.49,147.5 1 0
github.com/ctjnkns/nand2tetris/11/jackanalyzer/xmlcompilationengine/statements.go:149.4,149.46 1 0
github.com/ctjnkns/nand2tetris/11/jackanalyzer/xmlcompilationengine/statements.go:149.46,151.5 1 0
github.com/ctjnkns/nand2tetris/11/jackanalyzer/xmlcompilationengine/statements.go:155.2,157.39 2 0
github.com/ctjnkns/nand2tetris/11/jackanalyzer/xmlcompilationengine/statements.go:160.51,161.57 1 0
github.com/ctjnkns/nand2tetris/11/jackanalyzer/xmlcompilationengine/statements.go:161.57,163.3 1 0
github.com/ctjnkns/nand2tetris/11/jackanalyzer/xmlcompilationengine/statements.go:165.2,167.49 2 0
github.com/ctjnkns/nand2tetris/11/jackanalyzer/xmlcompilationengine/statements.go:167.49,169.3 1 0
github.com/ctjnkns/nand2tetris/11/jackanalyzer/xmlcompilationengine/statements.go:171.2,171.44 1 0
github.com/ctjnkns/nand2tetris/11/jackanalyzer/xmlcompilationengine/statements.go:171.44,173.3 1 0
github.com/ctjnkns/nand2tetris/11/jackanalyzer/xmlcompilationengine/statements.go:175.2,175.47 1 0
github.com/ctjnkns/nand2tetris/11/jackanalyzer/xmlcompilationengine/statements.go:175.47,177.3 1 0
github.com/ctjnkns/nand2tetris/11/jackanalyzer/xmlcompilationengine/statements.go:179.2,179.44 1 0
github.com/ctjnkns/nand2tetris/11/jackanalyzer/xmlcompilationengine/statements.go:179.44,181.3 1 0
github.com/ctjnkns/nand2tetris/11/jackanalyzer/xmlcompilationengine/statements.go:183.2,183.44 1 0
github.com/ctjnkns/nand2tetris/11/jackanalyzer/xmlcompilationengine/statements.go:183.44,185.3 1 0
github.com/ctjnkns/nand2tetris/11/jackanalyzer/xmlcompilationengine/statements.go:187.2,187.47 1 0
github.com/ctjnkns/nand2tetris/11/jackanalyzer/xmlcompilationengine/statements.go:187.47,189.3 1 0
github.com/ctjnkns/nand2tetris/11/jackanalyzer/xmlcompilationengine/statements.go:191.2,191.44 1 0
github.com/ctjnkns/nand2tetris/11/jackanalyzer/xmlcompilationengine/statements.go:191.44,193.3 1 0
github.com/ctjnkns/nand2tetris/11/jackanalyzer/xmlcompilationengine/statements.go:195.2,197.58 2 0
github.com/ctjnkns/nand2tetris/11/jackanalyzer/xmlcompilationengine/statements.go:197.58,199.3 1 0
github.com/ctjnkns/nand2tetris/11/jackanalyzer/xmlcompilationengine/statements.go:201.2,201.12 1 0
github.com/ctjnkns/nand2tetris/11/jackanalyzer/xmlcompilationengine/statements.go:204.48,205.54 1 0
github.com/ctjnkns/nand2tetris/11/jackanalyzer/xmlcompilationengine/statements.go:205.54,207.3 1 0
github.com/ctjnkns/nand2tetris/11/jackanalyzer/xmlcompilationengine/statements.go:209.2,211.46 2 0
github.com/ctjnkns/nand2tetris/11/jackanalyzer/xmlcompilationengine/statements.go:211.46,213.3 1 0
github.com/ctjnkns/nand2tetris/11/jackanalyzer/xmlcompilationengine/statements.go:215.2,215.47 1 0
github.com/ctjnkns/nand2tetris/11/jackanalyzer/xmlcompilationengine/statements.go:215.47,217.3 1 0
github.com/ctjnkns/nand2tetris/11/jackanalyzer/xmlcompilationengine/statements.go:219.2,219.44 1 0
github.com/ctjnkns/nand2tetris/11/jackanalyzer/xmlcompilationengine/statements.go:219.44,221.3 1 0
github.com/ctjnkns/nand2tetris/11/jackanalyzer/xmlcompilationengine/statements.go:223.2,225.39 2 0
github.com/ctjnkns/nand2tetris/11/jackanalyzer/xmlcompilationengine/statements.go:228.52,229.58 1 0
github.com/ctjnkns/nand2tetris/11/jackanalyzer/xmlcompilationengine/statements.go:229.58,231.3 1 0
github.com/ctjnkns/nand2tetris/11/jackanalyzer/xmlcompilationengine/statements.go:233.2,235.50 2 0
github.com/ctjnkns/nand2tetris/11/jackanalyzer/xmlcompilationengine/statements.go:235.50,237.3 1 0
github.com/ctjnkns/nand2tetris/11/jackanalyzer/xmlcompilationengine/statements.go:239.2,239.33 1 0
github.com/ctjnkns/nand2tetris/11/jackanalyzer/xmlcompilationengine/statements.go:239.33,240.48 1 0
github.com/ctjnkns/nand2tetris/11/jackanalyzer/xmlcompilationengine/statements.go:240.48,242.4 1 0
github.com/ctjnkns/nand2tetris/11/jackanalyzer/xmlcompilationengine/statements.go:245.2,245.44 1 0
github.com/ctjnkns/nand2tetris/11/jackanalyzer/xmlcompilationengine/statements.go:245.44,247.3 1 0
github.com/ctjnkns/nand2tetris/11/jackanalyzer/xmlcompilationengine/statements.go:249.2,251.43 2 0
github.com/ctjnkns/nand2tetris/11/jackanalyzer/xmlcompilationengine/subroutine.go:10.56,11.51 1 0
github.com/ctjnkns/nand2tetris/11/jackanalyzer/xmlcompilationengine/subroutine.go:11.51,13.3 1 0
github.com/ctjnkns/nand2tetris/11/jackanalyzer/xmlcompilationengine/subroutine.go:15.2,16.16 2 0
github.com/ctjnkns/nand2tetris/11/jackanalyzer/xmlcompilationengine/subroutine.go:16.16,18.3 1 0
github.com/ctjnkns/nand2tetris/11/jackanalyzer/xmlcompilationengine/subroutine.go:20.2,20.87 1 0
github.com/ctjnkns/nand2tetris/11/jackanalyzer/xmlcompilationengine/subroutine.go:20.87,22.3 1 0
github.com/ctjnkns/nand2tetris/11/jackanalyzer/xmlcompilationengine/subroutine.go:24.2,26.28 2 0
github.com/ctjnkns/nand2tetris/11/jackanalyzer/xmlcompilationengine/subroutine.go:26.28,27.90 1 0
github.com/ctjnkns/nand2tetris/11/jackanalyzer/xmlcompilationengine/subroutine.go:27.90,29.4 1 0
github.com/ctjnkns/nand2tetris/11/jackanalyzer/xmlcompilationengine/subroutine.go:32.2,32.56 1 0
github.com/ctjnkns/nand2tetris/11/jackanalyzer/xmlcompilationengine/subroutine.go:32.56,34.3 1 0
github.com/ctjnkns/nand2tetris/11/jackanalyzer/xmlcompilationengine/subroutine.go:36.2,39.44 2 0
github.com/ctjnkns/nand2tetris/11/jackanalyzer/xmlcompilationengine/subroutine.go:39.44,41.3 1 0
github.com/ctjnkns/nand2tetris/11/jackanalyzer/xmlcompilationengine/subroutine.go:44.2,44.45 1 0
github.com/ctjnkns/nand2tetris/11/jackanalyzer/xmlcompilationengine/subroutine.go:44.45,46.3 1 0
github.com/ctjnkns/nand2tetris/11/jackanalyzer/xmlcompilationengine/subroutine.go:49.2,50.84 2 0
github.com/ctjnkns/nand2tetris/11/jackanalyzer/xmlcompilationengine/subroutine.go:50.84,52.3 1 0
github.com/ctjnkns/nand2tetris/11/jackanalyzer/xmlcompilationengine/subroutine.go:54.2,54.44 1 0
github.com/ctjnkns/nand2tetris/11/jackanalyzer/xmlcompilationengine/subroutine.go:54.44,56.3 1 0
github.com/ctjnkns/nand2tetris/11/jackanalyzer/xmlcompilationengine/subroutine.go:58.2,58.50 1 0
github.com/ctjnkns/nand2tetris/11/jackanalyzer/xmlcompilationengine/subroutine.go:58.50,60.3 1 0
github.com/ctjnkns/nand2tetris/11/jackanalyzer/xmlcompilationengine/subroutine.go:62.2,62.44 1 0
github.com/ctjnkns/nand2tetris/11/jackanalyzer/xmlcompilationengine/subroutine.go:62.44,64.3 1 0
github.com/ctjnkns/nand2tetris/11/jackanalyzer/xmlcompilationengine/subroutine.go:66.2,66.51 1 0
github.com/ctjnkns/nand2tetris/11/jackanalyzer/xmlcompilationengine/subroutine.go:66.51,68.3 1 0
github.com/ctjnkns/nand2tetris/11/jackanalyzer/xmlcompilationengine/subroutine.go:70.2,72.41 2 0
github.com/ctjnkns/nand2tetris/11/jackanalyzer/xmlcompilationengine/subroutine.go:75.60,76.57 1 0
github.com/ctjnkns/nand2tetris/11/jackanalyzer/xmlcompilationengine/subroutine.go:76.57,78.3 1 0
github.com/ctjnkns/nand2tetris/11/jackanalyzer/xmlcompilationengine/subroutine.go:80.2,82.44 2 0
github.com/ctjnkns/nand2tetris/11/jackanalyzer/xmlcompilationengine/subroutine.go:82.44,84.3 1 0
github.com/ctjnkns/nand2tetris/11/jackanalyzer/xmlcompilationengine/subroutine.go:86.2,86.44 1 0
github.com/ctjnkns/nand2tetris/11/jackanalyzer/xmlcompilationengine/subroutine.go:86.44,88.3 1 0
github.com/ctjnkns/nand2tetris/11/jackanalyzer/xmlcompilationengine/subroutine.go:90.2,90.47 1 0
github.com/ctjnkns/nand2tetris/11/jackanalyzer/xmlcompilationengine/subroutine.go:90.47,92.3 1 0
github.com/ctjnkns/nand2tetris/11/jackanalyzer/xmlcompilationengine/subroutine.go:94.2,94.44 1 0
github.com/ctjnkns/nand2tetris/11/jackanalyzer/xmlcompilationengine/subroutine.go:94.44,96.3 1 0
github.com/ctjnkns/nand2tetris/11/jackanalyzer/xmlcompilationengine/subroutine.go:98.2,100.42 2 0
github.com/ctjnkns/nand2tetris/11/jackanalyzer/xmlcompilationengine/subroutine.go:103.59,104.56 1 0
github.com/ctjnkns/nand2tetris/11/jackanalyzer/xmlcompilationengine/subroutine.go:104.56,106.3 1 0
github.com/ctjnkns/nand2tetris/11/jackanalyzer/xmlcompilationengine/subroutine.go:108.2,110.33 2 0
github.com/ctjnkns/nand2tetris/11/jackanalyzer/xmlcompilationengine/subroutine.go:110.33,113.40 2 0
github.com/ctjnkns/nand2tetris/11/jackanalyzer/xmlcompilationengine/subroutine.go:113.40,115.4 1 0
github.com/ctjnkns/nand2tetris/11/jackanalyzer/xmlcompilationengine/subroutine.go:117.3,118.84 2 0
github.com/ctjnkns/nand2tetris/11/jackanalyzer/xmlcompilationengine/subroutine.go:118.84,120.4 1 0
github.com/ctjnkns/nand2tetris/11/jackanalyzer/xmlcompilationengine/subroutine.go:122.3,123.81 2 0
github.com/ctjnkns/nand2tetris/11/jackanalyzer/xmlcompilationengine/subroutine.go:123.81,125.4 1 0
github.com/ctjnkns/nand2tetris/11/jackanalyzer/xmlcompilationengine/subroutine.go:127.3,127.35 1 0
github.com/ctjnkns/nand2tetris/11/jackanalyzer/xmlcompilationengine/subroutine.go:127.35,128.46 1 0
github.com/ctjnkns/nand2tetris/11/jackanalyzer/xmlcompilationengine/subroutine.go:128.46,130.5 1 0
github.com/ctjnkns/nand2tetris/11/jackanalyzer/xmlcompilationengine/subroutine.go:132.4,134.41 2 0
github.com/ctjnkns/nand2tetris/11/jackanalyzer/xmlcompilationengine/subroutine.go:134.41,136.5 1 0
github.com/ctjnkns/nand2tetris/11/jackanalyzer/xmlcompilationengine/subroutine.go:138.4,139.85 2 0
github.com/ctjnkns/nand2tetris/11/jackanalyzer/xmlcompilationengine/subroutine.go:139.85,141.5 1 0
github.com/ctjnkns/nand2tetris/11/jackanalyzer/xmlcompilationengine/subroutine.go:143.4,144.82 2 0
github.com/ctjnkns/nand2tetris/11/jackanalyzer/xmlcompilationengine/subroutine.go:144.82,146.5 1 0
github.com/ctjnkns/nand2tetris/11/jackanalyzer/xmlcompilationengine/subroutine.go:150.2,152.41 2 0
github.com/ctjnkns/nand2tetris/11/jackanalyzer/xmlcompilationengine/subroutine.go:155.57,156.84 1 0
github.com/ctjnkns/nand2tetris/11/jackanalyzer/xmlcompilationengine/subroutine.go:156.84,158.17 2 0
github.com/ctjnkns/nand2tetris/11/jackanalyzer/xmlcompilationengine/subroutine.go:158.17,160.4 1 0
github.com/ctjnkns/nand2tetris/11/jackanalyzer/xmlcompilationengine/subroutine.go:162.3,162.88 1 0
github.com/ctjnkns/nand2tetris/11/jackanalyzer/xmlcompilationengine/subroutine.go:162.88,164.4 1 0
github.com/ctjnkns/nand2tetris/11/jackanalyzer/xmlcompilationengine/subroutine.go:166.3,166.48 1 0
github.com/ctjnkns/nand2tetris/11/jackanalyzer/xmlcompilationengine/subroutine.go:166.48,168.4 1 0
github.com/ctjnkns/nand2tetris/11/jackanalyzer/xmlcompilationengine/subroutine.go:171.2,171.12 1 0
github.com/ctjnkns/nand2tetris/11/jackanalyzer/xmlcompilationengine/subroutine.go:174.52,176.16 2 0
github.com/ctjnkns/nand2tetris/11/jackanalyzer/xmlcompilationengine/subroutine.go:176.16,178.3 1 0
github.com/ctjnkns/nand2tetris/11/jackanalyzer/xmlcompilationengine/subroutine.go:180.2,180.25 1 0
github.com/ctjnkns/nand2tetris/11/jackanalyzer/xmlcompilationengine/subroutine.go:180.25,182.3 1 0
github.com/ctjnkns/nand2tetris/11/jackanalyzer/xmlcompilationengine/subroutine.go:184.2,184.49 1 0
github.com/ctjnkns/nand2tetris/11/jackanalyzer/xmlcompilationengine/subroutine.go:184.49,186.3 1 0
github.com/ctjnkns/nand2tetris/11/jackanalyzer/xmlcompilationengine/subroutine.go:188.2,190.41 2 0
github.com/ctjnkns/nand2tetris/11/jackanalyzer/xmlcompilationengine/subroutine.go:190.41,192.3 1 0
github.com/ctjnkns/nand2tetris/11/jackanalyzer/xmlcompilationengine/subroutine.go:194.2,196.34 2 0
github.com/ctjnkns/nand2tetris/11/jackanalyzer/xmlcompilationengine/subroutine.go:199.53,200.84 1 0
github.com/ctjnkns/nand2tetris/11/jackanalyzer/xmlcompilationengine/subroutine.go:200.84,203.17 2 0
github.com/ctjnkns/nand2tetris/11/jackanalyzer/xmlcompilationengine/subroutine.go:203.17,205.4 1 0
github.com/ctjnkns/nand2tetris/11/jackanalyzer/xmlcompilationengine/subroutine.go:207.3,207.26 1 0
github.com/ctjnkns/nand2tetris/11/jackanalyzer/xmlcompilationengine/subroutine.go:207.26,209.4 1 0
github.com/ctjnkns/nand2tetris/11/jackanalyzer/xmlcompilationengine/subroutine.go:211.3,211.44 1 0
github.com/ctjnkns/nand2tetris/11/jackanalyzer/xmlcompilationengine/subroutine.go:211.44,213.4 1 0
github.com/ctjnkns/nand2tetris/11/jackanalyzer/xmlcompilationengine/subroutine.go:217.2,217.12 1 0
github.com/ctjnkns/nand2tetris/11/jackanalyzer/compilationengine/class.go:9.51,12.51 2 0
github.com/ctjnkns/nand2tetris/11/jackanalyzer/compilationengine/class.go:12.51,14.3 1 0
github.com/ctjnkns/nand2tetris/11/jackanalyzer/compilationengine/class.go:17.2,18.47 2 0
github.com/ctjnkns/nand2tetris/11/jackanalyzer/compilationengine/class.go:18.47,20.3 1 0
github.com/ctjnkns/nand2tetris/11/jackanalyzer/compilationengine/class.go:23.2,23.46 1 0
github.com/ctjnkns/nand2tetris/11/jackanalyzer/compilationengine/class.go:23.46,25.3 1 0
github.com/ctjnkns/nand2tetris/11/jackanalyzer/compilationengine/class.go:27.2,27.49 1 0
github.com/ctjnkns/nand2tetris/11/jackanalyzer/compilationengine/class.go:27.49,29.3 1 0
github.com/ctjnkns/nand2tetris/11/jackanalyzer/compilationengine/class.go:31.2,31.48 1 0
github.com/ctjnkns/nand2tetris/11/jackanalyzer/compilationengine/class.go:31.48,33.3 1 0
github.com/ctjnkns/nand2tetris/11/jackanalyzer/compilationengine/class.go:35.2,35.46 1 0
github.com/ctjnkns/nand2tetris/11/jackanalyzer/compilationengine/class.go:35.46,37.3 1 0
github.com/ctjnkns/nand2tetris/11/jackanalyzer/compilationengine/class.go:39.2,39.12 1 0
github.com/ctjnkns/nand2tetris/11/jackanalyzer/compilationengine/class.go:42.57,44.16 2 0
github.com/ctjnkns/nand2tetris/11/jackanalyzer/compilationengine/class.go:44.16,46.3 1 0
github.com/ctjnkns/nand2tetris/11/jackanalyzer/compilationengine/class.go:48.2,48.53 1 0
github.com/ctjnkns/nand2tetris/11/jackanalyzer/compilationengine/class.go:48.53,50.3 1 0
github.com/ctjnkns/nand2tetris/11/jackanalyzer/compilationengine/class.go:52.2,52.41 1 0
github.com/ctjnkns/nand2tetris/11/jackanalyzer/compilationengine/class.go:52.41,54.3 1 0
github.com/ctjnkns/nand2tetris/11/jackanalyzer/compilationengine/class.go:56.2,56.12 1 0
github.com/ctjnkns/nand2tetris/11/jackanalyzer/compilationengine/class.go:59.58,60.84 1 0
github.com/ctjnkns/nand2tetris/11/jackanalyzer/compilationengine/class.go:60.84,62.17 2 0
github.com/ctjnkns/nand2tetris/11/jackanalyzer/compilationengine/class.go:62.17,64.4 1 0
github.com/ctjnkns/nand2tetris/11/jackanalyzer/compilationengine/class.go:66.3,66.54 1 0
github.com/ctjnkns/nand2tetris/11/jackanalyzer/compilationengine/class.go:66.54,68.4 1 0
github.com/ctjnkns/nand2tetris/11/jackanalyzer/compilationengine/class.go:70.3,70.49 1 0
github.com/ctjnkns/nand2tetris/11/jackanalyzer/compilationengine/class.go:70.49,72.4 1 0
github.com/ctjnkns/nand2tetris/11/jackanalyzer/compilationengine/class.go:75.2,75.12 1 0
github.com/ctjnkns/nand2tetris/11/jackanalyzer/compilationengine/compilationengine.go:42.100,52.2 2 0
github.com/ctjnkns/nand2tetris/11/jackanalyzer/compilationengine/compilationengine.go:54.50,56.16 2 0
github.com/ctjnkns/nand2tetris/11/jackanalyzer/compilationengine/compilationengine.go:56.16,58.3 1 0
github.com/ctjnkns/nand2tetris/11/jackanalyzer/compilationengine/compilationengine.go:60.2,62.12 2 0
github.com/ctjnkns/nand2tetris/11/jackanalyzer/compilationengine/compilationengine.go:63.24,64.28 1 0
github.com/ctjnkns/nand2tetris/11/jackanalyzer/compilationengine/compilationengine.go:65.23,66.27 1 0
github.com/ctjnkns/nand2tetris/11/jackanalyzer/compilationengine/compilationengine.go:67.21,68.25 1 0
github.com/ctjnkns/nand2tetris/11/jackanalyzer/compilationengine/compilationengine.go:69.10,70.84 1 0
github.com/ctjnkns/nand2tetris/11/jackanalyzer/compilationengine/compilationengine.go:74.2,74.46 1 0
github.com/ctjnkns/nand2tetris/11/jackanalyzer/compilationengine/compilationengine.go:74.46,76.3 1 0
github.com/ctjnkns/nand2tetris/11/jackanalyzer/compilationengine/compilationengine.go:78.2,81.41 2 0
github.com/ctjnkns/nand2tetris/11/jackanalyzer/compilationengine/compilationengine.go:81.41,83.3 1 0
github.com/ctjnkns/nand2tetris/11/jackanalyzer/compilationengine/compilationengine.go:85.2,88.29 3 0
github.com/ctjnkns/nand2tetris/11/jackanalyzer/compilationengine/compilationengine.go:88.29,90.3 1 0
github.com/ctjnkns/nand2tetris/11/jackanalyzer/compilationengine/compilationengine.go:90.8,92.3 1 0
github.com/ctjnkns/nand2tetris/11/jackanalyzer/compilationengine/compilationengine.go:94.2,94.59 1 0
github.com/ctjnkns/nand2tetris/11/jackanalyzer/compilationengine/compilationengine.go:94.59,96.3 1 0
github.com/ctjnkns/nand2tetris/11/jackanalyzer/compilationengine/compilationengine.go:99.2,99.47 1 0
github.com/ctjnkns/nand2tetris/11/jackanalyzer/compilationengine/compilationengine.go:99.47,101.3 1 0
github.com/ctjnkns/nand2tetris/11/jackanalyzer/compilationengine/compilationengine.go:104.2,104.82 1 0
github.com/ctjnkns/nand2tetris/11/jackanalyzer/compilationengine/compilationengine.go:104.82,105.47 1 0
github.com/ctjnkns/nand2tetris/11/jackanalyzer/compilationengine/compilationengine.go:105.47,107.4 1 0
github.com/ctjnkns/nand2tetris/11/jackanalyzer/compilationengine/compilationengine.go:109.3,111.60 2 0
github.com/ctjnkns/nand2tetris/11/jackanalyzer/compilationengine/compilationengine.go:111.60,113.4 1 0
github.com/ctjnkns/nand2tetris/11/jackanalyzer/compilationengine/compilationengine.go:115.3,115.48 1 0
github.com/ctjnkns/nand2tetris/11/jackanalyzer/compilationengine/compilationengine.go:115.48,117.4 1 0
github.com/ctjnkns/nand2tetris/11/jackanalyzer/compilationengine/compilationengine.go:120.2,120.30 1 0
github.com/ctjnkns/nand2tetris/11/jackanalyzer/compilationengine/compilationengine.go:123.59,126.16 3 0
github.com/ctjnkns/nand2tetris/11/jackanalyzer/compilationengine/compilationengine.go:126.16,128.3 1 0
github.com/ctjnkns/nand2tetris/11/jackanalyzer/compilationengine/compilationengine.go:129.2,130.16 2 0
github.com/ctjnkns/nand2tetris/11/jackanalyzer/compilationengine/compilationengine.go:130.16,132.3 1 0
github.com/ctjnkns/nand2tetris/11/jackanalyzer/compilationengine/compilationengine.go:134.2,134.12 1 0
github.com/ctjnkns/nand2tetris/11/jackanalyzer/compilationengine/compilationengine.go:137.54,138.34 1 0
github.com/ctjnkns/nand2tetris/11/jackanalyzer/compilationengine/compilationengine.go:138.34,140.3 1 0
github.com/ctjnkns/nand2tetris/11/jackanalyzer/compilationengine/compilationengine.go:142.2,142.12 1 0
github.com/ctjnkns/nand2tetris/11/jackanalyzer/compilationengine/compilationengine.go:145.66,147.9 2 0
github.com/ctjnkns/nand2tetris/11/jackanalyzer/compilationengine/compilationengine.go:147.9,149.3 1 0
github.com/ctjnkns/nand2tetris/11/jackanalyzer/compilationengine/compilationengine.go:151.2,155.16 4 0
github.com/ctjnkns/nand2tetris/11/jackanalyzer/compilationengine/compilationengine.go:155.16,157.3 1 0
github.com/ctjnkns/nand2tetris/11/jackanalyzer/compilationengine/compilationengine.go:159.2,159.47 1 0
github.com/ctjnkns/nand2tetris/11/jackanalyzer/compilationengine/compilationengine.go:159.47,161.3 1 0
github.com/ctjnkns/nand2tetris/11/jackanalyzer/compilationengine/compilationengine.go:163.2,163.64 1 0
github.com/ctjnkns/nand2tetris/11/jackanalyzer/compilationengine/compilationengine.go:166.83,167.57 1 0
github.com/ctjnkns/nand2tetris/11/jackanalyzer/compilationengine/compilationengine.go:167.57,169.3 1 0
github.com/ctjnkns/nand2tetris/11/jackanalyzer/compilationengine/compilationengine.go:170.2,170.52 1 0
github.com/ctjnkns/nand2tetris/11/jackanalyzer/compilationengine/compilationengine.go:170.52,172.3 1 0
github.com/ctjnkns/nand2tetris/11/jackanalyzer/compilationengine/compilationengine.go:173.2,173.19 1 0
github.com/ctjnkns/nand2tetris/11/jackanalyzer/compilationengine/compilationengine.go:176.56,177.54 1 0
github.com/ctjnkns/nand2tetris/11/jackanalyzer/compilationengine/compilationengine.go:177.54,179.3 1 0
github.com/ctjnkns/nand2tetris/11/jackanalyzer/compilationengine/compilationengine.go:180.2,180.29 1 0
github.com/ctjnkns/nand2tetris/11/jackanalyzer/compilationengine/compilationengine.go:183.60,184.79 1 0
github.com/ctjnkns/nand2tetris/11/jackanalyzer/compilationengine/compilationengine.go:184.79,186.3 1 0
github.com/ctjnkns/nand2tetris/11/jackanalyzer/compilationengine/compilationengine.go:187.2,187.29 1 0
github.com/ctjnkns/nand2tetris/11/jackanalyzer/compilationengine/compilationengine.go:190.61,191.93 1 0
github.com/ctjnkns/nand2tetris/11/jackanalyzer/compilationengine/compilationengine.go:191.93,193.3 1 0
github.com/ctjnkns/nand2tetris/11/jackanalyzer/compilationengine/compilationengine.go:194.2,194.29 1 0
github.com/ctjnkns/nand2tetris/11/jackanalyzer/compilationengine/compilationengine.go:197.56,198.51 1 0
github.com/ctjnkns/nand2tetris/11/jackanalyzer/compilationengine/compilationengine.go:198.51,200.17 2 0
github.com/ctjnkns/nand2tetris/11/jackanalyzer/compilationengine/compilationengine.go:200.17,202.4 1 0
github.com/ctjnkns/nand2tetris/11/jackanalyzer/compilationengine/compilationengine.go:204.3,204.27 1 0
github.com/ctjnkns/nand2tetris/11/jackanalyzer/compilationengine/compilationengine.go:204.27,206.4 1 0
github.com/ctjnkns/nand2tetris/11/jackanalyzer/compilationengine/compilationengine.go:209.2,209.25 1 0
github.com/ctjnkns/nand2tetris/11/jackanalyzer/compilationengine/compilationengine.go:212.50,214.59 2 0
github.com/ctjnkns/nand2tetris/11/jackanalyzer/compilationengine/compilationengine.go:214.59,216.3 1 0
github.com/ctjnkns/nand2tetris/11/jackanalyzer/compilationengine/compilationengine.go:218.2,218.29 1 0
github.com/ctjnkns/nand2tetris/11/jackanalyzer/compilationengine/compilationengine.go:218.29,220.17 2 0
github.com/ctjnkns/nand2tetris/11/jackanalyzer/compilationengine/compilationengine.go:220.17,222.4 1 0
github.com/ctjnkns/nand2tetris/11/jackanalyzer/compilationengine/compilationengine.go:224.3,224.77 1 0
github.com/ctjnkns/nand2tetris/11/jackanalyzer/compilationengine/compilationengine.go:224.77,226.4 1 0
github.com/ctjnkns/nand2tetris/11/jackanalyzer/compilationengine/compilationengine.go:229.2,229.29 1 0
github.com/ctjnkns/nand2tetris/11/jackanalyzer/compilationengine/compilationengine.go:232.55,233.12 1 0
github.com/ctjnkns/nand2tetris/11/jackanalyzer/compilationengine/compilationengine.go:234.11,235.29 1 0
github.com/ctjnkns/nand2tetris/11/jackanalyzer/compilationengine/compilationengine.go:236.11,237.29 1 0
github.com/ctjnkns/nand2tetris/11/jackanalyzer/compilationengine/compilationengine.go:238.11,239.46 1 0
github.com/ctjnkns/nand2tetris/11/jackanalyzer/compilationengine/compilationengine.go:240.11,241.44 1 0
github.com/ctjnkns/nand2tetris/11/jackanalyzer/compilationengine/compilationengine.go:242.11,243.29 1 0
github.com/ctjnkns/nand2tetris/11/jackanalyzer/compilationengine/compilationengine.go:244.11,245.28 1 0
github.com/ctjnkns/nand2tetris/11/jackanalyzer/compilationengine/compilationengine.go:246.11,247.28 1 0
github.com/ctjnkns/nand2tetris/11/jackanalyzer/compilationengine/compilationengine.go:248.11,249.28 1 0
github.com/ctjnkns/nand2tetris/11/jackanalyzer/compilationengine/compilationengine.go:250.11,251.28 1 0
github.com/ctjnkns/nand2tetris/11/jackanalyzer/compilationengine/compilationengine.go:252.10,253.46 1 0
github.com/ctjnkns/nand2tetris/11/jackanalyzer/compilationengine/compilationengine.go:257.57,258.14 1 0
github.com/ctjnkns/nand2tetris/11/jackanalyzer/compilationengine/compilationengine.go:259.26,260.23 1 0
github.com/ctjnkns/nand2tetris/11/jackanalyzer/compilationengine/compilationengine.go:261.25,262.21 1 0
github.com/ctjnkns/nand2tetris/11/jackanalyzer/compilationengine/compilationengine.go:263.23,264.25 1 0
github.com/ctjnkns/nand2tetris/11/jackanalyzer/compilationengine/compilationengine.go:265.23,266.22 1 0
github.com/ctjnkns/nand2tetris/11/jackanalyzer/compilationengine/compilationengine.go:267.10,268.63 1 0
github.com/ctjnkns/nand2tetris/11/jackanalyzer/compilationengine/expressions.go:9.56,10.41 1 0
github.com/ctjnkns/nand2tetris/11/jackanalyzer/compilationengine/expressions.go:10.41,12.3 1 0
github.com/ctjnkns/nand2tetris/11/jackanalyzer/compilationengine/expressions.go:14.2,14.33 1 0
github.com/ctjnkns/nand2tetris/11/jackanalyzer/compilationengine/expressions.go:14.33,17.46 2 0
github.com/ctjnkns/nand2tetris/11/jackanalyzer/compilationengine/expressions.go:17.46,19.4 1 0
github.com/ctjnkns/nand2tetris/11/jackanalyzer/compilationengine/expressions.go:21.3,21.42 1 0
github.com/ctjnkns/nand2tetris/11/jackanalyzer/compilationengine/expressions.go:21.42,23.4 1 0
github.com/ctjnkns/nand2tetris/11/jackanalyzer/compilationengine/expressions.go:25.3,25.40 1 0
github.com/ctjnkns/nand2tetris/11/jackanalyzer/compilationengine/expressions.go:25.40,27.4 1 0
github.com/ctjnkns/nand2tetris/11/jackanalyzer/compilationengine/expressions.go:30.2,30.12 1 0
github.com/ctjnkns/nand2tetris/11/jackanalyzer/compilationengine/expressions.go:33.26,34.11 1 0
github.com/ctjnkns/nand2tetris/11/jackanalyzer/compilationengine/expressions.go:35.51,36.14 1 0
github.com/ctjnkns/nand2tetris/11/jackanalyzer/compilationengine/expressions.go:38.2,38.14 1 0
github.com/ctjnkns/nand2tetris/11/jackanalyzer/compilationengine/expressions.go:41.50,42.34 1 0
github.com/ctjnkns/nand2tetris/11/jackanalyzer/compilationengine/expressions.go:43.27,45.78 2 0
github.com/ctjnkns/nand2tetris/11/jackanalyzer/compilationengine/expressions.go:45.78,47.4 1 0
github.com/ctjnkns/nand2tetris/11/jackanalyzer/compilationengine/expressions.go:49.3,49.46 1 0
github.com/ctjnkns/nand2tetris/11/jackanalyzer/compilationengine/expressions.go:49.46,51.4 1 0
github.com/ctjnkns/nand2tetris/11/jackanalyzer/compilationengine/expressions.go:52.30,55.83 2 0
github.com/ctjnkns/nand2tetris/11/jackanalyzer/compilationengine/expressions.go:55.83,57.4 1 0
github.com/ctjnkns/nand2tetris/11/jackanalyzer/compilationengine/expressions.go:58.3,58.59 1 0
github.com/ctjnkns/nand2tetris/11/jackanalyzer/compilationengine/expressions.go:58.59,60.4 1 0
github.com/ctjnkns/nand2tetris/11/jackanalyzer/compilationengine/expressions.go:62.3,62.28 1 0
github.com/ctjnkns/nand2tetris/11/jackanalyzer/compilationengine/expressions.go:62.28,63.76 1 0
github.com/ctjnkns/nand2tetris/11/jackanalyzer/compilationengine/expressions.go:63.76,65.5 1 0
github.com/ctjnkns/nand2tetris/11/jackanalyzer/compilationengine/expressions.go:67.4,67.67 1 0
github.com/ctjnkns/nand2tetris/11/jackanalyzer/compilationengine/expressions.go:67.67,69.5 1 0
github.com/ctjnkns/nand2tetris/11/jackanalyzer/compilationengine/expressions.go:72.3,72.46 1 0
github.com/ctjnkns/nand2tetris/11/jackanalyzer/compilationengine/expressions.go:72.46,74.4 1 0
github.com/ctjnkns/nand2tetris/11/jackanalyzer/compilationengine/expressions.go:75.25,77.17 2 0
github.com/ctjnkns/nand2tetris/11/jackanalyzer/compilationengine/expressions.go:77.17,79.4 1 0
github.com/ctjnkns/nand2tetris/11/jackanalyzer/compilationengine/expressions.go:81.3,81.13 1 0
github.com/ctjnkns/nand2tetris/11/jackanalyzer/compilationengine/expressions.go:82.23,83.58 1 0
github.com/ctjnkns/nand2tetris/11/jackanalyzer/compilationengine/expressions.go:83.58,85.5 1 0
github.com/ctjnkns/nand2tetris/11/jackanalyzer/compilationengine/expressions.go:86.4,86.46 1 0
github.com/ctjnkns/nand2tetris/11/jackanalyzer/compilationengine/expressions.go:86.46,88.5 1 0
github.com/ctjnkns/nand2tetris/11/jackanalyzer/compilationengine/expressions.go:89.40,90.58 1 0
github.com/ctjnkns/nand2tetris/11/jackanalyzer/compilationengine/expressions.go:90.58,92.5 1 0
github.com/ctjnkns/nand2tetris/11/jackanalyzer/compilationengine/expressions.go:93.23,94.57 1 0
github.com/ctjnkns/nand2tetris/11/jackanalyzer/compilationengine/expressions.go:94.57,96.5 1 0
github.com/ctjnkns/nand2tetris/11/jackanalyzer/compilationengine/expressions.go:97.11,98.79 1 0
github.com/ctjnkns/nand2tetris/11/jackanalyzer/compilationengine/expressions.go:101.3,101.46 1 0
github.com/ctjnkns/nand2tetris/11/jackanalyzer/compilationengine/expressions.go:101.46,103.4 1 0
github.com/ctjnkns/nand2tetris/11/jackanalyzer/compilationengine/expressions.go:104.28,107.30 2 0
github.com/ctjnkns/nand2tetris/11/jackanalyzer/compilationengine/expressions.go:108.12,109.49 1 0
github.com/ctjnkns/nand2tetris/11/jackanalyzer/compilationengine/expressions.go:109.49,111.5 1 0
github.com/ctjnkns/nand2tetris/11/jackanalyzer/compilationengine/expressions.go:113.4,113.48 1 0
github.com/ctjnkns/nand2tetris/11/jackanalyzer/compilationengine/expressions.go:113.48,115.5 1 0
github.com/ctjnkns/nand2tetris/11/jackanalyzer/compilationengine/expressions.go:116.4,116.49 1 0
github.com/ctjnkns/nand2tetris/11/jackanalyzer/compilationengine/expressions.go:116.49,118.5 1 0
github.com/ctjnkns/nand2tetris/11/jackanalyzer/compilationengine/expressions.go:119.4,119.48 1 0
github.com/ctjnkns/nand2tetris/11/jackanalyzer/compilationengine/expressions.go:119.48,121.5 1 0
github.com/ctjnkns/nand2tetris/11/jackanalyzer/compilationengine/expressions.go:123.4,124.11 2 0
github.com/ctjnkns/nand2tetris/11/jackanalyzer/compilationengine/expressions.go:124.11,126.5 1 0
github.com/ctjnkns/nand2tetris/11/jackanalyzer/compilationengine/expressions.go:127.4,128.18 2 0
github.com/ctjnkns/nand2tetris/11/jackanalyzer/compilationengine/expressions.go:128.18,130.5 1 0
github.com/ctjnkns/nand2tetris/11/jackanalyzer/compilationengine/expressions.go:132.4,132.96 1 0
github.com/ctjnkns/nand2tetris/11/jackanalyzer/compilationengine/expressions.go:132.96,134.5 1 0
github.com/ctjnkns/nand2tetris/11/jackanalyzer/compilationengine/expressions.go:135.4,135.46 1 0
github.com/ctjnkns/nand2tetris/11/jackanalyzer/compilationengine/expressions.go:135.46,137.5 1 0
github.com/ctjnkns/nand2tetris/11/jackanalyzer/compilationengine/expressions.go:139.4,139.56 1 0
github.com/ctjnkns/nand2tetris/11/jackanalyzer/compilationengine/expressions.go:139.56,141.5 1 0
github.com/ctjnkns/nand2tetris/11/jackanalyzer/compilationengine/expressions.go:142.4,142.38 1 0
github.com/ctjnkns/nand2tetris/11/jackanalyzer/compilationengine/expressions.go:144.12,145.57 1 0
github.com/ctjnkns/nand2tetris/11/jackanalyzer/compilationengine/expressions.go:145.57,147.5 1 0
github.com/ctjnkns/nand2tetris/11/jackanalyzer/compilationengine/expressions.go:149.4,149.49 1 0
github.com/ctjnkns/nand2tetris/11/jackanalyzer/compilationengine/expressions.go:149.49,151.5 1 0
github.com/ctjnkns/nand2tetris/11/jackanalyzer/compilationengine/expressions.go:152.4,152.48 1 0
github.com/ctjnkns/nand2tetris/11/jackanalyzer/compilationengine/expressions.go:152.48,154.5 1 0
github.com/ctjnkns/nand2tetris/11/jackanalyzer/compilationengine/expressions.go:155.4,156.18 2 0
github.com/ctjnkns/nand2tetris/11/jackanalyzer/compilationengine/expressions.go:156.18,158.5 1 0
github.com/ctjnkns/nand2tetris/11/jackanalyzer/compilationengine/expressions.go:159.4,159.48 1 0
github.com/ctjnkns/nand2tetris/11/jackanalyzer/compilationengine/expressions.go:159.48,161.5 1 0
github.com/ctjnkns/nand2tetris/11/jackanalyzer/compilationengine/expressions.go:162.4,162.98 1 0
github.com/ctjnkns/nand2tetris/11/jackanalyzer/compilationengine/expressions.go:162.98,164.5 1 0
github.com/ctjnkns/nand2tetris/11/jackanalyzer/compilationengine/expressions.go:166.12,170.40 3 0
github.com/ctjnkns/nand2tetris/11/jackanalyzer/compilationengine/expressions.go:170.40,172.19 2 0
github.com/ctjnkns/nand2tetris/11/jackanalyzer/compilationengine/expressions.go:172.19,174.6 1 0
github.com/ctjnkns/nand2tetris/11/jackanalyzer/compilationengine/expressions.go:175.5,175.97 1 0
github.com/ctjnkns/nand2tetris/11/jackanalyzer/compilationengine/expressions.go:175.97,177.6 1 0
github.com/ctjnkns/nand2tetris/11/jackanalyzer/compilationengine/expressions.go:178.5,179.19 2 0
github.com/ctjnkns/nand2tetris/11/jackanalyzer/compilationengine/expressions.go:182.4,182.49 1 0
github.com/ctjnkns/nand2tetris/11/jackanalyzer/compilationengine/expressions.go:182.49,184.5 1 0
github.com/ctjnkns/nand2tetris/11/jackanalyzer/compilationengine/expressions.go:186.4,186.48 1 0
github.com/ctjnkns/nand2tetris/11/jackanalyzer/compilationengine/expressions.go:186.48,188.5 1 0
github.com/ctjnkns/nand2tetris/11/jackanalyzer/compilationengine/expressions.go:190.4,191.49 2 0
github.com/ctjnkns/nand2tetris/11/jackanalyzer/compilationengine/expressions.go:191.49,193.5 1 0
github.com/ctjnkns/nand2tetris/11/jackanalyzer/compilationengine/expressions.go:195.4,195.48 1 0
github.com/ctjnkns/nand2tetris/11/jackanalyzer/compilationengine/expressions.go:195.48,197.5 1 0
github.com/ctjnkns/nand2tetris/11/jackanalyzer/compilationengine/expressions.go:199.4,200.18 2 0
github.com/ctjnkns/nand2tetris/11/jackanalyzer/compilationengine/expressions.go:200.18,202.5 1 0
github.com/ctjnkns/nand2tetris/11/jackanalyzer/compilationengine/expressions.go:204.4,204.48 1 0
github.com/ctjnkns/nand2tetris/11/jackanalyzer/compilationengine/expressions.go:204.48,206.5 1 0
github.com/ctjnkns/nand2tetris/11/jackanalyzer/compilationengine/expressions.go:208.4,208.113 1 0
github.com/ctjnkns/nand2tetris/11/jackanalyzer/compilationengine/expressions.go:208.113,210.5 1 0
github.com/ctjnkns/nand2tetris/11/jackanalyzer/compilationengine/expressions.go:212.11,213.52 1 0
github.com/ctjnkns/nand2tetris/11/jackanalyzer/compilationengine/expressions.go:213.52,215.5 1 0
github.com/ctjnkns/nand2tetris/11/jackanalyzer/compilationengine/expressions.go:217.24,218.34 1 0
github.com/ctjnkns/nand2tetris/11/jackanalyzer/compilationengine/expressions.go:218.34,219.48 1 0
github.com/ctjnkns/nand2tetris/11/jackanalyzer/compilationengine/expressions.go:219.48,221.5 1 0
github.com/ctjnkns/nand2tetris/11/jackanalyzer/compilationengine/expressions.go:222.4,222.49 1 0
github.com/ctjnkns/nand2tetris/11/jackanalyzer/compilationengine/expressions.go:222.49,224.5 1 0
github.com/ctjnkns/nand2tetris/11/jackanalyzer/compilationengine/expressions.go:225.4,225.48 1 0
github.com/ctjnkns/nand2tetris/11/jackanalyzer/compilationengine/expressions.go:225.48,227.5 1 0
github.com/ctjnkns/nand2tetris/11/jackanalyzer/compilationengine/expressions.go:228.9,232.65 2 0
github.com/ctjnkns/nand2tetris/11/jackanalyzer/compilationengine/expressions.go:232.65,234.5 1 0
github.com/ctjnkns/nand2tetris/11/jackanalyzer/compilationengine/expressions.go:235.4,235.43 1 0
github.com/ctjnkns/nand2tetris/11/jackanalyzer/compilationengine/expressions.go:235.43,237.5 1 0
github.com/ctjnkns/nand2tetris/11/jackanalyzer/compilationengine/expressions.go:239.4,239.14 1 0
github.com/ctjnkns/nand2tetris/11/jackanalyzer/compilationengine/expressions.go:240.13,241.31 1 0
github.com/ctjnkns/nand2tetris/11/jackanalyzer/compilationengine/expressions.go:242.13,243.31 1 0
github.com/ctjnkns/nand2tetris/11/jackanalyzer/compilationengine/expressions.go:244.12,245.54 1 0
github.com/ctjnkns/nand2tetris/11/jackanalyzer/compilationengine/expressions.go:250.2,250.12 1 0
github.com/ctjnkns/nand2tetris/11/jackanalyzer/compilationengine/expressions.go:253.67,256.33 2 0
github.com/ctjnkns/nand2tetris/11/jackanalyzer/compilationengine/expressions.go:256.33,257.48 1 0
github.com/ctjnkns/nand2tetris/11/jackanalyzer/compilationengine/expressions.go:257.48,259.4 1 0
github.com/ctjnkns/nand2tetris/11/jackanalyzer/compilationengine/expressions.go:261.3,263.35 2 0
github.com/ctjnkns/nand2tetris/11/jackanalyzer/compilationengine/expressions.go:263.35,264.48 1 0
github.com/ctjnkns/nand2tetris/11/jackanalyzer/compilationengine/expressions.go:264.48,266.5 1 0
github.com/ctjnkns/nand2tetris/11/jackanalyzer/compilationengine/expressions.go:267.4,267.49 1 0
github.com/ctjnkns/nand2tetris/11/jackanalyzer/compilationengine/expressions.go:267.49,269.5 1 0
github.com/ctjnkns/nand2tetris/11/jackanalyzer/compilationengine/expressions.go:270.4,270.11 1 0
github.com/ctjnkns/nand2tetris/11/jackanalyzer/compilationengine/expressions.go:274.2,274.19 1 0
github.com/ctjnkns/nand2tetris/11/jackanalyzer/compilationengine/statements.go:9.56,10.84 1 0
github.com/ctjnkns/nand2tetris/11/jackanalyzer/compilationengine/statements.go:10.84,12.17 2 0
github.com/ctjnkns/nand2tetris/11/jackanalyzer/compilationengine/statements.go:12.17,14.4 1 0
github.com/ctjnkns/nand2tetris/11/jackanalyzer/compilationengine/statements.go:16.3,16.13 1 0
github.com/ctjnkns/nand2tetris/11/jackanalyzer/compilationengine/statements.go:17.22,18.42 1 0
github.com/ctjnkns/nand2tetris/11/jackanalyzer/compilationengine/statements.go:18.42,20.5 1 0
github.com/ctjnkns/nand2tetris/11/jackanalyzer/compilationengine/statements.go:21.21,22.41 1 0
github.com/ctjnkns/nand2tetris/11/jackanalyzer/compilationengine/statements.go:22.41,24.5 1 0
github.com/ctjnkns/nand2tetris/11/jackanalyzer/compilationengine/statements.go:25.24,26.44 1 0
github.com/ctjnkns/nand2tetris/11/jackanalyzer/compilationengine/statements.go:26.44,28.5 1 0
github.com/ctjnkns/nand2tetris/11/jackanalyzer/compilationengine/statements.go:29.21,30.41 1 0
github.com/ctjnkns/nand2tetris/11/jackanalyzer/compilationengine/statements.go:30.41,32.5 1 0
github.com/ctjnkns/nand2tetris/11/jackanalyzer/compilationengine/statements.go:33.25,34.45 1 0
github.com/ctjnkns/nand2tetris/11/jackanalyzer/compilationengine/statements.go:34.45,36.5 1 0
github.com/ctjnkns/nand2tetris/11/jackanalyzer/compilationengine/statements.go:39.2,39.12 1 0
github.com/ctjnkns/nand2tetris/11/jackanalyzer/compilationengine/statements.go:42.49,43.49 1 0
github.com/ctjnkns/nand2tetris/11/jackanalyzer/compilationengine/statements.go:43.49,45.3 1 0
github.com/ctjnkns/nand2tetris/11/jackanalyzer/compilationengine/statements.go:48.2,50.9 3 0
github.com/ctjnkns/nand2tetris/11/jackanalyzer/compilationengine/statements.go:50.9,52.3 1 0
github.com/ctjnkns/nand2tetris/11/jackanalyzer/compilationengine/statements.go:54.2,58.16 4 0
github.com/ctjnkns/nand2tetris/11/jackanalyzer/compilationengine/statements.go:58.16,60.3 1 0
github.com/ctjnkns/nand2tetris/11/jackanalyzer/compilationengine/statements.go:62.2,62.47 1 0
github.com/ctjnkns/nand2tetris/11/jackanalyzer/compilationengine/statements.go:62.47,64.3 1 0
github.com/ctjnkns/nand2tetris/11/jackanalyzer/compilationengine/statements.go:66.2,67.33 2 0
github.com/ctjnkns/nand2tetris/11/jackanalyzer/compilationengine/statements.go:67.33,69.47 2 0
github.com/ctjnkns/nand2tetris/11/jackanalyzer/compilationengine/statements.go:69.47,71.4 1 0
github.com/ctjnkns/nand2tetris/11/jackanalyzer/compilationengine/statements.go:73.3,73.48 1 0
github.com/ctjnkns/nand2tetris/11/jackanalyzer/compilationengine/statements.go:73.48,75.4 1 0
github.com/ctjnkns/nand2tetris/11/jackanalyzer/compilationengine/statements.go:77.3,77.47 1 0
github.com/ctjnkns/nand2tetris/11/jackanalyzer/compilationengine/statements.go:77.47,79.4 1 0
github.com/ctjnkns/nand2tetris/11/jackanalyzer/compilationengine/statements.go:81.3,81.81 1 0
github.com/ctjnkns/nand2tetris/11/jackanalyzer/compilationengine/statements.go:81.81,83.4 1 0
github.com/ctjnkns/nand2tetris/11/jackanalyzer/compilationengine/statements.go:84.3,84.45 1 0
github.com/ctjnkns/nand2tetris/11/jackanalyzer/compilationengine/statements.go:84.45,86.4 1 0
github.com/ctjnkns/nand2tetris/11/jackanalyzer/compilationengine/statements.go:89.2,89.46 1 0
github.com/ctjnkns/nand2tetris/11/jackanalyzer/compilationengine/statements.go:89.46,91.3 1 0
github.com/ctjnkns/nand2tetris/11/jackanalyzer/compilationengine/statements.go:93.2,93.47 1 0
github.com/ctjnkns/nand2tetris/11/jackanalyzer/compilationengine/statements.go:93.47,95.3 1 0
github.com/ctjnkns/nand2tetris/11/jackanalyzer/compilationengine/statements.go:97.2,97.46 1 0
github.com/ctjnkns/nand2tetris/11/jackanalyzer/compilationengine/statements.go:97.46,99.3 1 0
github.com/ctjnkns/nand2tetris/11/jackanalyzer/compilationengine/statements.go:101.2,101.24 1 0
github.com/ctjnkns/nand2tetris/11/jackanalyzer/compilationengine/statements.go:101.24,103.3 1 0
github.com/ctjnkns/nand2tetris/11/jackanalyzer/compilationengine/statements.go:105.2,105.51 1 0
github.com/ctjnkns/nand2tetris/11/jackanalyzer/compilationengine/statements.go:105.51,107.3 1 0
github.com/ctjnkns/nand2tetris/11/jackanalyzer/compilationengine/statements.go:109.2,109.54 1 0
github.com/ctjnkns/nand2tetris/11/jackanalyzer/compilationengine/statements.go:109.54,111.3 1 0
github.com/ctjnkns/nand2tetris/11/jackanalyzer/compilationengine/statements.go:113.2,113.52 1 0
github.com/ctjnkns/nand2tetris/11/jackanalyzer/compilationengine/statements.go:113.52,115.3 1 0
github.com/ctjnkns/nand2tetris/11/jackanalyzer/compilationengine/statements.go:117.2,117.35 1 0
github.com/ctjnkns/nand2tetris/11/jackanalyzer/compilationengine/statements.go:120.48,124.48 3 0
github.com/ctjnkns/nand2tetris/11/jackanalyzer/compilationengine/statements.go:124.48,126.3 1 0
github.com/ctjnkns/nand2tetris/11/jackanalyzer/compilationengine/statements.go:128.2,128.46 1 0
github.com/ctjnkns/nand2tetris/11/jackanalyzer/compilationengine/statements.go:128.46,130.3 1 0
github.com/ctjnkns/nand2tetris/11/jackanalyzer/compilationengine/statements.go:132.2,132.47 1 0
github.com/ctjnkns/nand2tetris/11/jackanalyzer/compilationengine/statements.go:132.47,134.3 1 0
github.com/ctjnkns/nand2tetris/11/jackanalyzer/compilationengine/statements.go:136.2,136.46 1 0
github.com/ctjnkns/nand2tetris/11/jackanalyzer/compilationengine/statements.go:136.46,138.3 1 0
github.com/ctjnkns/nand2tetris/11/jackanalyzer/compilationengine/statements.go:140.2,140.44 1 0
github.com/ctjnkns/nand2tetris/11/jackanalyzer/compilationengine/statements.go:140.44,142.3 1 0
github.com/ctjnkns/nand2tetris/11/jackanalyzer/compilationengine/statements.go:144.2,144.76 1 0
github.com/ctjnkns/nand2tetris/11/jackanalyzer/compilationengine/statements.go:144.76,146.3 1 0
github.com/ctjnkns/nand2tetris/11/jackanalyzer/compilationengine/statements.go:148.2,148.46 1 0
github.com/ctjnkns/nand2tetris/11/jackanalyzer/compilationengine/statements.go:148.46,150.3 1 0
github.com/ctjnkns/nand2tetris/11/jackanalyzer/compilationengine/statements.go:152.2,152.47 1 0
github.com/ctjnkns/nand2tetris/11/jackanalyzer/compilationengine/statements.go:152.47,154.3 1 0
github.com/ctjnkns/nand2tetris/11/jackanalyzer/compilationengine/statements.go:156.2,156.46 1 0
github.com/ctjnkns/nand2tetris/11/jackanalyzer/compilationengine/statements.go:156.46,158.3 1 0
github.com/ctjnkns/nand2tetris/11/jackanalyzer/compilationengine/statements.go:160.2,160.71 1 0
github.com/ctjnkns/nand2tetris/11/jackanalyzer/compilationengine/statements.go:160.71,162.3 1 0
github.com/ctjnkns/nand2tetris/11/jackanalyzer/compilationengine/statements.go:164.2,165.74 2 0
github.com/ctjnkns/nand2tetris/11/jackanalyzer/compilationengine/statements.go:165.74,167.3 1 0
github.com/ctjnkns/nand2tetris/11/jackanalyzer/compilationengine/statements.go:168.2,170.51 2 0
github.com/ctjnkns/nand2tetris/11/jackanalyzer/compilationengine/statements.go:170.51,172.17 2 0
github.com/ctjnkns/nand2tetris/11/jackanalyzer/compilationengine/statements.go:172.17,174.4 1 0
github.com/ctjnkns/nand2tetris/11/jackanalyzer/compilationengine/statements.go:176.3,176.27 1 0
github.com/ctjnkns/nand2tetris/11/jackanalyzer/compilationengine/statements.go:176.27,177.52 1 0
github.com/ctjnkns/nand2tetris/11/jackanalyzer/compilationengine/statements.go:177.52,179.5 1 0
github.com/ctjnkns/nand2tetris/11/jackanalyzer/compilationengine/statements.go:181.4,181.48 1 0
github.com/ctjnkns/nand2tetris/11/jackanalyzer/compilationengine/statements.go:181.48,183.5 1 0
github.com/ctjnkns/nand2tetris/11/jackanalyzer/compilationengine/statements.go:185.4,185.49 1 0
github.com/ctjnkns/nand2tetris/11/jackanalyzer/compilationengine/statements.go:185.49,187.5 1 0
github.com/ctjnkns/nand2tetris/11/jackanalyzer/compilationengine/statements.go:189.4,189.48 1 0
github.com/ctjnkns/nand2tetris/11/jackanalyzer/compilationengine/statements.go:189.48,191.5 1 0
github.com/ctjnkns/nand2tetris/11/jackanalyzer/compilationengine/statements.go:195.2,196.72 2 0
github.com/ctjnkns/nand2tetris/11/jackanalyzer/compilationengine/statements.go:196.72,198.3 1 0
github.com/ctjnkns/nand2tetris/11/jackanalyzer/compilationengine/statements.go:199.2,201.12 2 0
github.com/ctjnkns/nand2tetris/11/jackanalyzer/compilationengine/statements.go:204.49,208.2 3 0
github.com/ctjnkns/nand2tetris/11/jackanalyzer/compilationengine/statements.go:210.51,215.74 4 0
github.com/ctjnkns/nand2tetris/11/jackanalyzer/compilationengine/statements.go:215.74,217.3 1 0
github.com/ctjnkns/nand2tetris/11/jackanalyzer/compilationengine/statements.go:218.2,220.51 2 0
github.com/ctjnkns/nand2tetris/11/jackanalyzer/compilationengine/statements.go:220.51,222.3 1 0
github.com/ctjnkns/nand2tetris/11/jackanalyzer/compilationengine/statements.go:224.2,224.46 1 0
github.com/ctjnkns/nand2tetris/11/jackanalyzer/compilationengine/statements.go:224.46,226.3 1 0
github.com/ctjnkns/nand2tetris/11/jackanalyzer/compilationengine/statements.go:228.2,228.47 1 0
github.com/ctjnkns/nand2tetris/11/jackanalyzer/compilationengine/statements.go:228.47,230.3 1 0
github.com/ctjnkns/nand2tetris/11/jackanalyzer/compilationengine/statements.go:232.2,232.46 1 0
github.com/ctjnkns/nand2tetris/11/jackanalyzer/compilationengine/statements.go:232.46,234.3 1 0
github.com/ctjnkns/nand2tetris/11/jackanalyzer/compilationengine/statements.go:236.2,236.44 1 0
github.com/ctjnkns/nand2tetris/11/jackanalyzer/compilationengine/statements.go:236.44,238.3 1 0
github.com/ctjnkns/nand2tetris/11/jackanalyzer/compilationengine/statements.go:240.2,240.74 1 0
github.com/ctjnkns/nand2tetris/11/jackanalyzer/compilationengine/statements.go:240.74,242.3 1 0
github.com/ctjnkns/nand2tetris/11/jackanalyzer/compilationengine/statements.go:244.2,244.46 1 0
github.com/ctjnkns/nand2tetris/11/jackanalyzer/compilationengine/statements.go:244.46,246.3 1 0
github.com/ctjnkns/nand2tetris/11/jackanalyzer/compilationengine/statements.go:248.2,248.47 1 0
github.com/ctjnkns/nand2tetris/11/jackanalyzer/compilationengine/statements.go:248.47,250.3 1 0
github.com/ctjnkns/nand2tetris/11/jackanalyzer/compilationengine/statements.go:252.2,252.46 1 0
github.com/ctjnkns/nand2tetris/11/jackanalyzer/compilationengine/statements.go:252.46,254.3 1 0
github.com/ctjnkns/nand2tetris/11/jackanalyzer/compilationengine/statements.go:256.2,256.73 1 0
github.com/ctjnkns/nand2tetris/11/jackanalyzer/compilationengine/statements.go:256.73,258.3 1 0
github.com/ctjnkns/nand2tetris/11/jackanalyzer/compilationengine/statements.go:260.2,261.72 2 0
github.com/ctjnkns/nand2tetris/11/jackanalyzer/compilationengine/statements.go:261.72,263.3 1 0
github.com/ctjnkns/nand2tetris/11/jackanalyzer/compilationengine/statements.go:264.2,266.12 2 0
github.com/ctjnkns/nand2tetris/11/jackanalyzer/compilationengine/statements.go:269.48,270.48 1 0
github.com/ctjnkns/nand2tetris/11/jackanalyzer/compilationengine/statements.go:270.48,272.3 1 0
github.com/ctjnkns/nand2tetris/11/jackanalyzer/compilationengine/statements.go:274.2,274.47 1 0
github.com/ctjnkns/nand2tetris/11/jackanalyzer/compilationengine/statements.go:274.47,276.3 1 0
github.com/ctjnkns/nand2tetris/11/jackanalyzer/compilationengine/statements.go:278.2,278.46 1 0
github.com/ctjnkns/nand2tetris/11/jackanalyzer/compilationengine/statements.go:278.46,280.3 1 0
github.com/ctjnkns/nand2tetris/11/jackanalyzer/compilationengine/statements.go:282.2,282.35 1 0
github.com/ctjnkns/nand2tetris/11/jackanalyzer/compilationengine/statements.go:285.52,286.52 1 0
[...]
github.com/ctjnkns/nand2tetris/11/jackanalyzer/xmlcompilationengine/expressions.go:133.46,135.5 1 0
github.com/ctjnkns/nand2tetris/11/jackanalyzer/xmlcompilationengine/expressions.go:136.9,138.63 1 1
github.com/ctjnkns/nand2tetris/11/jackanalyzer/xmlcompilationengine/expressions.go:138.63,140.5 1 0
github.com/ctjnkns/nand2tetris/11/jackanalyzer/xmlcompilationengine/expressions.go:141.4,141.43 1 1
github.com/ctjnkns/nand2tetris/11/jackanalyzer/xmlcompilationengine/expressions.go:141.43,143.5 1 0
github.com/ctjnkns/nand2tetris/11/jackanalyzer/xmlcompilationengine/expressions.go:147.2,149.32 2 1
github.com/ctjnkns/nand2tetris/11/jackanalyzer/xmlcompilationengine/expressions.go:152.67,153.57 1 1
github.com/ctjnkns/nand2tetris/11/jackanalyzer/xmlcompilationengine/expressions.go:153.57,155.3 1 0
github.com/ctjnkns/nand2tetris/11/jackanalyzer/xmlcompilationengine/expressions.go:157.2,160.33 3 1
github.com/ctjnkns/nand2tetris/11/jackanalyzer/xmlcompilationengine/expressions.go:160.33,161.48 1 1
github.com/ctjnkns/nand2tetris/11/jackanalyzer/xmlcompilationengine/expressions.go:161.48,163.4 1 0
github.com/ctjnkns/nand2tetris/11/jackanalyzer/xmlcompilationengine/expressions.go:164.3,166.35 2 1
github.com/ctjnkns/nand2tetris/11/jackanalyzer/xmlcompilationengine/expressions.go:166.35,167.46 1 1
github.com/ctjnkns/nand2tetris/11/jackanalyzer/xmlcompilationengine/expressions.go:167.46,169.5 1 0
github.com/ctjnkns/nand2tetris/11/jackanalyzer/xmlcompilationengine/expressions.go:170.4,170.49 1 1
github.com/ctjnkns/nand2tetris/11/jackanalyzer/xmlcompilationengine/expressions.go:170.49,172.5 1 0
github.com/ctjnkns/nand2tetris/11/jackanalyzer/xmlcompilationengine/expressions.go:173.4,173.11 1 1
github.com/ctjnkns/nand2tetris/11/jackanalyzer/xmlcompilationengine/expressions.go:177.2,179.49 2 1
github.com/ctjnkns/nand2tetris/11/jackanalyzer/xmlcompilationengine/statements.go:7.56,8.53 1 1
github.com/ctjnkns/nand2tetris/11/jackanalyzer/xmlcompilationengine/statements.go:8.53,10.3 1 0
github.com/ctjnkns/nand2tetris/11/jackanalyzer/xmlcompilationengine/statements.go:12.2,14.84 2 1
github.com/ctjnkns/nand2tetris/11/jackanalyzer/xmlcompilationengine/statements.go:14.84,16.17 2 1
github.com/ctjnkns/nand2tetris/11/jackanalyzer/xmlcompilationengine/statements.go:16.17,18.4 1 0
github.com/ctjnkns/nand2tetris/11/jackanalyzer/xmlcompilationengine/statements.go:20.3,20.13 1 1
github.com/ctjnkns/nand2tetris/11/jackanalyzer/xmlcompilationengine/statements.go:21.22,22.42 1 1
github.com/ctjnkns/nand2tetris/11/jackanalyzer/xmlcompilationengine/statements.go:22.42,24.5 1 0
github.com/ctjnkns/nand2tetris/11/jackanalyzer/xmlcompilationengine/statements.go:25.21,26.41 1 1
github.com/ctjnkns/nand2tetris/11/jackanalyzer/xmlcompilationengine/statements.go:26.41,28.5 1 0
github.com/ctjnkns/nand2tetris/11/jackanalyzer/xmlcompilationengine/statements.go:29.24,30.44 1 1
github.com/ctjnkns/nand2tetris/11/jackanalyzer/xmlcompilationengine/statements.go:30.44,32.5 1 0
github.com/ctjnkns/nand2tetris/11/jackanalyzer/xmlcompilationengine/statements.go:33.21,34.41 1 1
github.com/ctjnkns/nand2tetris/11/jackanalyzer/xmlcompilationengine/statements.go:34.41,36.5 1 0
github.com/ctjnkns/nand2tetris/11/jackanalyzer/xmlcompilationengine/statements.go:37.25,38.45 1 1
github.com/ctjnkns/nand2tetris/11/jackanalyzer/xmlcompilationengine/statements.go:38.45,40.5 1 0
github.com/ctjnkns/nand2tetris/11/jackanalyzer/xmlcompilationengine/statements.go:44.2,46.38 2 1
github.com/ctjnkns/nand2tetris/11/jackanalyzer/xmlcompilationengine/statements.go:49.49,50.55 1 1
github.com/ctjnkns/nand2tetris/11/jackanalyzer/xmlcompilationengine/statements.go:50.55,52.3 1 0
github.com/ctjnkns/nand2tetris/11/jackanalyzer/xmlcompilationengine/statements.go:54.2,56.47 2 1
github.com/ctjnkns/nand2tetris/11/jackanalyzer/xmlcompilationengine/statements.go:56.47,58.3 1 0
github.com/ctjnkns/nand2tetris/11/jackanalyzer/xmlcompilationengine/statements.go:61.2,62.50 2 1
github.com/ctjnkns/nand2tetris/11/jackanalyzer/xmlcompilationengine/statements.go:62.50,64.3 1 0
github.com/ctjnkns/nand2tetris/11/jackanalyzer/xmlcompilationengine/statements.go:66.2,66.33 1 1
github.com/ctjnkns/nand2tetris/11/jackanalyzer/xmlcompilationengine/statements.go:66.33,67.45 1 1
github.com/ctjnkns/nand2tetris/11/jackanalyzer/xmlcompilationengine/statements.go:67.45,69.4 1 0
github.com/ctjnkns/nand2tetris/11/jackanalyzer/xmlcompilationengine/statements.go:70.3,70.48 1 1
github.com/ctjnkns/nand2tetris/11/jackanalyzer/xmlcompilationengine/statements.go:70.48,72.4 1 0
github.com/ctjnkns/nand2tetris/11/jackanalyzer/xmlcompilationengine/statements.go:73.3,73.45 1 1
github.com/ctjnkns/nand2tetris/11/jackanalyzer/xmlcompilationengine/statements.go:73.45,75.4 1 0
github.com/ctjnkns/nand2tetris/11/jackanalyzer/xmlcompilationengine/statements.go:78.2,78.44 1 1
github.com/ctjnkns/nand2tetris/11/jackanalyzer/xmlcompilationengine/statements.go:78.44,80.3 1 0
github.com/ctjnkns/nand2tetris/11/jackanalyzer/xmlcompilationengine/statements.go:82.2,82.47 1 1
github.com/ctjnkns/nand2tetris/11/jackanalyzer/xmlcompilationengine/statements.go:82.47,84.3 1 0
github.com/ctjnkns/nand2tetris/11/jackanalyzer/xmlcompilationengine/statements.go:86.2,86.44 1 1
github.com/ctjnkns/nand2tetris/11/jackanalyzer/xmlcompilationengine/statements.go:86.44,88.3 1 0
github.com/ctjnkns/nand2tetris/11/jackanalyzer/xmlcompilationengine/statements.go:90.2,92.40 2 1
github.com/ctjnkns/nand2tetris/11/jackanalyzer/xmlcompilationengine/statements.go:95.48,96.54 1 1
github.com/ctjnkns/nand2tetris/11/jackanalyzer/xmlcompilationengine/statements.go:96.54,98.3 1 0
github.com/ctjnkns/nand2tetris/11/jackanalyzer/xmlcompilationengine/statements.go:100.2,102.46 2 1
github.com/ctjnkns/nand2tetris/11/jackanalyzer/xmlcompilationengine/statements.go:102.46,104.3 1 0
github.com/ctjnkns/nand2tetris/11/jackanalyzer/xmlcompilationengine/statements.go:106.2,106.44 1 1
github.com/ctjnkns/nand2tetris/11/jackanalyzer/xmlcompilationengine/statements.go:106.44,108.3 1 0
github.com/ctjnkns/nand2tetris/11/jackanalyzer/xmlcompilationengine/statements.go:110.2,110.47 1 1
github.com/ctjnkns/nand2tetris/11/jackanalyzer/xmlcompilationengine/statements.go:110.47,112.3 1 0
github.com/ctjnkns/nand2tetris/11/jackanalyzer/xmlcompilationengine/statements.go:114.2,114.44 1 1
github.com/ctjnkns/nand2tetris/11/jackanalyzer/xmlcompilationengine/statements.go:114.44,116.3 1 0
github.com/ctjnkns/nand2tetris/11/jackanalyzer/xmlcompilationengine/statements.go:118.2,118.44 1 1
github.com/ctjnkns/nand2tetris/11/jackanalyzer/xmlcompilationengine/statements.go:118.44,120.3 1 0
github.com/ctjnkns/nand2tetris/11/jackanalyzer/xmlcompilationengine/statements.go:122.2,122.47 1 1
github.com/ctjnkns/nand2tetris/11/jackanalyzer/xmlcompilationengine/statements.go:122.47,124.3 1 0
github.com/ctjnkns/nand2tetris/11/jackanalyzer/xmlcompilationengine/statements.go:126.2,126.44 1 1
github.com/ctjnkns/nand2tetris/11/jackanalyzer/xmlcompilationengine/statements.go:126.44,128.3 1 0
github.com/ctjnkns/nand2tetris/11/jackanalyzer/xmlcompilationengine/statements.go:130.2,130.51 1 1
github.com/ctjnkns/nand2tetris/11/jackanalyzer/xmlcompilationengine/statements.go:130.51,132.17 2 1
github.com/ctjnkns/nand2tetris/11/jackanalyzer/xmlcompilationengine/statements.go:132.17,134.4 1 0
github.com/ctjnkns/nand2tetris/11/jackanalyzer/xmlcompilationengine/statements.go:136.3,136.27 1 1
github.com/ctjnkns/nand2tetris/11/jackanalyzer/xmlcompilationengine/statements.go:136.27,137.50 1 1
github.com/ctjnkns/nand2tetris/11/jackanalyzer/xmlcompilationengine/statements.go:137.50,139.5 1 0
github.com/ctjnkns/nand2tetris/11/jackanalyzer/xmlcompilationengine/statements.go:141.4,141.46 1 1
github.com/ctjnkns/nand2tetris/11/jackanalyzer/xmlcompilationengine/statements.go:141.46,143.5 1 0
github.com/ctjnkns/nand2tetris/11/jackanalyzer/xmlcompilationengine/statements.go:145.4,145.49 1 1
github.com/ctjnkns/nand2tetris/11/jackanalyzer/xmlcompilationengine/statements.go:145.49,147.5 1 0
github.com/ctjnkns/nand2tetris/11/jackanalyzer/xmlcompilationengine/statements.go:149.4,149.46 1 1
github.com/ctjnkns/nand2tetris/11/jackanalyzer/xmlcompilationengine/statements.go:149.46,151.5 1 0
github.com/ctjnkns/nand2tetris/11/jackanalyzer/xmlcompilationengine/statements.go:155.2,157.39 2 1
github.com/ctjnkns/nand2tetris/11/jackanalyzer/xmlcompilationengine/statements.go:160.51,161.57 1 1
github.com/ctjnkns/nand2tetris/11/jackanalyzer/xmlcompilationengine/statements.go:161.57,163.3 1 0
github.com/ctjnkns/nand2tetris/11/jackanalyzer/xmlcompilationengine/statements.go:165.2,167.49 2 1
github.com/ctjnkns/nand2tetris/11/jackanalyzer/xmlcompilationengine/statements.go:167.49,169.3 1 0
github.com/ctjnkns/nand2tetris/11/jackanalyzer/xmlcompilationengine/statements.go:171.2,171.44 1 1
github.com/ctjnkns/nand2tetris/11/jackanalyzer/xmlcompilationengine/statements.go:171.44,173.3 1 0
github.com/ctjnkns/nand2tetris/11/jackanalyzer/xmlcompilationengine/statements.go:175.2,175.47 1 1
github.com/ctjnkns/nand2tetris/11/jackanalyzer/xmlcompilationengine/statements.go:175.47,177.3 1 0
github.com/ctjnkns/nand2tetris/11/jackanalyzer/xmlcompilationengine/statements.go:179.2,179.44 1 1
github.com/ctjnkns/nand2tetris/11/jackanalyzer/xmlcompilationengine/statements.go:179.44,181.3 1 0
github.com/ctjnkns/nand2tetris/11/jackanalyzer/xmlcompilationengine/statements.go:183.2,183.44 1 1
github.com/ctjnkns/nand2tetris/11/jackanalyzer/xmlcompilationengine/statements.go:183.44,185.3 1 0
github.com/ctjnkns/nand2tetris/11/jackanalyzer/xmlcompilationengine/statements.go:187.2,187.47 1 1
github.com/ctjnkns/nand2tetris/11/jackanalyzer/xmlcompilationengine/statements.go:187.47,189.3 1 0
github.com/ctjnkns/nand2tetris/11/jackanalyzer/xmlcompilationengine/statements.go:191.2,191.44 1 1
github.com/ctjnkns/nand2tetris/11/jackanalyzer/xmlcompilationengine/statements.go:191.44,193.3 1 0
github.com/ctjnkns/nand2tetris/11/jackanalyzer/xmlcompilationengine/statements.go:195.2,197.58 2 1
github.com/ctjnkns/nand2tetris/11/jackanalyzer/xmlcompilationengine/statements.go:197.58,199.3 1 0
github.com/ctjnkns/nand2tetris/11/jackanalyzer/xmlcompilationengine/statements.go:201.2,201.12 1 1
github.com/ctjnkns/nand2tetris/11/jackanalyzer/xmlcompilationengine/statements.go:204.48,205.54 1 1
github.com/ctjnkns/nand2tetris/11/jackanalyzer/xmlcompilationengine/statements.go:205.54,207.3 1 0
github.com/ctjnkns/nand2tetris/11/jackanalyzer/xmlcompilationengine/statements.go:209.2,211.46 2 1
github.com/ctjnkns/nand2tetris/11/jackanalyzer/xmlcompilationengine/statements.go:211.46,213.3 1 0
github.com/ctjnkns/nand2tetris/11/jackanalyzer/xmlcompilationengine/statements.go:215.2,215.47 1 1
github.com/ctjnkns/nand2tetris/11/jackanalyzer/xmlcompilationengine/statements.go:215.47,217.3 1 0
github.com/ctjnkns/nand2tetris/11/jackanalyzer/xmlcompilationengine/statements.go:219.2,219.44 1 1
github.com/ctjnkns/nand2tetris/11/jackanalyzer/xmlcompilationengine/statements.go:219.44,221.3 1 0
github.com/ctjnkns/nand2tetris/11/jackanalyzer/xmlcompilationengine/statements.go:223.2,225.39 2 1
github.com/ctjnkns/nand2tetris/11/jackanalyzer/xmlcompilationengine/statements.go:228.52,229.58 1 1
github.com/ctjnkns/nand2tetris/11/jackanalyzer/xmlcompilationengine/statements.go:229.58,231.3 1 0
github.com/ctjnkns/nand2tetris/11/jackanalyzer/xmlcompilationengine/statements.go:233.2,235.50 2 1
github.com/ctjnkns/nand2tetris/11/jackanalyzer/xmlcompilationengine/statements.go:235.50,237.3 1 0
github.com/ctjnkns/nand2tetris/11/jackanalyzer/xmlcompilationengine/statements.go:239.2,239.33 1 1
github.com/ctjnkns/nand2tetris/11/jackanalyzer/xmlcompilationengine/statements.go:239.33,240.48 1 1
github.com/ctjnkns/nand2tetris/11/jackanalyzer/xmlcompilationengine/statements.go:240.48,242.4 1 0
github.com/ctjnkns/nand2tetris/11/jackanalyzer/xmlcompilationengine/statements.go:245.2,245.44 1 1
github.com/ctjnkns/nand2tetris/11/jackanalyzer/xmlcompilationengine/statements.go:245.44,247.3 1 0
github.com/ctjnkns/nand2tetris/11/jackanalyzer/xmlcompilationengine/statements.go:249.2,251.43 2 1
github.com/ctjnkns/nand2tetris/11/jackanalyzer/xmlcompilationengine/subroutine.go:10.56,11.51 1 1
github.com/ctjnkns/nand2tetris/11/jackanalyzer/xmlcompilationengine/subroutine.go:11.51,13.3 1 0
github.com/ctjnkns/nand2tetris/11/jackanalyzer/xmlcompilationengine/subroutine.go:15.2,16.16 2 1
github.com/ctjnkns/nand2tetris/11/jackanalyzer/xmlcompilationengine/subroutine.go:16.16,18.3 1 0
github.com/ctjnkns/nand2tetris/11/jackanalyzer/xmlcompilationengine/subroutine.go:20.2,20.87 1 1
github.com/ctjnkns/nand2tetris/11/jackanalyzer/xmlcompilationengine/subroutine.go:20.87,22.3 1 0
github.com/ctjnkns/nand2tetris/11/jackanalyzer/xmlcompilationengine/subroutine.go:24.2,26.28 2 1
github.com/ctjnkns/nand2tetris/11/jackanalyzer/xmlcompilationengine/subroutine.go:26.28,27.90 1 1
github.com/ctjnkns/nand2tetris/11/jackanalyzer/xmlcompilationengine/subroutine.go:27.90,29.4 1 0
github.com/ctjnkns/nand2tetris/11/jackanalyzer/xmlcompilationengine/subroutine.go:32.2,32.56 1 1
github.com/ctjnkns/nand2tetris/11/jackanalyzer/xmlcompilationengine/subroutine.go:32.56,34.3 1 0
github.com/ctjnkns/nand2tetris/11/jackanalyzer/xmlcompilationengine/subroutine.go:36.2,39.44 2 1
github.com/ctjnkns/nand2tetris/11/jackanalyzer/xmlcompilationengine/subroutine.go:39.44,41.3 1 0
github.com/ctjnkns/nand2tetris/11/jackanalyzer/xmlcompilationengine/subroutine.go:44.2,44.45 1 1
github.com/ctjnkns/nand2tetris/11/jackanalyzer/xmlcompilationengine/subroutine.go:44.45,46.3 1 0
github.com/ctjnkns/nand2tetris/11/jackanalyzer/xmlcompilationengine/subroutine.go:49.2,50.84 2 1
github.com/ctjnkns/nand2tetris/11/jackanalyzer/xmlcompilationengine/subroutine.go:50.84,52.3 1 0
github.com/ctjnkns/nand2tetris/11/jackanalyzer/xmlcompilationengine/subroutine.go:54.2,54.44 1 1
github.com/ctjnkns/nand2tetris/11/jackanalyzer/xmlcompilationengine/subroutine.go:54.44,56.3 1 0
github.com/ctjnkns/nand2tetris/11/jackanalyzer/xmlcompilationengine/subroutine.go:58.2,58.50 1 1
github.com/ctjnkns/nand2tetris/11/jackanalyzer/xmlcompilationengine/subroutine.go:58.50,60.3 1 0
github.com/ctjnkns/nand2tetris/11/jackanalyzer/xmlcompilationengine/subroutine.go:62.2,62.44 1 1
github.com/ctjnkns/nand2tetris/11/jackanalyzer/xmlcompilationengine/subroutine.go:62.44,64.3 1 0
github.com/ctjnkns/nand2tetris/11/jackanalyzer/xmlcompilationengine/subroutine.go:66.2,66.51 1 1
github.com/ctjnkns/nand2tetris/11/jackanalyzer/xmlcompilationengine/subroutine.go:66.51,68.3 1 0
github.com/ctjnkns/nand2tetris/11/jackanalyzer/xmlcompilationengine/subroutine.go:70.2,72.41 2 1
github.com/ctjnkns/nand2tetris/11/jackanalyzer/xmlcompilationengine/subroutine.go:75.60,76.57 1 1
github.com/ctjnkns/nand2tetris/11/jackanalyzer/xmlcompilationengine/subroutine.go:76.57,78.3 1 0
github.com/ctjnkns/nand2tetris/11/jackanalyzer/xmlcompilationengine/subroutine.go:80.2,82.44 2 1
github.com/ctjnkns/nand2tetris/11/jackanalyzer/xmlcompilationengine/subroutine.go:82.44,84.3 1 0
github.com/ctjnkns/nand2tetris/11/jackanalyzer/xmlcompilationengine/subroutine.go:86.2,86.44 1 1
github.com/ctjnkns/nand2tetris/11/jackanalyzer/xmlcompilationengine/subroutine.go:86.44,88.3 1 0
github.com/ctjnkns/nand2tetris/11/jackanalyzer/xmlcompilationengine/subroutine.go:90.2,90.47 1 1
github.com/ctjnkns/nand2tetris/11/jackanalyzer/xmlcompilationengine/subroutine.go:90.47,92.3 1 0
github.com/ctjnkns/nand2tetris/11/jackanalyzer/xmlcompilationengine/subroutine.go:94.2,94.44 1 1
github.com/ctjnkns/nand2tetris/11/jackanalyzer/xmlcompilationengine/subroutine.go:94.44,96.3 1 0
github.com/ctjnkns/nand2tetris/11/jackanalyzer/xmlcompilationengine/subroutine.go:98.2,100.42 2 1
github.com/ctjnkns/nand2tetris/11/jackanalyzer/xmlcompilationengine/subroutine.go:103.59,104.56 1 1
github.com/ctjnkns/nand2tetris/11/jackanalyzer/xmlcompilationengine/subroutine.go:104.56,106.3 1 0
github.com/ctjnkns/nand2tetris/11/jackanalyzer/xmlcompilationengine/subroutine.go:108.2,110.33 2 1
github.com/ctjnkns/nand2tetris/11/jackanalyzer/xmlcompilationengine/subroutine.go:110.33,113.40 2 1
github.com/ctjnkns/nand2tetris/11/jackanalyzer/xmlcompilationengine/subroutine.go:113.40,115.4 1 0
github.com/ctjnkns/nand2tetris/11/jackanalyzer/xmlcompilationengine/subroutine.go:117.3,118.84 2 1
github.com/ctjnkns/nand2tetris/11/jackanalyzer/xmlcompilationengine/subroutine.go:118.84,120.4 1 0
github.com/ctjnkns/nand2tetris/11/jackanalyzer/xmlcompilationengine/subroutine.go:122.3,123.81 2 1
github.com/ctjnkns/nand2tetris/11/jackanalyzer/xmlcompilationengine/subroutine.go:123.81,125.4 1 0
github.com/ctjnkns/nand2tetris/11/jackanalyzer/xmlcompilationengine/subroutine.go:127.3,127.35 1 1
github.com/ctjnkns/nand2tetris/11/jackanalyzer/xmlcompilationengine/subroutine.go:127.35,128.46 1 1
github.com/ctjnkns/nand2tetris/11/jackanalyzer/xmlcompilationengine/subroutine.go:128.46,130.5 1 0
github.com/ctjnkns/nand2tetris/11/jackanalyzer/xmlcompilationengine/subroutine.go:132.4,134.41 2 1
github.com/ctjnkns/nand2tetris/11/jackanalyzer/xmlcompilationengine/subroutine.go:134.41,136.5 1 0
github.com/ctjnkns/nand2tetris/11/jackanalyzer/xmlcompilationengine/subroutine.go:138.4,139.85 2 1
github.com/ctjnkns/nand2tetris/11/jackanalyzer/xmlcompilationengine/subroutine.go:139.85,141.5 1 0
github.com/ctjnkns/nand2tetris/11/jackanalyzer/xmlcompilationengine/subroutine.go:143.4,144.82 2 1
github.com/ctjnkns/nand2tetris/11/jackanalyzer/xmlcompilationengine/subroutine.go:144.82,146.5 1 0
github.com/ctjnkns/nand2tetris/11/jackanalyzer/xmlcompilationengine/subroutine.go:150.2,152.41 2 1
github.com/ctjnkns/nand2tetris/11/jackanalyzer/xmlcompilationengine/subroutine.go:155.57,156.84 1 1
github.com/ctjnkns/nand2tetris/11/jackanalyzer/xmlcompilationengine/subroutine.go:156.84,158.17 2 1
github.com/ctjnkns/nand2tetris/11/jackanalyzer/xmlcompilationengine/subroutine.go:158.17,160.4 1 0
github.com/ctjnkns/nand2tetris/11/jackanalyzer/xmlcompilationengine/subroutine.go:162.3,162.88 1 1
github.com/ctjnkns/nand2tetris/11/jackanalyzer/xmlcompilationengine/subroutine.go:162.88,164.4 1 0
github.com/ctjnkns/nand2tetris/11/jackanalyzer/xmlcompilationengine/subroutine.go:166.3,166.48 1 1
github.com/ctjnkns/nand2tetris/11/jackanalyzer/xmlcompilationengine/subroutine.go:166.48,168.4 1 0
github.com/ctjnkns/nand2tetris/11/jackanalyzer/xmlcompilationengine/subroutine.go:171.2,171.12 1 1
github.com/ctjnkns/nand2tetris/11/jackanalyzer/xmlcompilationengine/subroutine.go:174.52,176.16 2 1
github.com/ctjnkns/nand2tetris/11/jackanalyzer/xmlcompilationengine/subroutine.go:176.16,178.3 1 0
github.com/ctjnkns/nand2tetris/11/jackanalyzer/xmlcompilationengine/subroutine.go:180.2,180.25 1 1
github.com/ctjnkns/nand2tetris/11/jackanalyzer/xmlcompilationengine/subroutine.go:180.25,182.3 1 0
github.com/ctjnkns/nand2tetris/11/jackanalyzer/xmlcompilationengine/subroutine.go:184.2,184.49 1 1
github.com/ctjnkns/nand2tetris/11/jackanalyzer/xmlcompilationengine/subroutine.go:184.49,186.3 1 0
github.com/ctjnkns/nand2tetris/11/jackanalyzer/xmlcompilationengine/subroutine.go:188.2,190.41 2 1
github.com/ctjnkns/nand2tetris/11/jackanalyzer/xmlcompilationengine/subroutine.go:190.41,192.3 1 0
github.com/ctjnkns/nand2tetris/11/jackanalyzer/xmlcompilationengine/subroutine.go:194.2,196.34 2 1
github.com/ctjnkns/nand2tetris/11/jackanalyzer/xmlcompilationengine/subroutine.go:199.53,200.84 1 1
github.com/ctjnkns/nand2tetris/11/jackanalyzer/xmlcompilationengine/subroutine.go:200.84,203.17 2 1
github.com/ctjnkns/nand2tetris/11/jackanalyzer/xmlcompilationengine/subroutine.go:203.17,205.4 1 0
github.com/ctjnkns/nand2tetris/11/jackanalyzer/xmlcompilationengine/subroutine.go:207.3,207.26 1 1
github.com/ctjnkns/nand2tetris/11/jackanalyzer/xmlcompilationengine/subroutine.go:207.26,209.4 1 1
github.com/ctjnkns/nand2tetris/11/jackanalyzer/xmlcompilationengine/subroutine.go:211.3,211.44 1 1
github.com/ctjnkns/nand2tetris/11/jackanalyzer/xmlcompilationengine/subroutine.go:211.44,213.4 1 0
github.com/ctjnkns/nand2tetris/11/jackanalyzer/xmlcompilationengine/subroutine.go:217.2,217.12 1 0
