mode: set
github.com/ctjnkns/nand2tetris/assembler/code.go:3.35,4.18 1 1
github.com/ctjnkns/nand2tetris/assembler/code.go:5.11,6.15 1 1
github.com/ctjnkns/nand2tetris/assembler/code.go:7.11,8.15 1 1
github.com/ctjnkns/nand2tetris/assembler/code.go:9.12,10.15 1 1
github.com/ctjnkns/nand2tetris/assembler/code.go:11.11,12.15 1 1
github.com/ctjnkns/nand2tetris/assembler/code.go:13.12,14.15 1 1
github.com/ctjnkns/nand2tetris/assembler/code.go:15.12,16.15 1 1
github.com/ctjnkns/nand2tetris/assembler/code.go:17.13,18.15 1 1
github.com/ctjnkns/nand2tetris/assembler/code.go:19.10,20.15 1 1
github.com/ctjnkns/nand2tetris/assembler/code.go:55.35,57.2 1 1
github.com/ctjnkns/nand2tetris/assembler/code.go:59.35,60.18 1 1
github.com/ctjnkns/nand2tetris/assembler/code.go:61.13,62.15 1 1
github.com/ctjnkns/nand2tetris/assembler/code.go:63.13,64.15 1 1
github.com/ctjnkns/nand2tetris/assembler/code.go:65.13,66.15 1 1
github.com/ctjnkns/nand2tetris/assembler/code.go:67.13,68.15 1 1
github.com/ctjnkns/nand2tetris/assembler/code.go:69.13,70.15 1 1
github.com/ctjnkns/nand2tetris/assembler/code.go:71.13,72.15 1 1
github.com/ctjnkns/nand2tetris/assembler/code.go:73.13,74.15 1 1
github.com/ctjnkns/nand2tetris/assembler/code.go:75.10,76.15 1 1
github.com/ctjnkns/nand2tetris/assembler/main.go:23.56,25.16 2 1
github.com/ctjnkns/nand2tetris/assembler/main.go:25.16,27.3 1 1
github.com/ctjnkns/nand2tetris/assembler/main.go:29.2,32.8 1 1
github.com/ctjnkns/nand2tetris/assembler/main.go:35.46,38.16 3 1
github.com/ctjnkns/nand2tetris/assembler/main.go:38.16,39.38 1 1
github.com/ctjnkns/nand2tetris/assembler/main.go:39.38,42.4 2 1
github.com/ctjnkns/nand2tetris/assembler/main.go:44.3,44.39 1 1
github.com/ctjnkns/nand2tetris/assembler/main.go:47.2,47.33 1 1
github.com/ctjnkns/nand2tetris/assembler/main.go:50.46,56.2 4 1
github.com/ctjnkns/nand2tetris/assembler/main.go:58.33,60.33 2 1
github.com/ctjnkns/nand2tetris/assembler/main.go:60.33,63.33 2 1
github.com/ctjnkns/nand2tetris/assembler/main.go:64.18,66.39 2 1
github.com/ctjnkns/nand2tetris/assembler/main.go:66.39,68.5 1 1
github.com/ctjnkns/nand2tetris/assembler/main.go:69.29,70.13 1 1
github.com/ctjnkns/nand2tetris/assembler/main.go:74.2,74.18 1 1
github.com/ctjnkns/nand2tetris/assembler/main.go:77.40,80.33 3 1
github.com/ctjnkns/nand2tetris/assembler/main.go:80.33,84.33 3 1
github.com/ctjnkns/nand2tetris/assembler/main.go:85.18,86.31 1 1
github.com/ctjnkns/nand2tetris/assembler/main.go:87.18,88.31 1 1
github.com/ctjnkns/nand2tetris/assembler/main.go:91.3,91.18 1 1
github.com/ctjnkns/nand2tetris/assembler/main.go:91.18,92.12 1 1
github.com/ctjnkns/nand2tetris/assembler/main.go:95.3,95.13 1 1
github.com/ctjnkns/nand2tetris/assembler/main.go:95.13,97.4 1 1
github.com/ctjnkns/nand2tetris/assembler/main.go:98.3,99.16 2 1
github.com/ctjnkns/nand2tetris/assembler/main.go:103.2,103.47 1 1
github.com/ctjnkns/nand2tetris/assembler/main.go:103.47,105.3 1 1
github.com/ctjnkns/nand2tetris/assembler/main.go:107.2,110.16 3 1
github.com/ctjnkns/nand2tetris/assembler/main.go:110.16,112.3 1 1
github.com/ctjnkns/nand2tetris/assembler/main.go:114.2,116.12 2 1
github.com/ctjnkns/nand2tetris/assembler/main.go:119.13,120.37 1 1
github.com/ctjnkns/nand2tetris/assembler/main.go:120.37,122.3 1 0
github.com/ctjnkns/nand2tetris/assembler/main.go:126.31,127.19 1 1
github.com/ctjnkns/nand2tetris/assembler/main.go:127.19,129.3 1 1
github.com/ctjnkns/nand2tetris/assembler/main.go:131.2,135.16 3 1
github.com/ctjnkns/nand2tetris/assembler/main.go:135.16,137.3 1 1
github.com/ctjnkns/nand2tetris/assembler/main.go:139.2,141.31 2 1
github.com/ctjnkns/nand2tetris/assembler/parser.go:29.50,30.41 1 1
github.com/ctjnkns/nand2tetris/assembler/parser.go:30.41,32.3 1 1
github.com/ctjnkns/nand2tetris/assembler/parser.go:34.2,44.16 8 1
github.com/ctjnkns/nand2tetris/assembler/parser.go:44.16,46.3 1 1
github.com/ctjnkns/nand2tetris/assembler/parser.go:48.2,60.15 4 1
github.com/ctjnkns/nand2tetris/assembler/parser.go:63.36,66.48 2 1
github.com/ctjnkns/nand2tetris/assembler/parser.go:66.48,68.3 1 1
github.com/ctjnkns/nand2tetris/assembler/parser.go:70.2,70.12 1 1
github.com/ctjnkns/nand2tetris/assembler/parser.go:74.41,76.2 1 1
github.com/ctjnkns/nand2tetris/assembler/parser.go:79.28,83.23 3 1
github.com/ctjnkns/nand2tetris/assembler/parser.go:83.23,85.45 2 1
github.com/ctjnkns/nand2tetris/assembler/parser.go:85.45,87.4 1 1
github.com/ctjnkns/nand2tetris/assembler/parser.go:89.3,89.17 1 1
github.com/ctjnkns/nand2tetris/assembler/parser.go:89.17,90.12 1 1
github.com/ctjnkns/nand2tetris/assembler/parser.go:93.3,95.9 2 1
github.com/ctjnkns/nand2tetris/assembler/parser.go:99.26,104.2 4 1
github.com/ctjnkns/nand2tetris/assembler/parser.go:107.36,108.9 1 1
github.com/ctjnkns/nand2tetris/assembler/parser.go:109.48,110.19 1 1
github.com/ctjnkns/nand2tetris/assembler/parser.go:111.48,112.19 1 1
github.com/ctjnkns/nand2tetris/assembler/parser.go:113.10,114.19 1 1
github.com/ctjnkns/nand2tetris/assembler/parser.go:120.34,122.25 2 1
github.com/ctjnkns/nand2tetris/assembler/parser.go:123.17,124.53 1 1
github.com/ctjnkns/nand2tetris/assembler/parser.go:125.17,127.43 2 1
github.com/ctjnkns/nand2tetris/assembler/parser.go:130.2,130.15 1 1
github.com/ctjnkns/nand2tetris/assembler/parser.go:135.32,137.45 2 1
github.com/ctjnkns/nand2tetris/assembler/parser.go:137.45,139.22 2 1
github.com/ctjnkns/nand2tetris/assembler/parser.go:139.22,141.4 1 1
github.com/ctjnkns/nand2tetris/assembler/parser.go:144.2,144.13 1 1
github.com/ctjnkns/nand2tetris/assembler/parser.go:149.32,151.36 2 1
github.com/ctjnkns/nand2tetris/assembler/parser.go:151.36,153.22 2 1
github.com/ctjnkns/nand2tetris/assembler/parser.go:153.22,155.4 1 1
github.com/ctjnkns/nand2tetris/assembler/parser.go:158.2,158.36 1 1
github.com/ctjnkns/nand2tetris/assembler/parser.go:158.36,161.3 2 1
github.com/ctjnkns/nand2tetris/assembler/parser.go:163.2,163.16 1 1
github.com/ctjnkns/nand2tetris/assembler/parser.go:168.32,170.45 2 1
github.com/ctjnkns/nand2tetris/assembler/parser.go:170.45,172.22 2 1
github.com/ctjnkns/nand2tetris/assembler/parser.go:172.22,174.4 1 1
github.com/ctjnkns/nand2tetris/assembler/parser.go:177.2,177.13 1 1
github.com/ctjnkns/nand2tetris/assembler/symbol_table.go:8.35,39.2 2 1
github.com/ctjnkns/nand2tetris/assembler/symbol_table.go:41.61,43.2 1 1
github.com/ctjnkns/nand2tetris/assembler/symbol_table.go:45.53,48.2 2 1
github.com/ctjnkns/nand2tetris/assembler/symbol_table.go:50.54,52.2 1 1
