mode: set
github.com/ctjnkns/nand2tetris/08/vmtranslator/main.go:22.60,23.19 1 0
github.com/ctjnkns/nand2tetris/08/vmtranslator/main.go:23.19,25.3 1 0
github.com/ctjnkns/nand2tetris/08/vmtranslator/main.go:27.2,30.16 3 0
github.com/ctjnkns/nand2tetris/08/vmtranslator/main.go:30.16,32.3 1 0
github.com/ctjnkns/nand2tetris/08/vmtranslator/main.go:34.2,35.41 2 0
github.com/ctjnkns/nand2tetris/08/vmtranslator/main.go:35.41,37.17 2 0
github.com/ctjnkns/nand2tetris/08/vmtranslator/main.go:37.17,39.4 1 0
github.com/ctjnkns/nand2tetris/08/vmtranslator/main.go:41.3,41.21 1 0
github.com/ctjnkns/nand2tetris/08/vmtranslator/main.go:44.2,45.16 2 0
github.com/ctjnkns/nand2tetris/08/vmtranslator/main.go:45.16,47.3 1 0
github.com/ctjnkns/nand2tetris/08/vmtranslator/main.go:49.2,52.8 1 0
github.com/ctjnkns/nand2tetris/08/vmtranslator/main.go:55.101,57.16 2 0
github.com/ctjnkns/nand2tetris/08/vmtranslator/main.go:57.16,59.3 1 0
github.com/ctjnkns/nand2tetris/08/vmtranslator/main.go:61.2,61.18 1 0
github.com/ctjnkns/nand2tetris/08/vmtranslator/main.go:61.18,64.17 3 0
github.com/ctjnkns/nand2tetris/08/vmtranslator/main.go:64.17,66.4 1 0
github.com/ctjnkns/nand2tetris/08/vmtranslator/main.go:68.3,68.24 1 0
github.com/ctjnkns/nand2tetris/08/vmtranslator/main.go:68.24,70.4 1 0
github.com/ctjnkns/nand2tetris/08/vmtranslator/main.go:72.3,74.19 3 0
github.com/ctjnkns/nand2tetris/08/vmtranslator/main.go:75.8,78.3 2 0
github.com/ctjnkns/nand2tetris/08/vmtranslator/main.go:80.2,80.41 1 0
github.com/ctjnkns/nand2tetris/08/vmtranslator/main.go:83.13,84.37 1 0
github.com/ctjnkns/nand2tetris/08/vmtranslator/main.go:84.37,86.3 1 0
github.com/ctjnkns/nand2tetris/08/vmtranslator/main.go:89.43,90.39 1 0
github.com/ctjnkns/nand2tetris/08/vmtranslator/main.go:90.39,92.32 2 0
github.com/ctjnkns/nand2tetris/08/vmtranslator/main.go:92.32,96.18 3 0
github.com/ctjnkns/nand2tetris/08/vmtranslator/main.go:96.18,98.5 1 0
github.com/ctjnkns/nand2tetris/08/vmtranslator/main.go:100.4,101.32 2 0
github.com/ctjnkns/nand2tetris/08/vmtranslator/main.go:101.32,103.19 2 0
github.com/ctjnkns/nand2tetris/08/vmtranslator/main.go:103.19,105.6 1 0
github.com/ctjnkns/nand2tetris/08/vmtranslator/main.go:108.4,109.111 2 0
github.com/ctjnkns/nand2tetris/08/vmtranslator/main.go:109.111,111.19 2 0
github.com/ctjnkns/nand2tetris/08/vmtranslator/main.go:111.19,113.6 1 0
github.com/ctjnkns/nand2tetris/08/vmtranslator/main.go:116.4,116.17 1 0
github.com/ctjnkns/nand2tetris/08/vmtranslator/main.go:117.29,118.46 1 0
github.com/ctjnkns/nand2tetris/08/vmtranslator/main.go:119.24,120.41 1 0
github.com/ctjnkns/nand2tetris/08/vmtranslator/main.go:121.21,122.38 1 0
github.com/ctjnkns/nand2tetris/08/vmtranslator/main.go:123.23,124.40 1 0
github.com/ctjnkns/nand2tetris/08/vmtranslator/main.go:125.37,126.56 1 0
github.com/ctjnkns/nand2tetris/08/vmtranslator/main.go:127.23,128.46 1 0
github.com/ctjnkns/nand2tetris/08/vmtranslator/main.go:129.27,130.50 1 0
github.com/ctjnkns/nand2tetris/08/vmtranslator/main.go:131.25,132.38 1 0
github.com/ctjnkns/nand2tetris/08/vmtranslator/main.go:134.4,134.18 1 0
github.com/ctjnkns/nand2tetris/08/vmtranslator/main.go:134.18,136.5 1 0
github.com/ctjnkns/nand2tetris/08/vmtranslator/main.go:139.3,139.41 1 0
github.com/ctjnkns/nand2tetris/08/vmtranslator/main.go:139.41,141.4 1 0
github.com/ctjnkns/nand2tetris/08/vmtranslator/main.go:144.2,144.12 1 0
github.com/ctjnkns/nand2tetris/08/vmtranslator/main.go:147.31,149.16 2 0
github.com/ctjnkns/nand2tetris/08/vmtranslator/main.go:149.16,151.3 1 0
github.com/ctjnkns/nand2tetris/08/vmtranslator/main.go:152.2,154.23 2 0
github.com/ctjnkns/nand2tetris/08/vmtranslator/codewriter/arithmetic.go:5.61,6.17 1 1
github.com/ctjnkns/nand2tetris/08/vmtranslator/codewriter/arithmetic.go:7.13,8.18 1 0
github.com/ctjnkns/nand2tetris/08/vmtranslator/codewriter/arithmetic.go:9.13,10.18 1 0
github.com/ctjnkns/nand2tetris/08/vmtranslator/codewriter/arithmetic.go:11.13,12.18 1 0
github.com/ctjnkns/nand2tetris/08/vmtranslator/codewriter/arithmetic.go:13.12,14.17 1 0
github.com/ctjnkns/nand2tetris/08/vmtranslator/codewriter/arithmetic.go:15.12,16.17 1 0
github.com/ctjnkns/nand2tetris/08/vmtranslator/codewriter/arithmetic.go:17.12,18.17 1 0
github.com/ctjnkns/nand2tetris/08/vmtranslator/codewriter/arithmetic.go:19.12,20.17 1 0
github.com/ctjnkns/nand2tetris/08/vmtranslator/codewriter/arithmetic.go:21.13,22.18 1 0
github.com/ctjnkns/nand2tetris/08/vmtranslator/codewriter/arithmetic.go:23.13,24.18 1 0
github.com/ctjnkns/nand2tetris/08/vmtranslator/codewriter/arithmetic.go:25.10,26.74 1 1
github.com/ctjnkns/nand2tetris/08/vmtranslator/codewriter/arithmetic.go:30.35,32.2 1 0
github.com/ctjnkns/nand2tetris/08/vmtranslator/codewriter/arithmetic.go:34.35,36.2 1 0
github.com/ctjnkns/nand2tetris/08/vmtranslator/codewriter/arithmetic.go:38.35,40.2 1 0
github.com/ctjnkns/nand2tetris/08/vmtranslator/codewriter/arithmetic.go:42.34,44.2 1 0
github.com/ctjnkns/nand2tetris/08/vmtranslator/codewriter/arithmetic.go:46.51,62.2 2 0
github.com/ctjnkns/nand2tetris/08/vmtranslator/codewriter/arithmetic.go:64.34,66.2 1 0
github.com/ctjnkns/nand2tetris/08/vmtranslator/codewriter/arithmetic.go:68.34,70.2 1 0
github.com/ctjnkns/nand2tetris/08/vmtranslator/codewriter/arithmetic.go:72.34,74.2 1 0
github.com/ctjnkns/nand2tetris/08/vmtranslator/codewriter/arithmetic.go:76.55,105.2 3 0
github.com/ctjnkns/nand2tetris/08/vmtranslator/codewriter/arithmetic.go:107.35,109.2 1 0
github.com/ctjnkns/nand2tetris/08/vmtranslator/codewriter/arithmetic.go:111.35,113.2 1 0
github.com/ctjnkns/nand2tetris/08/vmtranslator/codewriter/arithmetic.go:115.50,127.2 2 0
github.com/ctjnkns/nand2tetris/08/vmtranslator/codewriter/branching.go:5.54,12.2 2 0
github.com/ctjnkns/nand2tetris/08/vmtranslator/codewriter/branching.go:14.51,27.2 2 0
github.com/ctjnkns/nand2tetris/08/vmtranslator/codewriter/branching.go:29.53,37.2 2 0
github.com/ctjnkns/nand2tetris/08/vmtranslator/codewriter/code_writer.go:24.51,25.30 1 1
github.com/ctjnkns/nand2tetris/08/vmtranslator/codewriter/code_writer.go:25.30,27.3 1 1
github.com/ctjnkns/nand2tetris/08/vmtranslator/codewriter/code_writer.go:30.99,32.16 2 1
github.com/ctjnkns/nand2tetris/08/vmtranslator/codewriter/code_writer.go:32.16,34.3 1 1
github.com/ctjnkns/nand2tetris/08/vmtranslator/codewriter/code_writer.go:36.2,45.27 3 1
github.com/ctjnkns/nand2tetris/08/vmtranslator/codewriter/code_writer.go:45.27,47.3 1 1
github.com/ctjnkns/nand2tetris/08/vmtranslator/codewriter/code_writer.go:49.2,49.15 1 1
github.com/ctjnkns/nand2tetris/08/vmtranslator/codewriter/code_writer.go:49.15,50.40 1 1
github.com/ctjnkns/nand2tetris/08/vmtranslator/codewriter/code_writer.go:50.40,53.4 2 1
github.com/ctjnkns/nand2tetris/08/vmtranslator/codewriter/code_writer.go:56.2,56.16 1 0
github.com/ctjnkns/nand2tetris/08/vmtranslator/codewriter/code_writer.go:59.48,61.2 1 0
github.com/ctjnkns/nand2tetris/08/vmtranslator/codewriter/code_writer.go:63.41,73.16 3 1
github.com/ctjnkns/nand2tetris/08/vmtranslator/codewriter/code_writer.go:73.16,75.3 1 1
github.com/ctjnkns/nand2tetris/08/vmtranslator/codewriter/code_writer.go:77.2,77.52 1 1
github.com/ctjnkns/nand2tetris/08/vmtranslator/codewriter/code_writer.go:77.52,79.3 1 1
github.com/ctjnkns/nand2tetris/08/vmtranslator/codewriter/code_writer.go:81.2,81.12 1 0
github.com/ctjnkns/nand2tetris/08/vmtranslator/codewriter/code_writer.go:84.56,85.29 1 1
github.com/ctjnkns/nand2tetris/08/vmtranslator/codewriter/code_writer.go:85.29,87.17 2 1
github.com/ctjnkns/nand2tetris/08/vmtranslator/codewriter/code_writer.go:87.17,89.4 1 1
github.com/ctjnkns/nand2tetris/08/vmtranslator/codewriter/code_writer.go:90.3,91.17 2 1
github.com/ctjnkns/nand2tetris/08/vmtranslator/codewriter/code_writer.go:91.17,93.4 1 1
github.com/ctjnkns/nand2tetris/08/vmtranslator/codewriter/code_writer.go:96.2,96.12 1 1
github.com/ctjnkns/nand2tetris/08/vmtranslator/codewriter/code_writer.go:99.31,101.16 2 1
github.com/ctjnkns/nand2tetris/08/vmtranslator/codewriter/code_writer.go:101.16,103.3 1 1
github.com/ctjnkns/nand2tetris/08/vmtranslator/codewriter/code_writer.go:103.8,105.3 1 1
github.com/ctjnkns/nand2tetris/08/vmtranslator/codewriter/code_writer.go:107.2,108.16 2 1
github.com/ctjnkns/nand2tetris/08/vmtranslator/codewriter/code_writer.go:108.16,110.3 1 1
github.com/ctjnkns/nand2tetris/08/vmtranslator/codewriter/function.go:5.73,7.18 2 1
github.com/ctjnkns/nand2tetris/08/vmtranslator/codewriter/function.go:7.18,9.3 1 1
github.com/ctjnkns/nand2tetris/08/vmtranslator/codewriter/function.go:11.2,76.29 4 1
github.com/ctjnkns/nand2tetris/08/vmtranslator/codewriter/function.go:79.75,93.18 4 0
github.com/ctjnkns/nand2tetris/08/vmtranslator/codewriter/function.go:93.18,95.3 1 0
github.com/ctjnkns/nand2tetris/08/vmtranslator/codewriter/function.go:97.2,97.29 1 0
github.com/ctjnkns/nand2tetris/08/vmtranslator/codewriter/function.go:100.43,174.2 2 0
github.com/ctjnkns/nand2tetris/08/vmtranslator/codewriter/memory.go:21.82,22.17 1 1
github.com/ctjnkns/nand2tetris/08/vmtranslator/codewriter/memory.go:23.21,24.18 1 0
github.com/ctjnkns/nand2tetris/08/vmtranslator/codewriter/memory.go:25.19,26.33 1 0
github.com/ctjnkns/nand2tetris/08/vmtranslator/codewriter/memory.go:27.15,28.40 1 0
github.com/ctjnkns/nand2tetris/08/vmtranslator/codewriter/memory.go:29.17,30.40 1 0
github.com/ctjnkns/nand2tetris/08/vmtranslator/codewriter/memory.go:31.18,32.41 1 0
github.com/ctjnkns/nand2tetris/08/vmtranslator/codewriter/memory.go:33.11,34.41 1 0
github.com/ctjnkns/nand2tetris/08/vmtranslator/codewriter/memory.go:36.20,37.18 1 0
github.com/ctjnkns/nand2tetris/08/vmtranslator/codewriter/memory.go:38.15,39.39 1 0
github.com/ctjnkns/nand2tetris/08/vmtranslator/codewriter/memory.go:40.17,41.39 1 0
github.com/ctjnkns/nand2tetris/08/vmtranslator/codewriter/memory.go:42.18,43.40 1 0
github.com/ctjnkns/nand2tetris/08/vmtranslator/codewriter/memory.go:44.11,45.40 1 0
github.com/ctjnkns/nand2tetris/08/vmtranslator/codewriter/memory.go:47.10,48.69 1 1
github.com/ctjnkns/nand2tetris/08/vmtranslator/codewriter/memory.go:52.67,67.2 3 0
github.com/ctjnkns/nand2tetris/08/vmtranslator/codewriter/memory.go:69.68,71.15 2 0
github.com/ctjnkns/nand2tetris/08/vmtranslator/codewriter/memory.go:72.9,73.19 1 0
github.com/ctjnkns/nand2tetris/08/vmtranslator/codewriter/memory.go:74.9,75.19 1 0
github.com/ctjnkns/nand2tetris/08/vmtranslator/codewriter/memory.go:76.10,77.69 1 0
github.com/ctjnkns/nand2tetris/08/vmtranslator/codewriter/memory.go:80.2,92.29 2 0
github.com/ctjnkns/nand2tetris/08/vmtranslator/codewriter/memory.go:95.53,110.2 2 0
github.com/ctjnkns/nand2tetris/08/vmtranslator/codewriter/memory.go:112.67,114.9 2 1
github.com/ctjnkns/nand2tetris/08/vmtranslator/codewriter/memory.go:114.9,116.3 1 1
github.com/ctjnkns/nand2tetris/08/vmtranslator/codewriter/memory.go:118.2,133.29 2 0
github.com/ctjnkns/nand2tetris/08/vmtranslator/codewriter/memory.go:136.68,138.9 2 0
github.com/ctjnkns/nand2tetris/08/vmtranslator/codewriter/memory.go:138.9,140.3 1 0
github.com/ctjnkns/nand2tetris/08/vmtranslator/codewriter/memory.go:142.2,157.29 2 0
github.com/ctjnkns/nand2tetris/08/vmtranslator/codewriter/memory.go:160.66,174.2 3 0
github.com/ctjnkns/nand2tetris/08/vmtranslator/codewriter/memory.go:176.67,178.15 2 0
github.com/ctjnkns/nand2tetris/08/vmtranslator/codewriter/memory.go:179.9,180.19 1 0
github.com/ctjnkns/nand2tetris/08/vmtranslator/codewriter/memory.go:181.9,182.19 1 0
github.com/ctjnkns/nand2tetris/08/vmtranslator/codewriter/memory.go:183.10,184.69 1 0
github.com/ctjnkns/nand2tetris/08/vmtranslator/codewriter/memory.go:187.2,199.29 2 0
github.com/ctjnkns/nand2tetris/08/vmtranslator/codewriter/memory.go:202.66,204.9 2 1
github.com/ctjnkns/nand2tetris/08/vmtranslator/codewriter/memory.go:204.9,206.3 1 1
github.com/ctjnkns/nand2tetris/08/vmtranslator/codewriter/memory.go:208.2,228.29 2 0
github.com/ctjnkns/nand2tetris/08/vmtranslator/codewriter/memory.go:231.67,233.9 2 0
github.com/ctjnkns/nand2tetris/08/vmtranslator/codewriter/memory.go:233.9,235.3 1 0
github.com/ctjnkns/nand2tetris/08/vmtranslator/codewriter/memory.go:237.2,257.29 2 0
github.com/ctjnkns/nand2tetris/08/vmtranslator/parser/parser.go:51.50,52.41 1 0
github.com/ctjnkns/nand2tetris/08/vmtranslator/parser/parser.go:52.41,54.3 1 0
github.com/ctjnkns/nand2tetris/08/vmtranslator/parser/parser.go:56.2,57.16 2 0
github.com/ctjnkns/nand2tetris/08/vmtranslator/parser/parser.go:57.16,59.3 1 0
github.com/ctjnkns/nand2tetris/08/vmtranslator/parser/parser.go:61.2,70.15 4 0
github.com/ctjnkns/nand2tetris/08/vmtranslator/parser/parser.go:73.36,76.47 2 0
github.com/ctjnkns/nand2tetris/08/vmtranslator/parser/parser.go:76.47,78.3 1 0
github.com/ctjnkns/nand2tetris/08/vmtranslator/parser/parser.go:80.2,80.12 1 0
github.com/ctjnkns/nand2tetris/08/vmtranslator/parser/parser.go:83.38,85.2 1 0
github.com/ctjnkns/nand2tetris/08/vmtranslator/parser/parser.go:87.28,91.23 3 0
github.com/ctjnkns/nand2tetris/08/vmtranslator/parser/parser.go:91.23,93.45 2 0
github.com/ctjnkns/nand2tetris/08/vmtranslator/parser/parser.go:93.45,95.4 1 0
github.com/ctjnkns/nand2tetris/08/vmtranslator/parser/parser.go:97.3,97.17 1 0
github.com/ctjnkns/nand2tetris/08/vmtranslator/parser/parser.go:97.17,98.12 1 0
github.com/ctjnkns/nand2tetris/08/vmtranslator/parser/parser.go:101.3,103.9 2 0
github.com/ctjnkns/nand2tetris/08/vmtranslator/parser/parser.go:107.45,108.9 1 0
github.com/ctjnkns/nand2tetris/08/vmtranslator/parser/parser.go:109.51,110.21 1 0
github.com/ctjnkns/nand2tetris/08/vmtranslator/parser/parser.go:111.50,112.20 1 0
github.com/ctjnkns/nand2tetris/08/vmtranslator/parser/parser.go:113.52,114.22 1 0
github.com/ctjnkns/nand2tetris/08/vmtranslator/parser/parser.go:115.54,116.19 1 0
github.com/ctjnkns/nand2tetris/08/vmtranslator/parser/parser.go:117.51,118.21 1 0
github.com/ctjnkns/nand2tetris/08/vmtranslator/parser/parser.go:119.51,120.21 1 0
github.com/ctjnkns/nand2tetris/08/vmtranslator/parser/parser.go:121.55,122.25 1 0
github.com/ctjnkns/nand2tetris/08/vmtranslator/parser/parser.go:123.53,124.23 1 0
github.com/ctjnkns/nand2tetris/08/vmtranslator/parser/parser.go:125.61,126.27 1 0
github.com/ctjnkns/nand2tetris/08/vmtranslator/parser/parser.go:127.10,128.69 1 0
github.com/ctjnkns/nand2tetris/08/vmtranslator/parser/parser.go:132.41,134.16 2 0
github.com/ctjnkns/nand2tetris/08/vmtranslator/parser/parser.go:134.16,136.3 1 0
github.com/ctjnkns/nand2tetris/08/vmtranslator/parser/parser.go:138.2,138.15 1 0
github.com/ctjnkns/nand2tetris/08/vmtranslator/parser/parser.go:139.20,140.31 1 0
github.com/ctjnkns/nand2tetris/08/vmtranslator/parser/parser.go:141.64,143.22 2 0
github.com/ctjnkns/nand2tetris/08/vmtranslator/parser/parser.go:143.22,145.4 1 0
github.com/ctjnkns/nand2tetris/08/vmtranslator/parser/parser.go:146.3,146.24 1 0
github.com/ctjnkns/nand2tetris/08/vmtranslator/parser/parser.go:147.10,148.66 1 0
github.com/ctjnkns/nand2tetris/08/vmtranslator/parser/parser.go:152.38,154.16 2 0
github.com/ctjnkns/nand2tetris/08/vmtranslator/parser/parser.go:154.16,156.3 1 0
github.com/ctjnkns/nand2tetris/08/vmtranslator/parser/parser.go:158.2,158.15 1 0
github.com/ctjnkns/nand2tetris/08/vmtranslator/parser/parser.go:159.41,161.22 2 0
github.com/ctjnkns/nand2tetris/08/vmtranslator/parser/parser.go:161.22,163.4 1 0
github.com/ctjnkns/nand2tetris/08/vmtranslator/parser/parser.go:164.3,165.17 2 0
github.com/ctjnkns/nand2tetris/08/vmtranslator/parser/parser.go:165.17,167.4 1 0
github.com/ctjnkns/nand2tetris/08/vmtranslator/parser/parser.go:168.3,168.19 1 0
github.com/ctjnkns/nand2tetris/08/vmtranslator/parser/parser.go:169.10,170.72 1 0
github.com/ctjnkns/nand2tetris/08/vmtranslator/parser/parser.go:174.30,177.2 1 0
github.com/ctjnkns/nand2tetris/08/vmtranslator/main.go:22.60,23.19 1 1
github.com/ctjnkns/nand2tetris/08/vmtranslator/main.go:23.19,25.3 1 1
github.com/ctjnkns/nand2tetris/08/vmtranslator/main.go:27.2,30.16 3 1
github.com/ctjnkns/nand2tetris/08/vmtranslator/main.go:30.16,32.3 1 1
github.com/ctjnkns/nand2tetris/08/vmtranslator/main.go:34.2,35.41 2 1
github.com/ctjnkns/nand2tetris/08/vmtranslator/main.go:35.41,37.17 2 1
github.com/ctjnkns/nand2tetris/08/vmtranslator/main.go:37.17,39.4 1 1
github.com/ctjnkns/nand2tetris/08/vmtranslator/main.go:41.3,41.21 1 1
github.com/ctjnkns/nand2tetris/08/vmtranslator/main.go:44.2,45.16 2 1
github.com/ctjnkns/nand2tetris/08/vmtranslator/main.go:45.16,47.3 1 1
github.com/ctjnkns/nand2tetris/08/vmtranslator/main.go:49.2,52.8 1 1
github.com/ctjnkns/nand2tetris/08/vmtranslator/main.go:55.101,57.16 2 1
github.com/ctjnkns/nand2tetris/08/vmtranslator/main.go:57.16,59.3 1 1
github.com/ctjnkns/nand2tetris/08/vmtranslator/main.go:61.2,61.18 1 1
github.com/ctjnkns/nand2tetris/08/vmtranslator/main.go:61.18,64.17 3 1
github.com/ctjnkns/nand2tetris/08/vmtranslator/main.go:64.17,66.4 1 1
github.com/ctjnkns/nand2tetris/08/vmtranslator/main.go:68.3,68.24 1 1
github.com/ctjnkns/nand2tetris/08/vmtranslator/main.go:68.24,70.4 1 1
github.com/ctjnkns/nand2tetris/08/vmtranslator/main.go:72.3,74.19 3 1
github.com/ctjnkns/nand2tetris/08/vmtranslator/main.go:75.8,78.3 2 1
github.com/ctjnkns/nand2tetris/08/vmtranslator/main.go:80.2,80.41 1 1
github.com/ctjnkns/nand2tetris/08/vmtranslator/main.go:83.13,84.37 1 1
github.com/ctjnkns/nand2tetris/08/vmtranslator/main.go:84.37,86.3 1 0
github.com/ctjnkns/nand2tetris/08/vmtranslator/main.go:89.43,90.39 1 1
github.com/ctjnkns/nand2tetris/08/vmtranslator/main.go:90.39,92.32 2 1
github.com/ctjnkns/nand2tetris/08/vmtranslator/main.go:92.32,96.18 3 1
github.com/ctjnkns/nand2tetris/08/vmtranslator/main.go:96.18,98.5 1 1
github.com/ctjnkns/nand2tetris/08/vmtranslator/main.go:100.4,101.32 2 1
github.com/ctjnkns/nand2tetris/08/vmtranslator/main.go:101.32,103.19 2 1
github.com/ctjnkns/nand2tetris/08/vmtranslator/main.go:103.19,105.6 1 1
github.com/ctjnkns/nand2tetris/08/vmtranslator/main.go:108.4,109.111 2 1
github.com/ctjnkns/nand2tetris/08/vmtranslator/main.go:109.111,111.19 2 1
github.com/ctjnkns/nand2tetris/08/vmtranslator/main.go:111.19,113.6 1 1
github.com/ctjnkns/nand2tetris/08/vmtranslator/main.go:116.4,116.17 1 1
github.com/ctjnkns/nand2tetris/08/vmtranslator/main.go:117.29,118.46 1 1
github.com/ctjnkns/nand2tetris/08/vmtranslator/main.go:119.24,120.41 1 1
github.com/ctjnkns/nand2tetris/08/vmtranslator/main.go:121.21,122.38 1 1
github.com/ctjnkns/nand2tetris/08/vmtranslator/main.go:123.23,124.40 1 1
github.com/ctjnkns/nand2tetris/08/vmtranslator/main.go:125.37,126.56 1 1
github.com/ctjnkns/nand2tetris/08/vmtranslator/main.go:127.23,128.46 1 1
github.com/ctjnkns/nand2tetris/08/vmtranslator/main.go:129.27,130.50 1 1
github.com/ctjnkns/nand2tetris/08/vmtranslator/main.go:131.25,132.38 1 1
github.com/ctjnkns/nand2tetris/08/vmtranslator/main.go:134.4,134.18 1 1
github.com/ctjnkns/nand2tetris/08/vmtranslator/main.go:134.18,136.5 1 1
github.com/ctjnkns/nand2tetris/08/vmtranslator/main.go:139.3,139.41 1 1
github.com/ctjnkns/nand2tetris/08/vmtranslator/main.go:139.41,141.4 1 1
github.com/ctjnkns/nand2tetris/08/vmtranslator/main.go:144.2,144.12 1 1
github.com/ctjnkns/nand2tetris/08/vmtranslator/main.go:147.31,149.16 2 1
github.com/ctjnkns/nand2tetris/08/vmtranslator/main.go:149.16,151.3 1 1
github.com/ctjnkns/nand2tetris/08/vmtranslator/main.go:152.2,154.23 2 1
github.com/ctjnkns/nand2tetris/08/vmtranslator/codewriter/arithmetic.go:5.61,6.17 1 1
github.com/ctjnkns/nand2tetris/08/vmtranslator/codewriter/arithmetic.go:7.13,8.18 1 1
github.com/ctjnkns/nand2tetris/08/vmtranslator/codewriter/arithmetic.go:9.13,10.18 1 1
github.com/ctjnkns/nand2tetris/08/vmtranslator/codewriter/arithmetic.go:11.13,12.18 1 1
github.com/ctjnkns/nand2tetris/08/vmtranslator/codewriter/arithmetic.go:13.12,14.17 1 1
github.com/ctjnkns/nand2tetris/08/vmtranslator/codewriter/arithmetic.go:15.12,16.17 1 1
github.com/ctjnkns/nand2tetris/08/vmtranslator/codewriter/arithmetic.go:17.12,18.17 1 1
github.com/ctjnkns/nand2tetris/08/vmtranslator/codewriter/arithmetic.go:19.12,20.17 1 1
github.com/ctjnkns/nand2tetris/08/vmtranslator/codewriter/arithmetic.go:21.13,22.18 1 1
github.com/ctjnkns/nand2tetris/08/vmtranslator/codewriter/arithmetic.go:23.13,24.18 1 1
github.com/ctjnkns/nand2tetris/08/vmtranslator/codewriter/arithmetic.go:25.10,26.74 1 0
github.com/ctjnkns/nand2tetris/08/vmtranslator/codewriter/arithmetic.go:30.35,32.2 1 1
github.com/ctjnkns/nand2tetris/08/vmtranslator/codewriter/arithmetic.go:34.35,36.2 1 1
github.com/ctjnkns/nand2tetris/08/vmtranslator/codewriter/arithmetic.go:38.35,40.2 1 1
github.com/ctjnkns/nand2tetris/08/vmtranslator/codewriter/arithmetic.go:42.34,44.2 1 1
github.com/ctjnkns/nand2tetris/08/vmtranslator/codewriter/arithmetic.go:46.51,62.2 2 1
github.com/ctjnkns/nand2tetris/08/vmtranslator/codewriter/arithmetic.go:64.34,66.2 1 1
github.com/ctjnkns/nand2tetris/08/vmtranslator/codewriter/arithmetic.go:68.34,70.2 1 1
github.com/ctjnkns/nand2tetris/08/vmtranslator/codewriter/arithmetic.go:72.34,74.2 1 1
github.com/ctjnkns/nand2tetris/08/vmtranslator/codewriter/arithmetic.go:76.55,105.2 3 1
github.com/ctjnkns/nand2tetris/08/vmtranslator/codewriter/arithmetic.go:107.35,109.2 1 1
github.com/ctjnkns/nand2tetris/08/vmtranslator/codewriter/arithmetic.go:111.35,113.2 1 1
github.com/ctjnkns/nand2tetris/08/vmtranslator/codewriter/arithmetic.go:115.50,127.2 2 1
github.com/ctjnkns/nand2tetris/08/vmtranslator/codewriter/branching.go:5.54,12.2 2 1
github.com/ctjnkns/nand2tetris/08/vmtranslator/codewriter/branching.go:14.51,27.2 2 1
github.com/ctjnkns/nand2tetris/08/vmtranslator/codewriter/branching.go:29.53,37.2 2 1
github.com/ctjnkns/nand2tetris/08/vmtranslator/codewriter/code_writer.go:24.51,25.30 1 0
github.com/ctjnkns/nand2tetris/08/vmtranslator/codewriter/code_writer.go:25.30,27.3 1 0
github.com/ctjnkns/nand2tetris/08/vmtranslator/codewriter/code_writer.go:30.99,32.16 2 1
github.com/ctjnkns/nand2tetris/08/vmtranslator/codewriter/code_writer.go:32.16,34.3 1 1
github.com/ctjnkns/nand2tetris/08/vmtranslator/codewriter/code_writer.go:36.2,45.27 3 1
github.com/ctjnkns/nand2tetris/08/vmtranslator/codewriter/code_writer.go:45.27,47.3 1 0
github.com/ctjnkns/nand2tetris/08/vmtranslator/codewriter/code_writer.go:49.2,49.15 1 1
github.com/ctjnkns/nand2tetris/08/vmtranslator/codewriter/code_writer.go:49.15,50.40 1 1
github.com/ctjnkns/nand2tetris/08/vmtranslator/codewriter/code_writer.go:50.40,53.4 2 0
github.com/ctjnkns/nand2tetris/08/vmtranslator/codewriter/code_writer.go:56.2,56.16 1 1
github.com/ctjnkns/nand2tetris/08/vmtranslator/codewriter/code_writer.go:59.48,61.2 1 1
github.com/ctjnkns/nand2tetris/08/vmtranslator/codewriter/code_writer.go:63.41,73.16 3 1
github.com/ctjnkns/nand2tetris/08/vmtranslator/codewriter/code_writer.go:73.16,75.3 1 0
github.com/ctjnkns/nand2tetris/08/vmtranslator/codewriter/code_writer.go:77.2,77.52 1 1
github.com/ctjnkns/nand2tetris/08/vmtranslator/codewriter/code_writer.go:77.52,79.3 1 0
github.com/ctjnkns/nand2tetris/08/vmtranslator/codewriter/code_writer.go:81.2,81.12 1 1
github.com/ctjnkns/nand2tetris/08/vmtranslator/codewriter/code_writer.go:84.56,85.29 1 1
github.com/ctjnkns/nand2tetris/08/vmtranslator/codewriter/code_writer.go:85.29,87.17 2 1
github.com/ctjnkns/nand2tetris/08/vmtranslator/codewriter/code_writer.go:87.17,89.4 1 0
github.com/ctjnkns/nand2tetris/08/vmtranslator/codewriter/code_writer.go:90.3,91.17 2 1
github.com/ctjnkns/nand2tetris/08/vmtranslator/codewriter/code_writer.go:91.17,93.4 1 0
github.com/ctjnkns/nand2tetris/08/vmtranslator/codewriter/code_writer.go:96.2,96.12 1 1
github.com/ctjnkns/nand2tetris/08/vmtranslator/codewriter/code_writer.go:99.31,101.16 2 1
github.com/ctjnkns/nand2tetris/08/vmtranslator/codewriter/code_writer.go:101.16,103.3 1 0
github.com/ctjnkns/nand2tetris/08/vmtranslator/codewriter/code_writer.go:103.8,105.3 1 1
github.com/ctjnkns/nand2tetris/08/vmtranslator/codewriter/code_writer.go:107.2,108.16 2 1
github.com/ctjnkns/nand2tetris/08/vmtranslator/codewriter/code_writer.go:108.16,110.3 1 0
github.com/ctjnkns/nand2tetris/08/vmtranslator/codewriter/function.go:5.73,7.18 2 1
github.com/ctjnkns/nand2tetris/08/vmtranslator/codewriter/function.go:7.18,9.3 1 1
github.com/ctjnkns/nand2tetris/08/vmtranslator/codewriter/function.go:11.2,76.29 4 1
github.com/ctjnkns/nand2tetris/08/vmtranslator/codewriter/function.go:79.75,93.18 4 1
github.com/ctjnkns/nand2tetris/08/vmtranslator/codewriter/function.go:93.18,95.3 1 1
github.com/ctjnkns/nand2tetris/08/vmtranslator/codewriter/function.go:97.2,97.29 1 1
github.com/ctjnkns/nand2tetris/08/vmtranslator/codewriter/function.go:100.43,174.2 2 1
github.com/ctjnkns/nand2tetris/08/vmtranslator/codewriter/memory.go:21.82,22.17 1 1
github.com/ctjnkns/nand2tetris/08/vmtranslator/codewriter/memory.go:23.21,24.18 1 1
github.com/ctjnkns/nand2tetris/08/vmtranslator/codewriter/memory.go:25.19,26.33 1 1
github.com/ctjnkns/nand2tetris/08/vmtranslator/codewriter/memory.go:27.15,28.40 1 1
github.com/ctjnkns/nand2tetris/08/vmtranslator/codewriter/memory.go:29.17,30.40 1 1
github.com/ctjnkns/nand2tetris/08/vmtranslator/codewriter/memory.go:31.18,32.41 1 1
github.com/ctjnkns/nand2tetris/08/vmtranslator/codewriter/memory.go:33.11,34.41 1 1
github.com/ctjnkns/nand2tetris/08/vmtranslator/codewriter/memory.go:36.20,37.18 1 1
github.com/ctjnkns/nand2tetris/08/vmtranslator/codewriter/memory.go:38.15,39.39 1 1
github.com/ctjnkns/nand2tetris/08/vmtranslator/codewriter/memory.go:40.17,41.39 1 1
github.com/ctjnkns/nand2tetris/08/vmtranslator/codewriter/memory.go:42.18,43.40 1 1
github.com/ctjnkns/nand2tetris/08/vmtranslator/codewriter/memory.go:44.11,45.40 1 1
github.com/ctjnkns/nand2tetris/08/vmtranslator/codewriter/memory.go:47.10,48.69 1 0
github.com/ctjnkns/nand2tetris/08/vmtranslator/codewriter/memory.go:52.67,67.2 3 1
github.com/ctjnkns/nand2tetris/08/vmtranslator/codewriter/memory.go:69.68,71.15 2 1
github.com/ctjnkns/nand2tetris/08/vmtranslator/codewriter/memory.go:72.9,73.19 1 1
github.com/ctjnkns/nand2tetris/08/vmtranslator/codewriter/memory.go:74.9,75.19 1 1
github.com/ctjnkns/nand2tetris/08/vmtranslator/codewriter/memory.go:76.10,77.69 1 1
github.com/ctjnkns/nand2tetris/08/vmtranslator/codewriter/memory.go:80.2,92.29 2 1
github.com/ctjnkns/nand2tetris/08/vmtranslator/codewriter/memory.go:95.53,110.2 2 1
github.com/ctjnkns/nand2tetris/08/vmtranslator/codewriter/memory.go:112.67,114.9 2 1
github.com/ctjnkns/nand2tetris/08/vmtranslator/codewriter/memory.go:114.9,116.3 1 0
github.com/ctjnkns/nand2tetris/08/vmtranslator/codewriter/memory.go:118.2,133.29 2 1
github.com/ctjnkns/nand2tetris/08/vmtranslator/codewriter/memory.go:136.68,138.9 2 1
github.com/ctjnkns/nand2tetris/08/vmtranslator/codewriter/memory.go:138.9,140.3 1 1
github.com/ctjnkns/nand2tetris/08/vmtranslator/codewriter/memory.go:142.2,157.29 2 1
github.com/ctjnkns/nand2tetris/08/vmtranslator/codewriter/memory.go:160.66,174.2 3 1
github.com/ctjnkns/nand2tetris/08/vmtranslator/codewriter/memory.go:176.67,178.15 2 1
github.com/ctjnkns/nand2tetris/08/vmtranslator/codewriter/memory.go:179.9,180.19 1 1
github.com/ctjnkns/nand2tetris/08/vmtranslator/codewriter/memory.go:181.9,182.19 1 1
github.com/ctjnkns/nand2tetris/08/vmtranslator/codewriter/memory.go:183.10,184.69 1 1
github.com/ctjnkns/nand2tetris/08/vmtranslator/codewriter/memory.go:187.2,199.29 2 1
github.com/ctjnkns/nand2tetris/08/vmtranslator/codewriter/memory.go:202.66,204.9 2 1
github.com/ctjnkns/nand2tetris/08/vmtranslator/codewriter/memory.go:204.9,206.3 1 0
github.com/ctjnkns/nand2tetris/08/vmtranslator/codewriter/memory.go:208.2,228.29 2 1
github.com/ctjnkns/nand2tetris/08/vmtranslator/codewriter/memory.go:231.67,233.9 2 1
github.com/ctjnkns/nand2tetris/08/vmtranslator/codewriter/memory.go:233.9,235.3 1 1
github.com/ctjnkns/nand2tetris/08/vmtranslator/codewriter/memory.go:237.2,257.29 2 1
github.com/ctjnkns/nand2tetris/08/vmtranslator/parser/parser.go:51.50,52.41 1 1
github.com/ctjnkns/nand2tetris/08/vmtranslator/parser/parser.go:52.41,54.3 1 1
github.com/ctjnkns/nand2tetris/08/vmtranslator/parser/parser.go:56.2,57.16 2 1
github.com/ctjnkns/nand2tetris/08/vmtranslator/parser/parser.go:57.16,59.3 1 0
github.com/ctjnkns/nand2tetris/08/vmtranslator/parser/parser.go:61.2,70.15 4 1
github.com/ctjnkns/nand2tetris/08/vmtranslator/parser/parser.go:73.36,76.47 2 1
github.com/ctjnkns/nand2tetris/08/vmtranslator/parser/parser.go:76.47,78.3 1 1
github.com/ctjnkns/nand2tetris/08/vmtranslator/parser/parser.go:80.2,80.12 1 1
github.com/ctjnkns/nand2tetris/08/vmtranslator/parser/parser.go:83.38,85.2 1 1
github.com/ctjnkns/nand2tetris/08/vmtranslator/parser/parser.go:87.28,91.23 3 1
github.com/ctjnkns/nand2tetris/08/vmtranslator/parser/parser.go:91.23,93.45 2 1
github.com/ctjnkns/nand2tetris/08/vmtranslator/parser/parser.go:93.45,95.4 1 1
github.com/ctjnkns/nand2tetris/08/vmtranslator/parser/parser.go:97.3,97.17 1 1
github.com/ctjnkns/nand2tetris/08/vmtranslator/parser/parser.go:97.17,98.12 1 1
github.com/ctjnkns/nand2tetris/08/vmtranslator/parser/parser.go:101.3,103.9 2 1
github.com/ctjnkns/nand2tetris/08/vmtranslator/parser/parser.go:107.45,108.9 1 1
github.com/ctjnkns/nand2tetris/08/vmtranslator/parser/parser.go:109.51,110.21 1 1
github.com/ctjnkns/nand2tetris/08/vmtranslator/parser/parser.go:111.50,112.20 1 1
github.com/ctjnkns/nand2tetris/08/vmtranslator/parser/parser.go:113.52,114.22 1 1
github.com/ctjnkns/nand2tetris/08/vmtranslator/parser/parser.go:115.54,116.19 1 1
github.com/ctjnkns/nand2tetris/08/vmtranslator/parser/parser.go:117.51,118.21 1 1
github.com/ctjnkns/nand2tetris/08/vmtranslator/parser/parser.go:119.51,120.21 1 1
github.com/ctjnkns/nand2tetris/08/vmtranslator/parser/parser.go:121.55,122.25 1 1
github.com/ctjnkns/nand2tetris/08/vmtranslator/parser/parser.go:123.53,124.23 1 1
github.com/ctjnkns/nand2tetris/08/vmtranslator/parser/parser.go:125.61,126.27 1 1
github.com/ctjnkns/nand2tetris/08/vmtranslator/parser/parser.go:127.10,128.69 1 1
github.com/ctjnkns/nand2tetris/08/vmtranslator/parser/parser.go:132.41,134.16 2 1
github.com/ctjnkns/nand2tetris/08/vmtranslator/parser/parser.go:134.16,136.3 1 0
github.com/ctjnkns/nand2tetris/08/vmtranslator/parser/parser.go:138.2,138.15 1 1
github.com/ctjnkns/nand2tetris/08/vmtranslator/parser/parser.go:139.20,140.31 1 1
github.com/ctjnkns/nand2tetris/08/vmtranslator/parser/parser.go:141.64,143.22 2 1
github.com/ctjnkns/nand2tetris/08/vmtranslator/parser/parser.go:143.22,145.4 1 1
github.com/ctjnkns/nand2tetris/08/vmtranslator/parser/parser.go:146.3,146.24 1 1
github.com/ctjnkns/nand2tetris/08/vmtranslator/parser/parser.go:147.10,148.66 1 0
github.com/ctjnkns/nand2tetris/08/vmtranslator/parser/parser.go:152.38,154.16 2 1
github.com/ctjnkns/nand2tetris/08/vmtranslator/parser/parser.go:154.16,156.3 1 0
github.com/ctjnkns/nand2tetris/08/vmtranslator/parser/parser.go:158.2,158.15 1 1
github.com/ctjnkns/nand2tetris/08/vmtranslator/parser/parser.go:159.41,161.22 2 1
github.com/ctjnkns/nand2tetris/08/vmtranslator/parser/parser.go:161.22,163.4 1 1
github.com/ctjnkns/nand2tetris/08/vmtranslator/parser/parser.go:164.3,165.17 2 1
github.com/ctjnkns/nand2tetris/08/vmtranslator/parser/parser.go:165.17,167.4 1 1
github.com/ctjnkns/nand2tetris/08/vmtranslator/parser/parser.go:168.3,168.19 1 1
github.com/ctjnkns/nand2tetris/08/vmtranslator/parser/parser.go:169.10,170.72 1 0
github.com/ctjnkns/nand2tetris/08/vmtranslator/parser/parser.go:174.30,177.2 1 1
github.com/ctjnkns/nand2tetris/08/vmtranslator/main.go:22.60,23.19 1 0
github.com/ctjnkns/nand2tetris/08/vmtranslator/main.go:23.19,25.3 1 0
github.com/ctjnkns/nand2tetris/08/vmtranslator/main.go:27.2,30.16 3 0
github.com/ctjnkns/nand2tetris/08/vmtranslator/main.go:30.16,32.3 1 0
github.com/ctjnkns/nand2tetris/08/vmtranslator/main.go:34.2,35.41 2 0
github.com/ctjnkns/nand2tetris/08/vmtranslator/main.go:35.41,37.17 2 0
github.com/ctjnkns/nand2tetris/08/vmtranslator/main.go:37.17,39.4 1 0
github.com/ctjnkns/nand2tetris/08/vmtranslator/main.go:41.3,41.21 1 0
github.com/ctjnkns/nand2tetris/08/vmtranslator/main.go:44.2,45.16 2 0
github.com/ctjnkns/nand2tetris/08/vmtranslator/main.go:45.16,47.3 1 0
github.com/ctjnkns/nand2tetris/08/vmtranslator/main.go:49.2,52.8 1 0
github.com/ctjnkns/nand2tetris/08/vmtranslator/main.go:55.101,57.16 2 0
github.com/ctjnkns/nand2tetris/08/vmtranslator/main.go:57.16,59.3 1 0
github.com/ctjnkns/nand2tetris/08/vmtranslator/main.go:61.2,61.18 1 0
github.com/ctjnkns/nand2tetris/08/vmtranslator/main.go:61.18,64.17 3 0
github.com/ctjnkns/nand2tetris/08/vmtranslator/main.go:64.17,66.4 1 0
github.com/ctjnkns/nand2tetris/08/vmtranslator/main.go:68.3,68.24 1 0
github.com/ctjnkns/nand2tetris/08/vmtranslator/main.go:68.24,70.4 1 0
github.com/ctjnkns/nand2tetris/08/vmtranslator/main.go:72.3,74.19 3 0
github.com/ctjnkns/nand2tetris/08/vmtranslator/main.go:75.8,78.3 2 0
github.com/ctjnkns/nand2tetris/08/vmtranslator/main.go:80.2,80.41 1 0
github.com/ctjnkns/nand2tetris/08/vmtranslator/main.go:83.13,84.37 1 0
github.com/ctjnkns/nand2tetris/08/vmtranslator/main.go:84.37,86.3 1 0
github.com/ctjnkns/nand2tetris/08/vmtranslator/main.go:89.43,90.39 1 0
github.com/ctjnkns/nand2tetris/08/vmtranslator/main.go:90.39,92.32 2 0
github.com/ctjnkns/nand2tetris/08/vmtranslator/main.go:92.32,96.18 3 0
github.com/ctjnkns/nand2tetris/08/vmtranslator/main.go:96.18,98.5 1 0
github.com/ctjnkns/nand2tetris/08/vmtranslator/main.go:100.4,101.32 2 0
github.com/ctjnkns/nand2tetris/08/vmtranslator/main.go:101.32,103.19 2 0
github.com/ctjnkns/nand2tetris/08/vmtranslator/main.go:103.19,105.6 1 0
github.com/ctjnkns/nand2tetris/08/vmtranslator/main.go:108.4,109.111 2 0
github.com/ctjnkns/nand2tetris/08/vmtranslator/main.go:109.111,111.19 2 0
github.com/ctjnkns/nand2tetris/08/vmtranslator/main.go:111.19,113.6 1 0
github.com/ctjnkns/nand2tetris/08/vmtranslator/main.go:116.4,116.17 1 0
github.com/ctjnkns/nand2tetris/08/vmtranslator/main.go:117.29,118.46 1 0
github.com/ctjnkns/nand2tetris/08/vmtranslator/main.go:119.24,120.41 1 0
github.com/ctjnkns/nand2tetris/08/vmtranslator/main.go:121.21,122.38 1 0
github.com/ctjnkns/nand2tetris/08/vmtranslator/main.go:123.23,124.40 1 0
github.com/ctjnkns/nand2tetris/08/vmtranslator/main.go:125.37,126.56 1 0
github.com/ctjnkns/nand2tetris/08/vmtranslator/main.go:127.23,128.46 1 0
github.com/ctjnkns/nand2tetris/08/vmtranslator/main.go:129.27,130.50 1 0
github.com/ctjnkns/nand2tetris/08/vmtranslator/main.go:131.25,132.38 1 0
github.com/ctjnkns/nand2tetris/08/vmtranslator/main.go:134.4,134.18 1 0
github.com/ctjnkns/nand2tetris/08/vmtranslator/main.go:134.18,136.5 1 0
github.com/ctjnkns/nand2tetris/08/vmtranslator/main.go:139.3,139.41 1 0
github.com/ctjnkns/nand2tetris/08/vmtranslator/main.go:139.41,141.4 1 0
github.com/ctjnkns/nand2tetris/08/vmtranslator/main.go:144.2,144.12 1 0
github.com/ctjnkns/nand2tetris/08/vmtranslator/main.go:147.31,149.16 2 0
github.com/ctjnkns/nand2tetris/08/vmtranslator/main.go:149.16,151.3 1 0
github.com/ctjnkns/nand2tetris/08/vmtranslator/main.go:152.2,154.23 2 0
github.com/ctjnkns/nand2tetris/08/vmtranslator/codewriter/arithmetic.go:5.61,6.17 1 0
github.com/ctjnkns/nand2tetris/08/vmtranslator/codewriter/arithmetic.go:7.13,8.18 1 0
github.com/ctjnkns/nand2tetris/08/vmtranslator/codewriter/arithmetic.go:9.13,10.18 1 0
github.com/ctjnkns/nand2tetris/08/vmtranslator/codewriter/arithmetic.go:11.13,12.18 1 0
github.com/ctjnkns/nand2tetris/08/vmtranslator/codewriter/arithmetic.go:13.12,14.17 1 0
github.com/ctjnkns/nand2tetris/08/vmtranslator/codewriter/arithmetic.go:15.12,16.17 1 0
github.com/ctjnkns/nand2tetris/08/vmtranslator/codewriter/arithmetic.go:17.12,18.17 1 0
github.com/ctjnkns/nand2tetris/08/vmtranslator/codewriter/arithmetic.go:19.12,20.17 1 0
github.com/ctjnkns/nand2tetris/08/vmtranslator/codewriter/arithmetic.go:21.13,22.18 1 0
github.com/ctjnkns/nand2tetris/08/vmtranslator/codewriter/arithmetic.go:23.13,24.18 1 0
github.com/ctjnkns/nand2tetris/08/vmtranslator/codewriter/arithmetic.go:25.10,26.74 1 0
github.com/ctjnkns/nand2tetris/08/vmtranslator/codewriter/arithmetic.go:30.35,32.2 1 0
github.com/ctjnkns/nand2tetris/08/vmtranslator/codewriter/arithmetic.go:34.35,36.2 1 0
github.com/ctjnkns/nand2tetris/08/vmtranslator/codewriter/arithmetic.go:38.35,40.2 1 0
github.com/ctjnkns/nand2tetris/08/vmtranslator/codewriter/arithmetic.go:42.34,44.2 1 0
github.com/ctjnkns/nand2tetris/08/vmtranslator/codewriter/arithmetic.go:46.51,62.2 2 0
github.com/ctjnkns/nand2tetris/08/vmtranslator/codewriter/arithmetic.go:64.34,66.2 1 0
github.com/ctjnkns/nand2tetris/08/vmtranslator/codewriter/arithmetic.go:68.34,70.2 1 0
github.com/ctjnkns/nand2tetris/08/vmtranslator/codewriter/arithmetic.go:72.34,74.2 1 0
github.com/ctjnkns/nand2tetris/08/vmtranslator/codewriter/arithmetic.go:76.55,105.2 3 0
github.com/ctjnkns/nand2tetris/08/vmtranslator/codewriter/arithmetic.go:107.35,109.2 1 0
github.com/ctjnkns/nand2tetris/08/vmtranslator/codewriter/arithmetic.go:111.35,113.2 1 0
github.com/ctjnkns/nand2tetris/08/vmtranslator/codewriter/arithmetic.go:115.50,127.2 2 0
github.com/ctjnkns/nand2tetris/08/vmtranslator/codewriter/branching.go:5.54,12.2 2 0
github.com/ctjnkns/nand2tetris/08/vmtranslator/codewriter/branching.go:14.51,27.2 2 0
github.com/ctjnkns/nand2tetris/08/vmtranslator/codewriter/branching.go:29.53,37.2 2 0
github.com/ctjnkns/nand2tetris/08/vmtranslator/codewriter/code_writer.go:24.51,25.30 1 0
github.com/ctjnkns/nand2tetris/08/vmtranslator/codewriter/code_writer.go:25.30,27.3 1 0
github.com/ctjnkns/nand2tetris/08/vmtranslator/codewriter/code_writer.go:30.99,32.16 2 0
github.com/ctjnkns/nand2tetris/08/vmtranslator/codewriter/code_writer.go:32.16,34.3 1 0
github.com/ctjnkns/nand2tetris/08/vmtranslator/codewriter/code_writer.go:36.2,45.27 3 0
github.com/ctjnkns/nand2tetris/08/vmtranslator/codewriter/code_writer.go:45.27,47.3 1 0
github.com/ctjnkns/nand2tetris/08/vmtranslator/codewriter/code_writer.go:49.2,49.15 1 0
github.com/ctjnkns/nand2tetris/08/vmtranslator/codewriter/code_writer.go:49.15,50.40 1 0
github.com/ctjnkns/nand2tetris/08/vmtranslator/codewriter/code_writer.go:50.40,53.4 2 0
github.com/ctjnkns/nand2tetris/08/vmtranslator/codewriter/code_writer.go:56.2,56.16 1 0
github.com/ctjnkns/nand2tetris/08/vmtranslator/codewriter/code_writer.go:59.48,61.2 1 0
github.com/ctjnkns/nand2tetris/08/vmtranslator/codewriter/code_writer.go:63.41,73.16 3 0
github.com/ctjnkns/nand2tetris/08/vmtranslator/codewriter/code_writer.go:73.16,75.3 1 0
github.com/ctjnkns/nand2tetris/08/vmtranslator/codewriter/code_writer.go:77.2,77.52 1 0
github.com/ctjnkns/nand2tetris/08/vmtranslator/codewriter/code_writer.go:77.52,79.3 1 0
github.com/ctjnkns/nand2tetris/08/vmtranslator/codewriter/code_writer.go:81.2,81.12 1 0
github.com/ctjnkns/nand2tetris/08/vmtranslator/codewriter/code_writer.go:84.56,85.29 1 0
github.com/ctjnkns/nand2tetris/08/vmtranslator/codewriter/code_writer.go:85.29,87.17 2 0
github.com/ctjnkns/nand2tetris/08/vmtranslator/codewriter/code_writer.go:87.17,89.4 1 0
github.com/ctjnkns/nand2tetris/08/vmtranslator/codewriter/code_writer.go:90.3,91.17 2 0
github.com/ctjnkns/nand2tetris/08/vmtranslator/codewriter/code_writer.go:91.17,93.4 1 0
github.com/ctjnkns/nand2tetris/08/vmtranslator/codewriter/code_writer.go:96.2,96.12 1 0
github.com/ctjnkns/nand2tetris/08/vmtranslator/codewriter/code_writer.go:99.31,101.16 2 0
github.com/ctjnkns/nand2tetris/08/vmtranslator/codewriter/code_writer.go:101.16,103.3 1 0
github.com/ctjnkns/nand2tetris/08/vmtranslator/codewriter/code_writer.go:103.8,105.3 1 0
github.com/ctjnkns/nand2tetris/08/vmtranslator/codewriter/code_writer.go:107.2,108.16 2 0
github.com/ctjnkns/nand2tetris/08/vmtranslator/codewriter/code_writer.go:108.16,110.3 1 0
github.com/ctjnkns/nand2tetris/08/vmtranslator/codewriter/function.go:5.73,7.18 2 0
github.com/ctjnkns/nand2tetris/08/vmtranslator/codewriter/function.go:7.18,9.3 1 0
github.com/ctjnkns/nand2tetris/08/vmtranslator/codewriter/function.go:11.2,76.29 4 0
github.com/ctjnkns/nand2tetris/08/vmtranslator/codewriter/function.go:79.75,93.18 4 0
github.com/ctjnkns/nand2tetris/08/vmtranslator/codewriter/function.go:93.18,95.3 1 0
github.com/ctjnkns/nand2tetris/08/vmtranslator/codewriter/function.go:97.2,97.29 1 0
github.com/ctjnkns/nand2tetris/08/vmtranslator/codewriter/function.go:100.43,174.2 2 0
github.com/ctjnkns/nand2tetris/08/vmtranslator/codewriter/memory.go:21.82,22.17 1 0
github.com/ctjnkns/nand2tetris/08/vmtranslator/codewriter/memory.go:23.21,24.18 1 0
github.com/ctjnkns/nand2tetris/08/vmtranslator/codewriter/memory.go:25.19,26.33 1 0
github.com/ctjnkns/nand2tetris/08/vmtranslator/codewriter/memory.go:27.15,28.40 1 0
github.com/ctjnkns/nand2tetris/08/vmtranslator/codewriter/memory.go:29.17,30.40 1 0
github.com/ctjnkns/nand2tetris/08/vmtranslator/codewriter/memory.go:31.18,32.41 1 0
github.com/ctjnkns/nand2tetris/08/vmtranslator/codewriter/memory.go:33.11,34.41 1 0
github.com/ctjnkns/nand2tetris/08/vmtranslator/codewriter/memory.go:36.20,37.18 1 0
github.com/ctjnkns/nand2tetris/08/vmtranslator/codewriter/memory.go:38.15,39.39 1 0
github.com/ctjnkns/nand2tetris/08/vmtranslator/codewriter/memory.go:40.17,41.39 1 0
github.com/ctjnkns/nand2tetris/08/vmtranslator/codewriter/memory.go:42.18,43.40 1 0
github.com/ctjnkns/nand2tetris/08/vmtranslator/codewriter/memory.go:44.11,45.40 1 0
github.com/ctjnkns/nand2tetris/08/vmtranslator/codewriter/memory.go:47.10,48.69 1 0
github.com/ctjnkns/nand2tetris/08/vmtranslator/codewriter/memory.go:52.67,67.2 3 0
github.com/ctjnkns/nand2tetris/08/vmtranslator/codewriter/memory.go:69.68,71.15 2 0
github.com/ctjnkns/nand2tetris/08/vmtranslator/codewriter/memory.go:72.9,73.19 1 0
github.com/ctjnkns/nand2tetris/08/vmtranslator/codewriter/memory.go:74.9,75.19 1 0
github.com/ctjnkns/nand2tetris/08/vmtranslator/codewriter/memory.go:76.10,77.69 1 0
github.com/ctjnkns/nand2tetris/08/vmtranslator/codewriter/memory.go:80.2,92.29 2 0
github.com/ctjnkns/nand2tetris/08/vmtranslator/codewriter/memory.go:95.53,110.2 2 0
github.com/ctjnkns/nand2tetris/08/vmtranslator/codewriter/memory.go:112.67,114.9 2 0
github.com/ctjnkns/nand2tetris/08/vmtranslator/codewriter/memory.go:114.9,116.3 1 0
github.com/ctjnkns/nand2tetris/08/vmtranslator/codewriter/memory.go:118.2,133.29 2 0
github.com/ctjnkns/nand2tetris/08/vmtranslator/codewriter/memory.go:136.68,138.9 2 0
github.com/ctjnkns/nand2tetris/08/vmtranslator/codewriter/memory.go:138.9,140.3 1 0
github.com/ctjnkns/nand2tetris/08/vmtranslator/codewriter/memory.go:142.2,157.29 2 0
github.com/ctjnkns/nand2tetris/08/vmtranslator/codewriter/memory.go:160.66,174.2 3 0
github.com/ctjnkns/nand2tetris/08/vmtranslator/codewriter/memory.go:176.67,178.15 2 0
github.com/ctjnkns/nand2tetris/08/vmtranslator/codewriter/memory.go:179.9,180.19 1 0
github.com/ctjnkns/nand2tetris/08/vmtranslator/codewriter/memory.go:181.9,182.19 1 0
github.com/ctjnkns/nand2tetris/08/vmtranslator/codewriter/memory.go:183.10,184.69 1 0
github.com/ctjnkns/nand2tetris/08/vmtranslator/codewriter/memory.go:187.2,199.29 2 0
github.com/ctjnkns/nand2tetris/08/vmtranslator/codewriter/memory.go:202.66,204.9 2 0
github.com/ctjnkns/nand2tetris/08/vmtranslator/codewriter/memory.go:204.9,206.3 1 0
github.com/ctjnkns/nand2tetris/08/vmtranslator/codewriter/memory.go:208.2,228.29 2 0
github.com/ctjnkns/nand2tetris/08/vmtranslator/codewriter/memory.go:231.67,233.9 2 0
github.com/ctjnkns/nand2tetris/08/vmtranslator/codewriter/memory.go:233.9,235.3 1 0
github.com/ctjnkns/nand2tetris/08/vmtranslator/codewriter/memory.go:237.2,257.29 2 0
github.com/ctjnkns/nand2tetris/08/vmtranslator/parser/parser.go:51.50,52.41 1 1
github.com/ctjnkns/nand2tetris/08/vmtranslator/parser/parser.go:52.41,54.3 1 1
github.com/ctjnkns/nand2tetris/08/vmtranslator/parser/parser.go:56.2,57.16 2 1
github.com/ctjnkns/nand2tetris/08/vmtranslator/parser/parser.go:57.16,59.3 1 1
github.com/ctjnkns/nand2tetris/08/vmtranslator/parser/parser.go:61.2,70.15 4 0
github.com/ctjnkns/nand2tetris/08/vmtranslator/parser/parser.go:73.36,76.47 2 1
github.com/ctjnkns/nand2tetris/08/vmtranslator/parser/parser.go:76.47,78.3 1 1
github.com/ctjnkns/nand2tetris/08/vmtranslator/parser/parser.go:80.2,80.12 1 1
github.com/ctjnkns/nand2tetris/08/vmtranslator/parser/parser.go:83.38,85.2 1 0
github.com/ctjnkns/nand2tetris/08/vmtranslator/parser/parser.go:87.28,91.23 3 0
github.com/ctjnkns/nand2tetris/08/vmtranslator/parser/parser.go:91.23,93.45 2 0
github.com/ctjnkns/nand2tetris/08/vmtranslator/parser/parser.go:93.45,95.4 1 0
github.com/ctjnkns/nand2tetris/08/vmtranslator/parser/parser.go:97.3,97.17 1 0
github.com/ctjnkns/nand2tetris/08/vmtranslator/parser/parser.go:97.17,98.12 1 0
github.com/ctjnkns/nand2tetris/08/vmtranslator/parser/parser.go:101.3,103.9 2 0
github.com/ctjnkns/nand2tetris/08/vmtranslator/parser/parser.go:107.45,108.9 1 1
github.com/ctjnkns/nand2tetris/08/vmtranslator/parser/parser.go:109.51,110.21 1 0
github.com/ctjnkns/nand2tetris/08/vmtranslator/parser/parser.go:111.50,112.20 1 0
github.com/ctjnkns/nand2tetris/08/vmtranslator/parser/parser.go:113.52,114.22 1 1
github.com/ctjnkns/nand2tetris/08/vmtranslator/parser/parser.go:115.54,116.19 1 0
github.com/ctjnkns/nand2tetris/08/vmtranslator/parser/parser.go:117.51,118.21 1 0
github.com/ctjnkns/nand2tetris/08/vmtranslator/parser/parser.go:119.51,120.21 1 0
github.com/ctjnkns/nand2tetris/08/vmtranslator/parser/parser.go:121.55,122.25 1 0
github.com/ctjnkns/nand2tetris/08/vmtranslator/parser/parser.go:123.53,124.23 1 1
github.com/ctjnkns/nand2tetris/08/vmtranslator/parser/parser.go:125.61,126.27 1 0
github.com/ctjnkns/nand2tetris/08/vmtranslator/parser/parser.go:127.10,128.69 1 1
github.com/ctjnkns/nand2tetris/08/vmtranslator/parser/parser.go:132.41,134.16 2 1
github.com/ctjnkns/nand2tetris/08/vmtranslator/parser/parser.go:134.16,136.3 1 1
github.com/ctjnkns/nand2tetris/08/vmtranslator/parser/parser.go:138.2,138.15 1 1
github.com/ctjnkns/nand2tetris/08/vmtranslator/parser/parser.go:139.20,140.31 1 0
github.com/ctjnkns/nand2tetris/08/vmtranslator/parser/parser.go:141.64,143.22 2 0
github.com/ctjnkns/nand2tetris/08/vmtranslator/parser/parser.go:143.22,145.4 1 0
github.com/ctjnkns/nand2tetris/08/vmtranslator/parser/parser.go:146.3,146.24 1 0
github.com/ctjnkns/nand2tetris/08/vmtranslator/parser/parser.go:147.10,148.66 1 1
github.com/ctjnkns/nand2tetris/08/vmtranslator/parser/parser.go:152.38,154.16 2 1
github.com/ctjnkns/nand2tetris/08/vmtranslator/parser/parser.go:154.16,156.3 1 1
github.com/ctjnkns/nand2tetris/08/vmtranslator/parser/parser.go:158.2,158.15 1 1
github.com/ctjnkns/nand2tetris/08/vmtranslator/parser/parser.go:159.41,161.22 2 0
github.com/ctjnkns/nand2tetris/08/vmtranslator/parser/parser.go:161.22,163.4 1 0
github.com/ctjnkns/nand2tetris/08/vmtranslator/parser/parser.go:164.3,165.17 2 0
github.com/ctjnkns/nand2tetris/08/vmtranslator/parser/parser.go:165.17,167.4 1 0
github.com/ctjnkns/nand2tetris/08/vmtranslator/parser/parser.go:168.3,168.19 1 0
github.com/ctjnkns/nand2tetris/08/vmtranslator/parser/parser.go:169.10,170.72 1 1
github.com/ctjnkns/nand2tetris/08/vmtranslator/parser/parser.go:174.30,177.2 1 1
